Test: test_end_to_end_workflow
Path: /home/trim/Documents/operations/tests/system/multiagent/test_end_to_end_workflow.ts
Success: false
Exit Code: 1

--- Output ---



--- Errors ---

/home/trim/Documents/operations/node_modules/ts-node/src/index.ts:859
    return new TSError(diagnosticText, diagnosticCodes, diagnostics);
           ^
TSError: тип Unable to compile TypeScript:
system/multiagent/test_end_to_end_workflow.ts(140,45): error TS2345: Argument of type '{ agentRegistry: AgentRegistry; taskManager: TaskManager; sharedState: SharedStateManager; promptManager: PromptManager; openAIClient: OpenAIClient; }' is not assignable to parameter of type 'string'.
system/multiagent/test_end_to_end_workflow.ts(213,9): error TS2353: Object literal may only specify known properties, and 'dependencies' does not exist in type 'Partial<Task>'.
system/multiagent/test_end_to_end_workflow.ts(251,9): error TS2353: Object literal may only specify known properties, and 'outcome' does not exist in type 'TaskResult'.
system/multiagent/test_end_to_end_workflow.ts(255,71): error TS2339: Property 'findings' does not exist on type '{ query: string; results: string; sources?: string[] | undefined; confidence: number; processingTime: number; cached?: boolean | undefined; }'.
system/multiagent/test_end_to_end_workflow.ts(288,9): error TS2353: Object literal may only specify known properties, and 'outcome' does not exist in type 'TaskResult'.
system/multiagent/test_end_to_end_workflow.ts(314,45): error TS2339: Property 'findings' does not exist on type '{ query: string; results: string; sources?: string[] | undefined; confidence: number; processingTime: number; cached?: boolean | undefined; }'.

    at createTSError (/home/trim/Documents/operations/node_modules/ts-node/src/index.ts:859:12)
    at reportTSError (/home/trim/Documents/operations/node_modules/ts-node/src/index.ts:863:19)
    at getOutput (/home/trim/Documents/operations/node_modules/ts-node/src/index.ts:1077:36)
    at Object.compile (/home/trim/Documents/operations/node_modules/ts-node/src/index.ts:1433:41)
    at Module.m._compile (/home/trim/Documents/operations/node_modules/ts-node/src/index.ts:1617:30)
    at Module._extensions..js (node:internal/modules/cjs/loader:1422:10)
    at Object.require.extensions.<computed> [as .ts] (/home/trim/Documents/operations/node_modules/ts-node/src/index.ts:1621:12)
    at Module.load (node:internal/modules/cjs/loader:1203:32)
    at Function.Module._load (node:internal/modules/cjs/loader:1019:12)
    at Function.executeUserEntryPoint [as runMain] (node:internal/modules/run_main:128:12) {
  diagnosticCodes: [ 2345, 2353, 2353, 2339, 2353, 2339 ]
}
