[2025-03-28T18:36:10.169Z] Starting test run test-run-2025-03-28T18-36-10.168Z
[2025-03-28T18:36:10.171Z] Analyzing source files...
[2025-03-28T18:36:10.174Z] Found 22 source components
[2025-03-28T18:36:10.176Z] Analyzing test files...
[2025-03-28T18:36:10.176Z] Found 6 test files
[2025-03-28T18:36:10.176Z] Verifying components...
[2025-03-28T18:36:10.177Z] Running command: node /home/trim/Documents/operations/tests/temp-verification.js
[2025-03-28T18:36:10.209Z] [STDOUT] Verifying multiagent system components...
[2025-03-28T18:36:10.210Z] [STDOUT] ✓ TaskManager: 447 lines, has required methods: Yes
✓ SharedStateManager: 278 lines, has required methods: Yes
[2025-03-28T18:36:10.210Z] [STDOUT] ✓ AgentRegistry: 466 lines, has required methods: Yes
✓ MultiAgentCoordinator: 758 lines, has required methods: Yes
[2025-03-28T18:36:10.210Z] [STDOUT] ✓ ResearchAgent: 470 lines, has required methods: Yes
[2025-03-28T18:36:10.211Z] [STDOUT] ✓ CreativeWritingAgent: 511 lines, has required methods: Yes
[2025-03-28T18:36:10.211Z] [STDOUT] ✓ unit tests: 3 files
[2025-03-28T18:36:10.211Z] [STDOUT] - test_openai_client.ts: 245 lines
[2025-03-28T18:36:10.211Z] [STDOUT] - test_shared_state_manager.ts: 325 lines
[2025-03-28T18:36:10.211Z] [STDOUT] - test_task_manager.ts: 504 lines
[2025-03-28T18:36:10.212Z] [STDOUT] ✓ integration tests: 2 files
[2025-03-28T18:36:10.212Z] [STDOUT] - test_agent_coordination.ts: 417 lines
[2025-03-28T18:36:10.212Z] [STDOUT] - test_coordinator_and_registry.ts: 259 lines
[2025-03-28T18:36:10.212Z] [STDOUT] ✓ system tests: 1 files
[2025-03-28T18:36:10.213Z] [STDOUT] - test_end_to_end_workflow.ts: 338 lines
[2025-03-28T18:36:10.217Z] Command exited with code 0
[2025-03-28T18:36:10.218Z] Executing component tests...
[2025-03-28T18:36:10.218Z] Running 3 unit tests...
[2025-03-28T18:36:10.218Z] Running test: test_openai_client
[2025-03-28T18:36:10.218Z] Running command: npx ts-node --project /home/trim/Documents/operations/tests/tsconfig.json /home/trim/Documents/operations/tests/unit/multiagent/test_openai_client.ts
[2025-03-28T18:36:11.944Z] [STDERR] /home/trim/Documents/operations/node_modules/ts-node/dist/index.js:851
            return old(m, filename);
                   ^
[2025-03-28T18:36:11.946Z] [STDERR] Error [ERR_REQUIRE_ESM]: require() of ES Module /home/trim/Documents/operations/node_modules/chai/chai.js from /home/trim/Documents/operations/tests/unit/multiagent/test_openai_client.ts not supported.
Instead change the require of chai.js in /home/trim/Documents/operations/tests/unit/multiagent/test_openai_client.ts to a dynamic import() which is available in all CommonJS modules.
    at require.extensions.<computed> [as .js] (/home/trim/Documents/operations/node_modules/ts-node/dist/index.js:851:20)
    at Object.<anonymous> (/home/trim/Documents/operations/tests/unit/multiagent/test_openai_client.ts:6:16)
    at m._compile (/home/trim/Documents/operations/node_modules/ts-node/dist/index.js:857:29)
    at require.extensions.<computed> [as .ts] (/home/trim/Documents/operations/node_modules/ts-node/dist/index.js:859:16)
    at phase4 (/home/trim/Documents/operations/node_modules/ts-node/dist/bin.js:466:20)
    at bootstrap (/home/trim/Documents/operations/node_modules/ts-node/dist/bin.js:54:12)
    at main (/home/trim/Documents/operations/node_modules/ts-node/dist/bin.js:33:12)
    at Object.<anonymous> (/home/trim/Documents/operations/node_modules/ts-node/dist/bin.js:579:5) {
  code: 'ERR_REQUIRE_ESM'
}
[2025-03-28T18:36:11.974Z] Command exited with code 1
[2025-03-28T18:36:11.975Z] ❌ Test test_openai_client failed with exit code 1
[2025-03-28T18:36:11.975Z] Running test: test_shared_state_manager
[2025-03-28T18:36:11.975Z] Running command: npx ts-node --project /home/trim/Documents/operations/tests/tsconfig.json /home/trim/Documents/operations/tests/unit/multiagent/test_shared_state_manager.ts
[2025-03-28T18:36:13.578Z] [STDERR] /home/trim/Documents/operations/node_modules/ts-node/src/index.ts:859
    return new TSError(diagnosticText, diagnosticCodes, diagnostics);
           ^
[2025-03-28T18:36:13.580Z] [STDERR] TSError: ⨯ Unable to compile TypeScript:
unit/multiagent/test_shared_state_manager.ts(189,47): error TS2554: Expected 1 arguments, but got 2.
unit/multiagent/test_shared_state_manager.ts(218,45): error TS2554: Expected 1 arguments, but got 2.
unit/multiagent/test_shared_state_manager.ts(237,9): error TS2554: Expected 2 arguments, but got 3.
unit/multiagent/test_shared_state_manager.ts(272,9): error TS2554: Expected 2 arguments, but got 3.
unit/multiagent/test_shared_state_manager.ts(297,42): error TS2345: Argument of type 'Promise<any>' is not assignable to parameter of type 'string'.
unit/multiagent/test_shared_state_manager.ts(297,55): error TS2554: Expected 1 arguments, but got 0.

    at createTSError (/home/trim/Documents/operations/node_modules/ts-node/src/index.ts:859:12)
    at reportTSError (/home/trim/Documents/operations/node_modules/ts-node/src/index.ts:863:19)
    at getOutput (/home/trim/Documents/operations/node_modules/ts-node/src/index.ts:1077:36)
    at Object.compile (/home/trim/Documents/operations/node_modules/ts-node/src/index.ts:1433:41)
    at Module.m._compile (/home/trim/Documents/operations/node_modules/ts-node/src/index.ts:1617:30)
    at Module._extensions..js (node:internal/modules/cjs/loader:1422:10)
    at Object.require.extensions.<computed> [as .ts] (/home/trim/Documents/operations/node_modules/ts-node/src/index.ts:1621:12)
    at Module.load (node:internal/modules/cjs/loader:1203:32)
    at Function.Module._load (node:internal/modules/cjs/loader:1019:12)
    at Function.executeUserEntryPoint [as runMain] (node:internal/modules/run_main:128:12) {
  diagnosticCodes: [ 2554, 2554, 2554, 2554, 2345, 2554 ]
}
[2025-03-28T18:36:13.608Z] Command exited with code 1
[2025-03-28T18:36:13.608Z] ❌ Test test_shared_state_manager failed with exit code 1
[2025-03-28T18:36:13.608Z] Running test: test_task_manager
[2025-03-28T18:36:13.608Z] Running command: npx ts-node --project /home/trim/Documents/operations/tests/tsconfig.json /home/trim/Documents/operations/tests/unit/multiagent/test_task_manager.ts
[2025-03-28T18:36:15.285Z] [STDERR] /home/trim/Documents/operations/node_modules/ts-node/src/index.ts:859
    return new TSError(diagnosticText, diagnosticCodes, diagnostics);
           ^
[2025-03-28T18:36:15.287Z] [STDERR] TSError: ⨯ Unable to compile TypeScript:
unit/multiagent/test_task_manager.ts(5,16): error TS2305: Module '"../../../src/core/multiagent/types"' has no exported member 'TaskStatus'.
unit/multiagent/test_task_manager.ts(5,28): error TS2305: Module '"../../../src/core/multiagent/types"' has no exported member 'TaskPriority'.
unit/multiagent/test_task_manager.ts(103,9): error TS2322: Type '"normal"' is not assignable to type '"high" | "low" | "medium" | "critical" | undefined'.
unit/multiagent/test_task_manager.ts(179,9): error TS2322: Type '"normal"' is not assignable to type '"high" | "low" | "medium" | "critical" | undefined'.
unit/multiagent/test_task_manager.ts(198,51): error TS2561: Object literal may only specify known properties, but 'type' does not exist in type 'TaskFilter'. Did you mean to write 'types'?
unit/multiagent/test_task_manager.ts(206,51): error TS2322: Type 'string' is not assignable to type '("pending" | "assigned" | "in-progress" | "completed" | "failed" | "cancelled")[]'.
unit/multiagent/test_task_manager.ts(212,51): error TS2322: Type 'string' is not assignable to type '("high" | "low" | "medium" | "critical")[]'.
unit/multiagent/test_task_manager.ts(226,9): error TS2322: Type 'string' is not assignable to type '("pending" | "assigned" | "in-progress" | "completed" | "failed" | "cancelled")[]'.
unit/multiagent/test_task_manager.ts(252,19): error TS2551: Property 'assignedAt' does not exist on type 'Task'. Did you mean 'assignedTo'?
unit/multiagent/test_task_manager.ts(265,19): error TS2551: Property 'assignedAt' does not exist on type 'Task'. Did you mean 'assignedTo'?
unit/multiagent/test_task_manager.ts(280,48): error TS2353: Object literal may only specify known properties, and 'outcome' does not exist in type 'TaskResult'.
unit/multiagent/test_task_manager.ts(308,19): error TS2339: Property 'startedAt' does not exist on type 'Task'.
unit/multiagent/test_task_manager.ts(321,46): error TS2345: Argument of type '{ outcome: string; data: { key: string; }; }' is not assignable to parameter of type 'TaskResult'.
  Property 'success' is missing in type '{ outcome: string; data: { key: string; }; }' but required in type 'TaskResult'.
unit/multiagent/test_task_manager.ts(325,19): error TS2339: Property 'completedAt' does not exist on type 'Task'.
unit/multiagent/test_task_manager.ts(339,42): error TS2345: Argument of type '{ message: string; details: { reason: string; }; }' is not assignable to parameter of type 'Error'.
  Property 'name' is missing in type '{ message: string; details: { reason: string; }; }' but required in type 'Error'.
unit/multiagent/test_task_manager.ts(343,19): error TS2339: Property 'completedAt' does not exist on type 'Task'.
unit/multiagent/test_task_manager.ts(344,19): error TS2339: Property 'error' does not exist on type 'Task'.
unit/multiagent/test_task_manager.ts(350,44): error TS2554: Expected 1 arguments, but got 2.
unit/multiagent/test_task_manager.ts(354,19): error TS2339: Property 'cancelledAt' does not exist on type 'Task'.
unit/multiagent/test_task_manager.ts(355,19): error TS2339: Property 'cancelReason' does not exist on type 'Task'.
unit/multiagent/test_task_manager.ts(359,44): error TS2554: Expected 1 arguments, but got 2.
unit/multiagent/test_task_manager.ts(362,50): error TS2353: Object literal may only specify known properties, and 'outcome' does not exist in type 'TaskResult'.
unit/multiagent/test_task_manager.ts(383,9): error TS2353: Object literal may only specify known properties, and 'dependencies' does not exist in type 'Partial<Task>'.
unit/multiagent/test_task_manager.ts(395,54): error TS2353: Object literal may only specify known properties, and 'outcome' does not exist in type 'TaskResult'.
unit/multiagent/test_task_manager.ts(411,54): error TS2353: Object literal may only specify known properties, and 'outcome' does not exist in type 'TaskResult'.
unit/multiagent/test_task_manager.ts(427,9): error TS2353: Object literal may only specify known properties, and 'dependencies' does not exist in type 'Partial<Task>'.
unit/multiagent/test_task_manager.ts(432,9): error TS2353: Object literal may only specify known properties, and 'dependencies' does not exist in type 'Partial<Task>'.
unit/multiagent/test_task_manager.ts(476,53): error TS2353: Object literal may only specify known properties, and 'outcome' does not exist in type 'TaskResult'.
unit/multiagent/test_task_manager.ts(484,44): error TS2345: Argument of type '{ message: string; }' is not assignable to parameter of type 'Error'.
  Property 'name' is missing in type '{ message: string; }' but required in type 'Error'.
unit/multiagent/test_task_manager.ts(490,49): error TS2554: Expected 1 arguments, but got 2.
unit/multiagent/test_task_manager.ts(494,40): error TS2339: Property 'countTasksByStatus' does not exist on type 'TaskManager'.

    at createTSError (/home/trim/Documents/operations/node_modules/ts-node/src/index.ts:859:12)
    at reportTSError (/home/trim/Documents/operations/node_modules/ts-node/src/index.ts:863:19)
    at getOutput (/home/trim/Documents/operations/node_modules/ts-node/src/index.ts:1077:36)
    at Object.compile (/home/trim/Documents/operations/node_modules/ts-node/src/index.ts:1433:41)
    at Module.m._compile (/home/trim/Documents/operations/node_modules/ts-node/src/index.ts:1617:30)
    at Module._extensions..js (node:internal/modules/cjs/loader:1422:10)
    at Object.require.extensions.<computed> [as .ts] (/home/trim/Documents/operations/node_modules/ts-node/src/index.ts:1621:12)
    at Module.load (node:internal/modules/cjs/loader:1203:32)
    at Function.Module._load (node:internal/modules/cjs/loader:1019:12)
    at Function.executeUserEntryPoint [as runMain] (node:internal/modules/run_main:128:12) {
  diagnosticCodes: [
    2305, 2305, 2322, 2322, 2561,
    2322, 2322, 2322, 2551, 2551,
    2353, 2339, 2345, 2339, 2345,
    2339, 2339, 2554, 2339, 2339,
    2554, 2353, 2353, 2353, 2353,
    2353, 2353, 2353, 2345, 2554,
    2339
  ]
}
[2025-03-28T18:36:15.315Z] Command exited with code 1
[2025-03-28T18:36:15.315Z] ❌ Test test_task_manager failed with exit code 1
[2025-03-28T18:36:15.316Z] Running 2 integration tests...
[2025-03-28T18:36:15.316Z] Running test: test_agent_coordination
[2025-03-28T18:36:15.316Z] Running command: npx ts-node --project /home/trim/Documents/operations/tests/tsconfig.json /home/trim/Documents/operations/tests/integration/multiagent/test_agent_coordination.ts
[2025-03-28T18:36:17.123Z] [STDERR] /home/trim/Documents/operations/node_modules/ts-node/src/index.ts:859
    return new TSError(diagnosticText, diagnosticCodes, diagnostics);
           ^
[2025-03-28T18:36:17.125Z] [STDERR] TSError: ⨯ Unable to compile TypeScript:
integration/multiagent/test_agent_coordination.ts(70,45): error TS2345: Argument of type '{ agentRegistry: AgentRegistry; taskManager: TaskManager; sharedState: SharedStateManager; promptManager: PromptManager; openAIClient: OpenAIClient; }' is not assignable to parameter of type 'string'.
integration/multiagent/test_agent_coordination.ts(130,48): error TS2339: Property 'findAgentsByCapability' does not exist on type 'MultiAgentCoordinator'.
integration/multiagent/test_agent_coordination.ts(131,47): error TS2339: Property 'findAgentsByCapability' does not exist on type 'MultiAgentCoordinator'.
integration/multiagent/test_agent_coordination.ts(135,34): error TS7006: Parameter 'a' implicitly has an 'any' type.
integration/multiagent/test_agent_coordination.ts(136,34): error TS7006: Parameter 'a' implicitly has an 'any' type.
integration/multiagent/test_agent_coordination.ts(139,33): error TS7006: Parameter 'a' implicitly has an 'any' type.
integration/multiagent/test_agent_coordination.ts(140,33): error TS7006: Parameter 'a' implicitly has an 'any' type.
integration/multiagent/test_agent_coordination.ts(143,48): error TS2345: Argument of type 'string | null' is not assignable to parameter of type 'string'.
  Type 'null' is not assignable to type 'string'.
integration/multiagent/test_agent_coordination.ts(160,25): error TS2339: Property 'updateAgentStatus' does not exist on type 'MultiAgentCoordinator'.
integration/multiagent/test_agent_coordination.ts(163,48): error TS2345: Argument of type 'string | null' is not assignable to parameter of type 'string'.
  Type 'null' is not assignable to type 'string'.
integration/multiagent/test_agent_coordination.ts(167,62): error TS2322: Type 'string' is not assignable to type 'string[]'.
integration/multiagent/test_agent_coordination.ts(177,7): error TS2322: Type 'string | null' is not assignable to type 'string'.
  Type 'null' is not assignable to type 'string'.
integration/multiagent/test_agent_coordination.ts(189,51): error TS2345: Argument of type '{ type: string; description: string; priority: "high"; }' is not assignable to parameter of type 'Omit<Task, "id" | "status" | "createdAt" | "updatedAt">'.
  Property 'title' is missing in type '{ type: string; description: string; priority: "high"; }' but required in type 'Omit<Task, "id" | "status" | "createdAt" | "updatedAt">'.
integration/multiagent/test_agent_coordination.ts(196,25): error TS2339: Property 'assignTaskToAgent' does not exist on type 'MultiAgentCoordinator'.
integration/multiagent/test_agent_coordination.ts(199,46): error TS2345: Argument of type 'string | null' is not assignable to parameter of type 'string'.
  Type 'null' is not assignable to type 'string'.
integration/multiagent/test_agent_coordination.ts(204,25): error TS2339: Property 'startTask' does not exist on type 'MultiAgentCoordinator'.
integration/multiagent/test_agent_coordination.ts(207,53): error TS2345: Argument of type 'string | null' is not assignable to parameter of type 'string'.
  Type 'null' is not assignable to type 'string'.
integration/multiagent/test_agent_coordination.ts(211,25): error TS2339: Property 'completeTask' does not exist on type 'MultiAgentCoordinator'.
integration/multiagent/test_agent_coordination.ts(214,55): error TS2345: Argument of type 'string | null' is not assignable to parameter of type 'string'.
  Type 'null' is not assignable to type 'string'.
integration/multiagent/test_agent_coordination.ts(220,57): error TS2345: Argument of type '{ type: string; description: string; priority: "high"; }' is not assignable to parameter of type 'Omit<Task, "id" | "status" | "createdAt" | "updatedAt">'.
  Property 'title' is missing in type '{ type: string; description: string; priority: "high"; }' but required in type 'Omit<Task, "id" | "status" | "createdAt" | "updatedAt">'.
integration/multiagent/test_agent_coordination.ts(231,9): error TS2353: Object literal may only specify known properties, and 'dependencies' does not exist in type 'Omit<Task, "id" | "status" | "createdAt" | "updatedAt">'.
integration/multiagent/test_agent_coordination.ts(235,39): error TS2339: Property 'areDependenciesSatisfied' does not exist on type 'MultiAgentCoordinator'.
integration/multiagent/test_agent_coordination.ts(239,25): error TS2339: Property 'assignTaskToAgent' does not exist on type 'MultiAgentCoordinator'.
integration/multiagent/test_agent_coordination.ts(240,25): error TS2339: Property 'startTask' does not exist on type 'MultiAgentCoordinator'.
integration/multiagent/test_agent_coordination.ts(241,25): error TS2339: Property 'completeTask' does not exist on type 'MultiAgentCoordinator'.
integration/multiagent/test_agent_coordination.ts(244,50): error TS2339: Property 'areDependenciesSatisfied' does not exist on type 'MultiAgentCoordinator'.
integration/multiagent/test_agent_coordination.ts(248,44): error TS2339: Property 'getReadyTasks' does not exist on type 'MultiAgentCoordinator'.
integration/multiagent/test_agent_coordination.ts(249,30): error TS7006: Parameter 't' implicitly has an 'any' type.
integration/multiagent/test_agent_coordination.ts(275,25): error TS2339: Property 'setState' does not exist on type 'MultiAgentCoordinator'.
integration/multiagent/test_agent_coordination.ts(281,25): error TS2339: Property 'setState' does not exist on type 'MultiAgentCoordinator'.
integration/multiagent/test_agent_coordination.ts(282,25): error TS2339: Property 'setState' does not exist on type 'MultiAgentCoordinator'.
integration/multiagent/test_agent_coordination.ts(285,38): error TS2339: Property 'getState' does not exist on type 'MultiAgentCoordinator'.
integration/multiagent/test_agent_coordination.ts(289,38): error TS2339: Property 'getState' does not exist on type 'MultiAgentCoordinator'.
integration/multiagent/test_agent_coordination.ts(290,38): error TS2339: Property 'getState' does not exist on type 'MultiAgentCoordinator'.
integration/multiagent/test_agent_coordination.ts(300,19): error TS2339: Property 'watchState' does not exist on type 'MultiAgentCoordinator'.
integration/multiagent/test_agent_coordination.ts(303,25): error TS2339: Property 'setState' does not exist on type 'MultiAgentCoordinator'.
integration/multiagent/test_agent_coordination.ts(306,25): error TS2339: Property 'setState' does not exist on type 'MultiAgentCoordinator'.
integration/multiagent/test_agent_coordination.ts(314,19): error TS2339: Property 'unwatchState' does not exist on type 'MultiAgentCoordinator'.
integration/multiagent/test_agent_coordination.ts(317,25): error TS2339: Property 'setState' does not exist on type 'MultiAgentCoordinator'.
integration/multiagent/test_agent_coordination.ts(330,7): error TS2322: Type 'string | null' is not assignable to type 'string'.
  Type 'null' is not assignable to type 'string'.
integration/multiagent/test_agent_coordination.ts(339,7): error TS2322: Type 'string | null' is not assignable to type 'string'.
  Type 'null' is not assignable to type 'string'.
integration/multiagent/test_agent_coordination.ts(351,59): error TS2345: Argument of type '{ type: string; description: string; priority: "high"; }' is not assignable to parameter of type 'Omit<Task, "id" | "status" | "createdAt" | "updatedAt">'.
  Property 'title' is missing in type '{ type: string; description: string; priority: "high"; }' but required in type 'Omit<Task, "id" | "status" | "createdAt" | "updatedAt">'.
integration/multiagent/test_agent_coordination.ts(362,9): error TS2353: Object literal may only specify known properties, and 'dependencies' does not exist in type 'Omit<Task, "id" | "status" | "createdAt" | "updatedAt">'.
integration/multiagent/test_agent_coordination.ts(366,25): error TS2339: Property 'assignTaskToAgent' does not exist on type 'MultiAgentCoordinator'.
integration/multiagent/test_agent_coordination.ts(369,25): error TS2339: Property 'assignTaskToAgent' does not exist on type 'MultiAgentCoordinator'.
integration/multiagent/test_agent_coordination.ts(372,25): error TS2339: Property 'startTask' does not exist on type 'MultiAgentCoordinator'.
integration/multiagent/test_agent_coordination.ts(375,25): error TS2339: Property 'setState' does not exist on type 'MultiAgentCoordinator'.
integration/multiagent/test_agent_coordination.ts(381,25): error TS2339: Property 'completeTask' does not exist on type 'MultiAgentCoordinator'.
integration/multiagent/test_agent_coordination.ts(390,41): error TS2339: Property 'areDependenciesSatisfied' does not exist on type 'MultiAgentCoordinator'.
integration/multiagent/test_agent_coordination.ts(394,25): error TS2339: Property 'startTask' does not exist on type 'MultiAgentCoordinator'.
integration/multiagent/test_agent_coordination.ts(397,25): error TS2339: Property 'setState' does not exist on type 'MultiAgentCoordinator'.
integration/multiagent/test_agent_coordination.ts(402,25): error TS2339: Property 'completeTask' does not exist on type 'MultiAgentCoordinator'.
integration/multiagent/test_agent_coordination.ts(410,54): error TS2345: Argument of type 'string | null' is not assignable to parameter of type 'string'.
  Type 'null' is not assignable to type 'string'.
integration/multiagent/test_agent_coordination.ts(411,53): error TS2345: Argument of type 'string | null' is not assignable to parameter of type 'string'.
  Type 'null' is not assignable to type 'string'.

    at createTSError (/home/trim/Documents/operations/node_modules/ts-node/src/index.ts:859:12)
    at reportTSError (/home/trim/Documents/operations/node_modules/ts-node/src/index.ts:863:19)
    at getOutput (/home/trim/Documents/operations/node_modules/ts-node/src/index.ts:1077:36)
    at Object.compile (/home/trim/Documents/operations/node_modules/ts-node/src/index.ts:1433:41)
    at Module.m._compile (/home/trim/Documents/operations/node_modules/ts-node/src/index.ts:1617:30)
    at Module._extensions..js (node:internal/modules/cjs/loader:1422:10)
    at Object.require.extensions.<computed> [as .ts] (/home/trim/Documents/operations/node_modules/ts-node/src/index.ts:1621:12)
    at Module.load (node:internal/modules/cjs/loader:1203:32)
    at Function.Module._load (node:internal/modules/cjs/loader:1019:12)
    at Function.executeUserEntryPoint [as runMain] (node:internal/modules/run_main:128:12) {
  diagnosticCodes: [
    2345, 2339, 2339, 7006, 7006, 7006, 7006,
    2345, 2339, 2345, 2322, 2322, 2345, 2339,
    2345, 2339, 2345, 2339, 2345, 2345, 2353,
    2339, 2339, 2339, 2339, 2339, 2339, 7006,
    2339, 2339, 2339, 2339, 2339, 2339, 2339,
    2339, 2339, 2339, 2339, 2322, 2322, 2345,
    2353, 2339, 2339, 2339, 2339, 2339, 2339,
    2339, 2339, 2339, 2345, 2345
  ]
}
[2025-03-28T18:36:17.147Z] Command exited with code 1
[2025-03-28T18:36:17.148Z] ❌ Test test_agent_coordination failed with exit code 1
[2025-03-28T18:36:17.148Z] Running test: test_coordinator_and_registry
[2025-03-28T18:36:17.148Z] Running command: npx ts-node --project /home/trim/Documents/operations/tests/tsconfig.json /home/trim/Documents/operations/tests/integration/multiagent/test_coordinator_and_registry.ts
[2025-03-28T18:36:18.758Z] [STDERR] /home/trim/Documents/operations/node_modules/ts-node/dist/index.js:851
            return old(m, filename);
                   ^
[2025-03-28T18:36:18.760Z] [STDERR] Error [ERR_REQUIRE_ESM]: require() of ES Module /home/trim/Documents/operations/node_modules/chai/chai.js from /home/trim/Documents/operations/tests/integration/multiagent/test_coordinator_and_registry.ts not supported.
Instead change the require of chai.js in /home/trim/Documents/operations/tests/integration/multiagent/test_coordinator_and_registry.ts to a dynamic import() which is available in all CommonJS modules.
    at require.extensions.<computed> [as .js] (/home/trim/Documents/operations/node_modules/ts-node/dist/index.js:851:20)
    at Object.<anonymous> (/home/trim/Documents/operations/tests/integration/multiagent/test_coordinator_and_registry.ts:6:16)
    at m._compile (/home/trim/Documents/operations/node_modules/ts-node/dist/index.js:857:29)
    at require.extensions.<computed> [as .ts] (/home/trim/Documents/operations/node_modules/ts-node/dist/index.js:859:16)
    at phase4 (/home/trim/Documents/operations/node_modules/ts-node/dist/bin.js:466:20)
    at bootstrap (/home/trim/Documents/operations/node_modules/ts-node/dist/bin.js:54:12)
    at main (/home/trim/Documents/operations/node_modules/ts-node/dist/bin.js:33:12)
    at Object.<anonymous> (/home/trim/Documents/operations/node_modules/ts-node/dist/bin.js:579:5) {
  code: 'ERR_REQUIRE_ESM'
}
[2025-03-28T18:36:18.784Z] Command exited with code 1
[2025-03-28T18:36:18.785Z] ❌ Test test_coordinator_and_registry failed with exit code 1
[2025-03-28T18:36:18.785Z] Running 1 system tests...
[2025-03-28T18:36:18.785Z] Running test: test_end_to_end_workflow
[2025-03-28T18:36:18.785Z] Running command: npx ts-node --project /home/trim/Documents/operations/tests/tsconfig.json /home/trim/Documents/operations/tests/system/multiagent/test_end_to_end_workflow.ts
[2025-03-28T18:36:20.496Z] [STDERR] /home/trim/Documents/operations/node_modules/ts-node/src/index.ts:859
    return new TSError(diagnosticText, diagnosticCodes, diagnostics);
           ^
[2025-03-28T18:36:20.498Z] [STDERR] TSError: ⨯ Unable to compile TypeScript:
system/multiagent/test_end_to_end_workflow.ts(140,45): error TS2345: Argument of type '{ agentRegistry: AgentRegistry; taskManager: TaskManager; sharedState: SharedStateManager; promptManager: PromptManager; openAIClient: OpenAIClient; }' is not assignable to parameter of type 'string'.
system/multiagent/test_end_to_end_workflow.ts(213,9): error TS2353: Object literal may only specify known properties, and 'dependencies' does not exist in type 'Partial<Task>'.
system/multiagent/test_end_to_end_workflow.ts(251,9): error TS2353: Object literal may only specify known properties, and 'outcome' does not exist in type 'TaskResult'.
system/multiagent/test_end_to_end_workflow.ts(255,71): error TS2339: Property 'findings' does not exist on type '{ query: string; results: string; sources?: string[] | undefined; confidence: number; processingTime: number; cached?: boolean | undefined; }'.
system/multiagent/test_end_to_end_workflow.ts(288,9): error TS2353: Object literal may only specify known properties, and 'outcome' does not exist in type 'TaskResult'.
system/multiagent/test_end_to_end_workflow.ts(314,45): error TS2339: Property 'findings' does not exist on type '{ query: string; results: string; sources?: string[] | undefined; confidence: number; processingTime: number; cached?: boolean | undefined; }'.

    at createTSError (/home/trim/Documents/operations/node_modules/ts-node/src/index.ts:859:12)
    at reportTSError (/home/trim/Documents/operations/node_modules/ts-node/src/index.ts:863:19)
    at getOutput (/home/trim/Documents/operations/node_modules/ts-node/src/index.ts:1077:36)
    at Object.compile (/home/trim/Documents/operations/node_modules/ts-node/src/index.ts:1433:41)
    at Module.m._compile (/home/trim/Documents/operations/node_modules/ts-node/src/index.ts:1617:30)
    at Module._extensions..js (node:internal/modules/cjs/loader:1422:10)
    at Object.require.extensions.<computed> [as .ts] (/home/trim/Documents/operations/node_modules/ts-node/src/index.ts:1621:12)
    at Module.load (node:internal/modules/cjs/loader:1203:32)
    at Function.Module._load (node:internal/modules/cjs/loader:1019:12)
    at Function.executeUserEntryPoint [as runMain] (node:internal/modules/run_main:128:12) {
  diagnosticCodes: [ 2345, 2353, 2353, 2339, 2353, 2339 ]
}
[2025-03-28T18:36:20.523Z] Command exited with code 1
