TN:
SF:src/index.ts
FN:9,main
FN:22,(anonymous_11)
FN:33,(anonymous_12)
FN:37,(anonymous_13)
FN:40,(anonymous_14)
FN:47,(anonymous_15)
FNF:6
FNH:0
FNDA:0,main
FNDA:0,(anonymous_11)
FNDA:0,(anonymous_12)
FNDA:0,(anonymous_13)
FNDA:0,(anonymous_14)
FNDA:0,(anonymous_15)
DA:1,0
DA:2,0
DA:3,0
DA:5,0
DA:7,0
DA:10,0
DA:12,0
DA:13,0
DA:14,0
DA:17,0
DA:18,0
DA:19,0
DA:22,0
DA:23,0
DA:24,0
DA:25,0
DA:26,0
DA:29,0
DA:30,0
DA:33,0
DA:34,0
DA:37,0
DA:38,0
DA:39,0
DA:40,0
DA:43,0
DA:44,0
DA:47,0
DA:48,0
DA:49,0
LF:30
LH:0
BRDA:7,0,0,0
BRDA:7,0,1,0
BRDA:13,1,0,0
BRDA:18,2,0,0
BRDA:23,3,0,0
BRF:5
BRH:0
end_of_record
TN:
SF:src/agents/AbstractAgent.ts
FN:49,(anonymous_0)
FN:74,(anonymous_1)
FN:110,(anonymous_2)
FN:118,(anonymous_3)
FN:137,(anonymous_4)
FN:156,(anonymous_5)
FN:188,(anonymous_6)
FN:221,(anonymous_7)
FNF:8
FNH:0
FNDA:0,(anonymous_0)
FNDA:0,(anonymous_1)
FNDA:0,(anonymous_2)
FNDA:0,(anonymous_3)
FNDA:0,(anonymous_4)
FNDA:0,(anonymous_5)
FNDA:0,(anonymous_6)
FNDA:0,(anonymous_7)
DA:5,0
DA:6,0
DA:28,0
DA:29,0
DA:30,0
DA:31,0
DA:32,0
DA:33,0
DA:34,0
DA:35,0
DA:36,0
DA:37,0
DA:38,0
DA:40,0
DA:41,0
DA:42,0
DA:43,0
DA:50,0
DA:51,0
DA:52,0
DA:53,0
DA:54,0
DA:55,0
DA:56,0
DA:57,0
DA:58,0
DA:59,0
DA:60,0
DA:63,0
DA:64,0
DA:67,0
DA:75,0
DA:76,0
DA:77,0
DA:80,0
DA:81,0
DA:83,0
DA:86,0
DA:89,0
DA:90,0
DA:92,0
DA:93,0
DA:95,0
DA:101,0
DA:102,0
DA:103,0
DA:119,0
DA:120,0
DA:122,0
DA:128,0
DA:129,0
DA:130,0
DA:138,0
DA:157,0
DA:159,0
DA:161,0
DA:163,0
DA:165,0
DA:189,0
DA:190,0
DA:191,0
DA:194,0
DA:195,0
DA:197,0
DA:199,0
DA:200,0
DA:202,0
DA:203,0
DA:205,0
DA:212,0
DA:213,0
DA:214,0
LF:72
LH:0
BRDA:51,0,0,0
BRDA:51,0,1,0
BRDA:56,1,0,0
BRDA:56,1,1,0
BRDA:57,2,0,0
BRDA:57,2,1,0
BRDA:75,3,0,0
BRDA:119,4,0,0
BRDA:159,5,0,0
BRDA:159,5,1,0
BRDA:189,6,0,0
BRF:11
BRH:0
end_of_record
TN:
SF:src/agents/ActiveInferencePOMDPAgent.ts
FN:42,(anonymous_0)
FN:84,(anonymous_1)
FN:112,(anonymous_2)
FN:121,(anonymous_3)
FN:178,(anonymous_4)
FN:188,(anonymous_5)
FN:192,(anonymous_6)
FN:207,(anonymous_7)
FN:216,(anonymous_8)
FN:225,(anonymous_9)
FN:229,(anonymous_10)
FN:236,(anonymous_11)
FN:248,(anonymous_12)
FN:315,(anonymous_13)
FN:333,(anonymous_14)
FN:351,(anonymous_15)
FN:368,(anonymous_16)
FN:374,(anonymous_17)
FN:393,(anonymous_18)
FN:411,(anonymous_19)
FN:438,(anonymous_20)
FN:441,(anonymous_21)
FN:442,(anonymous_22)
FN:448,(anonymous_23)
FNF:24
FNH:0
FNDA:0,(anonymous_0)
FNDA:0,(anonymous_1)
FNDA:0,(anonymous_2)
FNDA:0,(anonymous_3)
FNDA:0,(anonymous_4)
FNDA:0,(anonymous_5)
FNDA:0,(anonymous_6)
FNDA:0,(anonymous_7)
FNDA:0,(anonymous_8)
FNDA:0,(anonymous_9)
FNDA:0,(anonymous_10)
FNDA:0,(anonymous_11)
FNDA:0,(anonymous_12)
FNDA:0,(anonymous_13)
FNDA:0,(anonymous_14)
FNDA:0,(anonymous_15)
FNDA:0,(anonymous_16)
FNDA:0,(anonymous_17)
FNDA:0,(anonymous_18)
FNDA:0,(anonymous_19)
FNDA:0,(anonymous_20)
FNDA:0,(anonymous_21)
FNDA:0,(anonymous_22)
FNDA:0,(anonymous_23)
DA:10,0
DA:11,0
DA:12,0
DA:13,0
DA:14,0
DA:15,0
DA:16,0
DA:17,0
DA:18,0
DA:19,0
DA:22,0
DA:23,0
DA:24,0
DA:25,0
DA:26,0
DA:27,0
DA:28,0
DA:31,0
DA:32,0
DA:33,0
DA:34,0
DA:37,0
DA:38,0
DA:39,0
DA:40,0
DA:56,0
DA:57,0
DA:58,0
DA:60,0
DA:61,0
DA:64,0
DA:65,0
DA:69,0
DA:70,0
DA:71,0
DA:74,0
DA:79,0
DA:84,0
DA:85,0
DA:89,0
DA:92,0
DA:95,0
DA:96,0
DA:97,0
DA:98,0
DA:101,0
DA:104,0
DA:113,0
DA:114,0
DA:116,0
DA:117,0
DA:121,0
DA:122,0
DA:123,0
DA:124,0
DA:126,0
DA:127,0
DA:128,0
DA:130,0
DA:131,0
DA:132,0
DA:140,0
DA:143,0
DA:145,0
DA:147,0
DA:150,0
DA:152,0
DA:155,0
DA:166,0
DA:167,0
DA:168,0
DA:183,0
DA:184,0
DA:187,0
DA:188,0
DA:191,0
DA:192,0
DA:195,0
DA:196,0
DA:197,0
DA:200,0
DA:201,0
DA:204,0
DA:206,0
DA:207,0
DA:218,0
DA:221,0
DA:222,0
DA:225,0
DA:228,0
DA:229,0
DA:230,0
DA:231,0
DA:232,0
DA:236,0
DA:240,0
DA:241,0
DA:242,0
DA:249,0
DA:250,0
DA:251,0
DA:254,0
DA:257,0
DA:258,0
DA:261,0
DA:264,0
DA:267,0
DA:268,0
DA:269,0
DA:270,0
DA:271,0
DA:272,0
DA:274,0
DA:275,0
DA:281,0
DA:282,0
DA:283,0
DA:284,0
DA:285,0
DA:289,0
DA:290,0
DA:291,0
DA:292,0
DA:295,0
DA:299,0
DA:302,0
DA:305,0
DA:309,0
DA:316,0
DA:319,0
DA:321,0
DA:323,0
DA:327,0
DA:334,0
DA:337,0
DA:339,0
DA:341,0
DA:345,0
DA:352,0
DA:353,0
DA:355,0
DA:356,0
DA:357,0
DA:358,0
DA:362,0
DA:369,0
DA:372,0
DA:374,0
DA:375,0
DA:376,0
DA:377,0
DA:380,0
DA:381,0
DA:382,0
DA:386,0
DA:387,0
DA:394,0
DA:412,0
DA:414,0
DA:415,0
DA:416,0
DA:417,0
DA:418,0
DA:419,0
DA:423,0
DA:424,0
DA:425,0
DA:428,0
DA:429,0
DA:432,0
DA:439,0
DA:441,0
DA:442,0
DA:443,0
DA:448,0
DA:449,0
LF:176
LH:0
BRDA:60,0,0,0
BRDA:64,1,0,0
BRDA:74,2,0,0
BRDA:74,2,1,0
BRDA:79,3,0,0
BRDA:79,3,1,0
BRDA:84,4,0,0
BRDA:84,4,1,0
BRDA:89,5,0,0
BRDA:89,5,1,0
BRDA:121,6,0,0
BRDA:121,6,1,0
BRDA:121,7,0,0
BRDA:121,7,1,0
BRDA:123,8,0,0
BRDA:123,8,1,0
BRDA:123,9,0,0
BRDA:123,9,1,0
BRDA:274,10,0,0
BRDA:356,11,0,0
BRDA:375,12,0,0
BRDA:412,13,0,0
BRDA:412,13,1,0
BRDA:416,14,0,0
BRDA:416,14,1,0
BRDA:418,15,0,0
BRDA:424,16,0,0
BRDA:428,17,0,0
BRDA:439,18,0,0
BRDA:439,18,1,0
BRF:30
BRH:0
end_of_record
TN:
SF:src/agents/AnalysisAgent.ts
FN:16,(anonymous_0)
FN:21,(anonymous_1)
FN:136,(anonymous_2)
FN:194,(anonymous_3)
FN:222,(anonymous_4)
FN:240,(anonymous_5)
FN:253,(anonymous_6)
FN:255,(anonymous_7)
FN:262,(anonymous_8)
FN:264,(anonymous_9)
FN:273,(anonymous_10)
FN:275,(anonymous_11)
FN:276,(anonymous_12)
FN:287,(anonymous_13)
FNF:14
FNH:0
FNDA:0,(anonymous_0)
FNDA:0,(anonymous_1)
FNDA:0,(anonymous_2)
FNDA:0,(anonymous_3)
FNDA:0,(anonymous_4)
FNDA:0,(anonymous_5)
FNDA:0,(anonymous_6)
FNDA:0,(anonymous_7)
FNDA:0,(anonymous_8)
FNDA:0,(anonymous_9)
FNDA:0,(anonymous_10)
FNDA:0,(anonymous_11)
FNDA:0,(anonymous_12)
FNDA:0,(anonymous_13)
DA:1,0
DA:6,0
DA:12,0
DA:13,0
DA:14,0
DA:17,0
DA:18,0
DA:73,0
DA:74,0
DA:76,0
DA:83,0
DA:85,0
DA:86,0
DA:87,0
DA:88,0
DA:89,0
DA:90,0
DA:94,0
DA:95,0
DA:97,0
DA:99,0
DA:105,0
DA:108,0
DA:109,0
DA:110,0
DA:116,0
DA:118,0
DA:124,0
DA:126,0
DA:131,0
DA:132,0
DA:169,0
DA:170,0
DA:172,0
DA:173,0
DA:174,0
DA:176,0
DA:178,0
DA:184,0
DA:186,0
DA:187,0
DA:189,0
DA:190,0
DA:195,0
DA:196,0
DA:198,0
DA:199,0
DA:201,0
DA:202,0
DA:205,0
DA:206,0
DA:207,0
DA:208,0
DA:210,0
DA:211,0
DA:212,0
DA:213,0
DA:214,0
DA:215,0
DA:217,0
DA:219,0
DA:223,0
DA:224,0
DA:226,0
DA:227,0
DA:229,0
DA:230,0
DA:231,0
DA:232,0
DA:233,0
DA:235,0
DA:237,0
DA:241,0
DA:243,0
DA:244,0
DA:251,0
DA:253,0
DA:255,0
DA:264,0
DA:265,0
DA:266,0
DA:267,0
DA:268,0
DA:271,0
DA:273,0
DA:275,0
DA:276,0
DA:288,0
LF:88
LH:0
BRDA:77,0,0,0
BRDA:77,0,1,0
BRDA:85,1,0,0
BRDA:88,2,0,0
BRDA:88,3,0,0
BRDA:88,3,1,0
BRDA:94,4,0,0
BRDA:94,4,1,0
BRDA:95,5,0,0
BRDA:95,5,1,0
BRDA:100,6,0,0
BRDA:100,6,1,0
BRDA:108,7,0,0
BRDA:173,8,0,0
BRDA:173,8,1,0
BRDA:174,9,0,0
BRDA:174,9,1,0
BRDA:179,10,0,0
BRDA:179,10,1,0
BRDA:195,11,0,0
BRDA:195,11,1,0
BRDA:196,12,0,0
BRDA:196,12,1,0
BRDA:201,13,0,0
BRDA:210,14,0,0
BRDA:211,15,0,0
BRDA:212,16,0,0
BRDA:213,17,0,0
BRDA:214,18,0,0
BRDA:215,19,0,0
BRDA:223,20,0,0
BRDA:223,20,1,0
BRDA:224,21,0,0
BRDA:224,21,1,0
BRDA:230,22,0,0
BRDA:231,23,0,0
BRDA:232,24,0,0
BRDA:233,25,0,0
BRDA:246,26,0,0
BRDA:246,26,1,0
BRDA:252,27,0,0
BRDA:252,27,1,0
BRDA:272,28,0,0
BRDA:272,28,1,0
BRDA:273,29,0,0
BRDA:273,29,1,0
BRDA:275,30,0,0
BRDA:275,30,1,0
BRDA:276,31,0,0
BRDA:276,31,1,0
BRDA:278,32,0,0
BRDA:278,32,1,0
BRDA:279,33,0,0
BRDA:279,33,1,0
BRDA:288,34,0,0
BRDA:288,34,1,0
BRF:56
BRH:0
end_of_record
TN:
SF:src/agents/CalmTechnologyAgent.ts
FN:46,(anonymous_0)
FN:53,(anonymous_1)
FN:60,(anonymous_2)
FN:110,(anonymous_3)
FN:164,(anonymous_4)
FN:198,(anonymous_5)
FN:200,(anonymous_6)
FN:205,(anonymous_7)
FN:210,(anonymous_8)
FN:215,(anonymous_9)
FN:220,(anonymous_10)
FN:223,(anonymous_11)
FN:230,(anonymous_12)
FN:237,(anonymous_13)
FN:243,(anonymous_14)
FN:297,(anonymous_15)
FN:340,(anonymous_16)
FN:372,(anonymous_17)
FN:424,(anonymous_18)
FN:440,(anonymous_19)
FN:496,(anonymous_20)
FN:499,(anonymous_21)
FN:520,(anonymous_22)
FN:561,(anonymous_23)
FN:562,(anonymous_24)
FN:567,(anonymous_25)
FN:582,(anonymous_26)
FN:593,(anonymous_27)
FN:624,(anonymous_28)
FN:630,(anonymous_29)
FN:650,(anonymous_30)
FN:669,(anonymous_31)
FN:687,(anonymous_32)
FN:704,(anonymous_33)
FN:721,(anonymous_34)
FN:731,(anonymous_35)
FN:741,(anonymous_36)
FN:751,(anonymous_37)
FN:761,(anonymous_38)
FN:771,(anonymous_39)
FN:781,(anonymous_40)
FN:791,(anonymous_41)
FN:801,(anonymous_42)
FN:811,(anonymous_43)
FN:821,(anonymous_44)
FN:831,(anonymous_45)
FN:841,(anonymous_46)
FN:852,(anonymous_47)
FN:872,(anonymous_48)
FN:883,(anonymous_49)
FN:900,(anonymous_50)
FN:914,(anonymous_51)
FN:924,(anonymous_52)
FN:943,(anonymous_53)
FN:958,(anonymous_54)
FN:990,(anonymous_55)
FN:1021,(anonymous_56)
FN:1034,(anonymous_57)
FN:1044,(anonymous_58)
FN:1054,(anonymous_59)
FN:1064,(anonymous_60)
FN:1074,(anonymous_61)
FN:1103,(anonymous_62)
FN:1121,(anonymous_63)
FN:1144,(anonymous_64)
FN:1163,(anonymous_65)
FN:1182,(anonymous_66)
FN:1204,(anonymous_67)
FN:1205,(anonymous_68)
FN:1212,(anonymous_69)
FN:1221,(anonymous_70)
FN:1227,(anonymous_71)
FN:1228,(anonymous_72)
FN:1236,(anonymous_73)
FN:1242,(anonymous_74)
FN:1243,(anonymous_75)
FN:1248,(anonymous_76)
FN:1249,(anonymous_77)
FN:1259,(anonymous_78)
FN:1263,(anonymous_79)
FN:1273,(anonymous_80)
FN:1296,(anonymous_81)
FN:1310,(anonymous_82)
FN:1324,(anonymous_83)
FN:1338,(anonymous_84)
FN:1352,(anonymous_85)
FN:1364,(anonymous_86)
FN:1374,(anonymous_87)
FN:1404,(anonymous_88)
FN:1408,(anonymous_89)
FN:1412,(anonymous_90)
FN:1416,(anonymous_91)
FN:1420,(anonymous_92)
FNF:93
FNH:0
FNDA:0,(anonymous_0)
FNDA:0,(anonymous_1)
FNDA:0,(anonymous_2)
FNDA:0,(anonymous_3)
FNDA:0,(anonymous_4)
FNDA:0,(anonymous_5)
FNDA:0,(anonymous_6)
FNDA:0,(anonymous_7)
FNDA:0,(anonymous_8)
FNDA:0,(anonymous_9)
FNDA:0,(anonymous_10)
FNDA:0,(anonymous_11)
FNDA:0,(anonymous_12)
FNDA:0,(anonymous_13)
FNDA:0,(anonymous_14)
FNDA:0,(anonymous_15)
FNDA:0,(anonymous_16)
FNDA:0,(anonymous_17)
FNDA:0,(anonymous_18)
FNDA:0,(anonymous_19)
FNDA:0,(anonymous_20)
FNDA:0,(anonymous_21)
FNDA:0,(anonymous_22)
FNDA:0,(anonymous_23)
FNDA:0,(anonymous_24)
FNDA:0,(anonymous_25)
FNDA:0,(anonymous_26)
FNDA:0,(anonymous_27)
FNDA:0,(anonymous_28)
FNDA:0,(anonymous_29)
FNDA:0,(anonymous_30)
FNDA:0,(anonymous_31)
FNDA:0,(anonymous_32)
FNDA:0,(anonymous_33)
FNDA:0,(anonymous_34)
FNDA:0,(anonymous_35)
FNDA:0,(anonymous_36)
FNDA:0,(anonymous_37)
FNDA:0,(anonymous_38)
FNDA:0,(anonymous_39)
FNDA:0,(anonymous_40)
FNDA:0,(anonymous_41)
FNDA:0,(anonymous_42)
FNDA:0,(anonymous_43)
FNDA:0,(anonymous_44)
FNDA:0,(anonymous_45)
FNDA:0,(anonymous_46)
FNDA:0,(anonymous_47)
FNDA:0,(anonymous_48)
FNDA:0,(anonymous_49)
FNDA:0,(anonymous_50)
FNDA:0,(anonymous_51)
FNDA:0,(anonymous_52)
FNDA:0,(anonymous_53)
FNDA:0,(anonymous_54)
FNDA:0,(anonymous_55)
FNDA:0,(anonymous_56)
FNDA:0,(anonymous_57)
FNDA:0,(anonymous_58)
FNDA:0,(anonymous_59)
FNDA:0,(anonymous_60)
FNDA:0,(anonymous_61)
FNDA:0,(anonymous_62)
FNDA:0,(anonymous_63)
FNDA:0,(anonymous_64)
FNDA:0,(anonymous_65)
FNDA:0,(anonymous_66)
FNDA:0,(anonymous_67)
FNDA:0,(anonymous_68)
FNDA:0,(anonymous_69)
FNDA:0,(anonymous_70)
FNDA:0,(anonymous_71)
FNDA:0,(anonymous_72)
FNDA:0,(anonymous_73)
FNDA:0,(anonymous_74)
FNDA:0,(anonymous_75)
FNDA:0,(anonymous_76)
FNDA:0,(anonymous_77)
FNDA:0,(anonymous_78)
FNDA:0,(anonymous_79)
FNDA:0,(anonymous_80)
FNDA:0,(anonymous_81)
FNDA:0,(anonymous_82)
FNDA:0,(anonymous_83)
FNDA:0,(anonymous_84)
FNDA:0,(anonymous_85)
FNDA:0,(anonymous_86)
FNDA:0,(anonymous_87)
FNDA:0,(anonymous_88)
FNDA:0,(anonymous_89)
FNDA:0,(anonymous_90)
FNDA:0,(anonymous_91)
FNDA:0,(anonymous_92)
DA:13,0
DA:46,0
DA:47,0
DA:48,0
DA:49,0
DA:50,0
DA:53,0
DA:54,0
DA:55,0
DA:56,0
DA:57,0
DA:60,0
DA:61,0
DA:62,0
DA:63,0
DA:64,0
DA:100,0
DA:101,0
DA:102,0
DA:103,0
DA:104,0
DA:105,0
DA:108,0
DA:111,0
DA:112,0
DA:115,0
DA:128,0
DA:129,0
DA:137,0
DA:138,0
DA:146,0
DA:147,0
DA:154,0
DA:155,0
DA:165,0
DA:166,0
DA:169,0
DA:180,0
DA:183,0
DA:186,0
DA:188,0
DA:189,0
DA:192,0
DA:193,0
DA:194,0
DA:200,0
DA:201,0
DA:205,0
DA:206,0
DA:210,0
DA:211,0
DA:215,0
DA:216,0
DA:221,0
DA:223,0
DA:224,0
DA:228,0
DA:230,0
DA:231,0
DA:235,0
DA:237,0
DA:238,0
DA:244,0
DA:245,0
DA:247,0
DA:249,0
DA:251,0
DA:254,0
DA:262,0
DA:268,0
DA:274,0
DA:277,0
DA:280,0
DA:283,0
DA:287,0
DA:288,0
DA:290,0
DA:298,0
DA:301,0
DA:304,0
DA:307,0
DA:310,0
DA:317,0
DA:328,0
DA:331,0
DA:337,0
DA:341,0
DA:344,0
DA:345,0
DA:346,0
DA:347,0
DA:350,0
DA:351,0
DA:355,0
DA:356,0
DA:360,0
DA:361,0
DA:365,0
DA:366,0
DA:369,0
DA:373,0
DA:376,0
DA:377,0
DA:378,0
DA:379,0
DA:380,0
DA:382,0
DA:386,0
DA:387,0
DA:396,0
DA:399,0
DA:400,0
DA:407,0
DA:410,0
DA:411,0
DA:418,0
DA:421,0
DA:429,0
DA:430,0
DA:431,0
DA:432,0
DA:433,0
DA:434,0
DA:436,0
DA:445,0
DA:448,0
DA:450,0
DA:456,0
DA:459,0
DA:465,0
DA:468,0
DA:474,0
DA:477,0
DA:483,0
DA:487,0
DA:488,0
DA:489,0
DA:492,0
DA:493,0
DA:496,0
DA:501,0
DA:504,0
DA:507,0
DA:508,0
DA:511,0
DA:512,0
DA:514,0
DA:526,0
DA:529,0
DA:541,0
DA:544,0
DA:547,0
DA:550,0
DA:558,0
DA:562,0
DA:563,0
DA:568,0
DA:570,0
DA:572,0
DA:574,0
DA:576,0
DA:578,0
DA:583,0
DA:590,0
DA:595,0
DA:596,0
DA:599,0
DA:602,0
DA:603,0
DA:605,0
DA:609,0
DA:613,0
DA:615,0
DA:619,0
DA:620,0
DA:625,0
DA:626,0
DA:634,0
DA:636,0
DA:637,0
DA:639,0
DA:640,0
DA:642,0
DA:643,0
DA:645,0
DA:646,0
DA:651,0
DA:660,0
DA:662,0
DA:670,0
DA:678,0
DA:680,0
DA:688,0
DA:695,0
DA:697,0
DA:705,0
DA:712,0
DA:714,0
DA:722,0
DA:728,0
DA:732,0
DA:738,0
DA:742,0
DA:748,0
DA:752,0
DA:758,0
DA:762,0
DA:768,0
DA:772,0
DA:778,0
DA:782,0
DA:788,0
DA:792,0
DA:798,0
DA:802,0
DA:808,0
DA:812,0
DA:818,0
DA:822,0
DA:828,0
DA:832,0
DA:838,0
DA:842,0
DA:848,0
DA:853,0
DA:856,0
DA:857,0
DA:860,0
DA:863,0
DA:873,0
DA:875,0
DA:884,0
DA:887,0
DA:891,0
DA:894,0
DA:901,0
DA:902,0
DA:904,0
DA:907,0
DA:908,0
DA:915,0
DA:917,0
DA:918,0
DA:925,0
DA:928,0
DA:929,0
DA:930,0
DA:933,0
DA:944,0
DA:945,0
DA:948,0
DA:953,0
DA:955,0
DA:960,0
DA:961,0
DA:962,0
DA:963,0
DA:965,0
DA:969,0
DA:970,0
DA:971,0
DA:972,0
DA:973,0
DA:974,0
DA:976,0
DA:979,0
DA:982,0
DA:991,0
DA:994,0
DA:997,0
DA:999,0
DA:1000,0
DA:1002,0
DA:1003,0
DA:1005,0
DA:1006,0
DA:1008,0
DA:1009,0
DA:1013,0
DA:1023,0
DA:1024,0
DA:1025,0
DA:1026,0
DA:1027,0
DA:1028,0
DA:1030,0
DA:1035,0
DA:1037,0
DA:1045,0
DA:1047,0
DA:1055,0
DA:1057,0
DA:1065,0
DA:1067,0
DA:1075,0
DA:1078,0
DA:1079,0
DA:1082,0
DA:1083,0
DA:1086,0
DA:1094,0
DA:1104,0
DA:1111,0
DA:1114,0
DA:1115,0
DA:1118,0
DA:1122,0
DA:1125,0
DA:1127,0
DA:1129,0
DA:1130,0
DA:1132,0
DA:1136,0
DA:1145,0
DA:1153,0
DA:1155,0
DA:1164,0
DA:1172,0
DA:1174,0
DA:1183,0
DA:1186,0
DA:1187,0
DA:1188,0
DA:1191,0
DA:1199,0
DA:1201,0
DA:1205,0
DA:1206,0
DA:1207,0
DA:1210,0
DA:1211,0
DA:1212,0
DA:1218,0
DA:1222,0
DA:1228,0
DA:1229,0
DA:1230,0
DA:1233,0
DA:1237,0
DA:1243,0
DA:1244,0
DA:1245,0
DA:1248,0
DA:1249,0
DA:1250,0
DA:1252,0
DA:1255,0
DA:1259,0
DA:1265,0
DA:1274,0
DA:1277,0
DA:1278,0
DA:1279,0
DA:1280,0
DA:1284,0
DA:1285,0
DA:1289,0
DA:1290,0
DA:1293,0
DA:1297,0
DA:1299,0
DA:1307,0
DA:1311,0
DA:1313,0
DA:1314,0
DA:1317,0
DA:1318,0
DA:1321,0
DA:1325,0
DA:1327,0
DA:1328,0
DA:1331,0
DA:1332,0
DA:1335,0
DA:1339,0
DA:1341,0
DA:1342,0
DA:1345,0
DA:1346,0
DA:1349,0
DA:1353,0
DA:1355,0
DA:1356,0
DA:1359,0
DA:1361,0
DA:1365,0
DA:1367,0
DA:1368,0
DA:1369,0
DA:1371,0
DA:1375,0
DA:1376,0
DA:1379,0
DA:1382,0
DA:1383,0
DA:1387,0
DA:1394,0
DA:1395,0
DA:1398,0
DA:1399,0
DA:1405,0
DA:1409,0
DA:1413,0
DA:1417,0
DA:1421,0
LF:405
LH:0
BRDA:46,0,0,0
BRDA:46,0,1,0
BRDA:53,1,0,0
BRDA:53,1,1,0
BRDA:60,2,0,0
BRDA:60,2,1,0
BRDA:128,3,0,0
BRDA:137,4,0,0
BRDA:146,5,0,0
BRDA:154,6,0,0
BRDA:221,7,0,0
BRDA:228,8,0,0
BRDA:235,9,0,0
BRDA:247,10,0,0
BRDA:249,11,0,0
BRDA:249,11,1,0
BRDA:249,11,2,0
BRDA:249,11,3,0
BRDA:249,11,4,0
BRDA:249,11,5,0
BRDA:249,11,6,0
BRDA:249,11,7,0
BRDA:350,12,0,0
BRDA:355,13,0,0
BRDA:360,14,0,0
BRDA:365,15,0,0
BRDA:376,16,0,0
BRDA:376,16,1,0
BRDA:377,17,0,0
BRDA:377,17,1,0
BRDA:377,18,0,0
BRDA:377,18,1,0
BRDA:379,19,0,0
BRDA:379,19,1,0
BRDA:379,20,0,0
BRDA:379,20,1,0
BRDA:396,21,0,0
BRDA:396,21,1,0
BRDA:407,22,0,0
BRDA:407,22,1,0
BRDA:418,23,0,0
BRDA:418,23,1,0
BRDA:429,24,0,0
BRDA:429,24,1,0
BRDA:431,25,0,0
BRDA:431,25,1,0
BRDA:433,26,0,0
BRDA:433,26,1,0
BRDA:448,27,0,0
BRDA:448,27,1,0
BRDA:448,27,2,0
BRDA:448,27,3,0
BRDA:488,28,0,0
BRDA:488,29,0,0
BRDA:488,29,1,0
BRDA:492,30,0,0
BRDA:492,31,0,0
BRDA:492,31,1,0
BRDA:507,32,0,0
BRDA:508,33,0,0
BRDA:511,34,0,0
BRDA:512,35,0,0
BRDA:522,36,0,0
BRDA:523,37,0,0
BRDA:535,38,0,0
BRDA:535,38,1,0
BRDA:568,39,0,0
BRDA:568,39,1,0
BRDA:568,39,2,0
BRDA:568,39,3,0
BRDA:568,39,4,0
BRDA:590,40,0,0
BRDA:590,40,1,0
BRDA:599,41,0,0
BRDA:599,41,1,0
BRDA:599,41,2,0
BRDA:599,41,3,0
BRDA:602,42,0,0
BRDA:613,43,0,0
BRDA:613,43,1,0
BRDA:634,44,0,0
BRDA:634,44,1,0
BRDA:634,44,2,0
BRDA:634,44,3,0
BRDA:728,45,0,0
BRDA:728,45,1,0
BRDA:738,46,0,0
BRDA:738,46,1,0
BRDA:748,47,0,0
BRDA:748,47,1,0
BRDA:758,48,0,0
BRDA:758,48,1,0
BRDA:768,49,0,0
BRDA:768,49,1,0
BRDA:778,50,0,0
BRDA:778,50,1,0
BRDA:788,51,0,0
BRDA:788,51,1,0
BRDA:798,52,0,0
BRDA:798,52,1,0
BRDA:808,53,0,0
BRDA:808,53,1,0
BRDA:818,54,0,0
BRDA:818,54,1,0
BRDA:828,55,0,0
BRDA:828,55,1,0
BRDA:838,56,0,0
BRDA:838,56,1,0
BRDA:848,57,0,0
BRDA:848,57,1,0
BRDA:877,58,0,0
BRDA:877,58,1,0
BRDA:878,59,0,0
BRDA:878,59,1,0
BRDA:887,60,0,0
BRDA:887,60,1,0
BRDA:888,61,0,0
BRDA:888,61,1,0
BRDA:895,62,0,0
BRDA:895,62,1,0
BRDA:896,63,0,0
BRDA:896,63,1,0
BRDA:902,64,0,0
BRDA:907,65,0,0
BRDA:907,66,0,0
BRDA:907,66,1,0
BRDA:929,67,0,0
BRDA:929,68,0,0
BRDA:929,68,1,0
BRDA:960,69,0,0
BRDA:960,69,1,0
BRDA:961,70,0,0
BRDA:961,70,1,0
BRDA:962,71,0,0
BRDA:962,71,1,0
BRDA:963,72,0,0
BRDA:963,72,1,0
BRDA:969,73,0,0
BRDA:969,73,1,0
BRDA:971,74,0,0
BRDA:971,74,1,0
BRDA:973,75,0,0
BRDA:973,75,1,0
BRDA:994,76,0,0
BRDA:994,76,1,0
BRDA:997,77,0,0
BRDA:997,77,1,0
BRDA:997,77,2,0
BRDA:997,77,3,0
BRDA:1023,78,0,0
BRDA:1023,78,1,0
BRDA:1023,79,0,0
BRDA:1023,79,1,0
BRDA:1025,80,0,0
BRDA:1025,80,1,0
BRDA:1025,81,0,0
BRDA:1025,81,1,0
BRDA:1027,82,0,0
BRDA:1027,82,1,0
BRDA:1027,83,0,0
BRDA:1027,83,1,0
BRDA:1078,84,0,0
BRDA:1078,84,1,0
BRDA:1088,85,0,0
BRDA:1088,85,1,0
BRDA:1111,86,0,0
BRDA:1111,86,1,0
BRDA:1114,87,0,0
BRDA:1127,88,0,0
BRDA:1127,88,1,0
BRDA:1130,89,0,0
BRDA:1182,90,0,0
BRDA:1206,91,0,0
BRDA:1206,91,1,0
BRDA:1214,92,0,0
BRDA:1214,92,1,0
BRDA:1222,93,0,0
BRDA:1222,93,1,0
BRDA:1229,94,0,0
BRDA:1229,94,1,0
BRDA:1237,95,0,0
BRDA:1237,95,1,0
BRDA:1244,96,0,0
BRDA:1244,96,1,0
BRDA:1250,97,0,0
BRDA:1250,97,1,0
BRDA:1259,98,0,0
BRDA:1259,98,1,0
BRDA:1277,99,0,0
BRDA:1277,99,1,0
BRDA:1279,100,0,0
BRDA:1284,101,0,0
BRDA:1289,102,0,0
BRDA:1313,103,0,0
BRDA:1317,104,0,0
BRDA:1317,105,0,0
BRDA:1317,105,1,0
BRDA:1327,106,0,0
BRDA:1331,107,0,0
BRDA:1341,108,0,0
BRDA:1345,109,0,0
BRDA:1345,110,0,0
BRDA:1345,110,1,0
BRDA:1355,111,0,0
BRDA:1382,112,0,0
BRF:205
BRH:0
end_of_record
TN:
SF:src/agents/CreativeWritingAgent.ts
FN:38,(anonymous_9)
FN:70,(anonymous_10)
FN:81,(anonymous_11)
FN:95,(anonymous_12)
FN:148,(anonymous_13)
FN:331,(anonymous_14)
FN:416,(anonymous_15)
FN:441,(anonymous_16)
FN:486,(anonymous_17)
FNF:9
FNH:0
FNDA:0,(anonymous_9)
FNDA:0,(anonymous_10)
FNDA:0,(anonymous_11)
FNDA:0,(anonymous_12)
FNDA:0,(anonymous_13)
FNDA:0,(anonymous_14)
FNDA:0,(anonymous_15)
FNDA:0,(anonymous_16)
FNDA:0,(anonymous_17)
DA:2,0
DA:6,0
DA:9,0
DA:22,0
DA:24,0
DA:31,0
DA:39,0
DA:47,0
DA:62,0
DA:71,0
DA:72,0
DA:82,0
DA:83,0
DA:97,0
DA:99,0
DA:100,0
DA:101,0
DA:104,0
DA:105,0
DA:106,0
DA:109,0
DA:110,0
DA:111,0
DA:112,0
DA:114,0
DA:115,0
DA:116,0
DA:117,0
DA:119,0
DA:120,0
DA:121,0
DA:123,0
DA:124,0
DA:128,0
DA:129,0
DA:132,0
DA:134,0
DA:137,0
DA:165,0
DA:168,0
DA:169,0
DA:170,0
DA:171,0
DA:172,0
DA:175,0
DA:177,0
DA:179,0
DA:180,0
DA:181,0
DA:183,0
DA:185,0
DA:186,0
DA:187,0
DA:188,0
DA:196,0
DA:200,0
DA:201,0
DA:202,0
DA:203,0
DA:205,0
DA:206,0
DA:207,0
DA:208,0
DA:209,0
DA:210,0
DA:211,0
DA:213,0
DA:214,0
DA:215,0
DA:218,0
DA:219,0
DA:220,0
DA:223,0
DA:241,0
DA:242,0
DA:245,0
DA:252,0
DA:257,0
DA:258,0
DA:259,0
DA:260,0
DA:261,0
DA:267,0
DA:268,0
DA:269,0
DA:270,0
DA:272,0
DA:273,0
DA:274,0
DA:276,0
DA:277,0
DA:280,0
DA:281,0
DA:283,0
DA:287,0
DA:288,0
DA:291,0
DA:292,0
DA:297,0
DA:298,0
DA:299,0
DA:302,0
DA:309,0
DA:320,0
DA:322,0
DA:336,0
DA:339,0
DA:340,0
DA:359,0
DA:365,0
DA:368,0
DA:369,0
DA:370,0
DA:371,0
DA:373,0
DA:375,0
DA:377,0
DA:378,0
DA:379,0
DA:380,0
DA:383,0
DA:385,0
DA:387,0
DA:391,0
DA:392,0
DA:393,0
DA:396,0
DA:398,0
DA:405,0
DA:406,0
DA:426,0
DA:429,0
DA:430,0
DA:431,0
DA:432,0
DA:434,0
DA:435,0
DA:436,0
DA:437,0
DA:439,0
DA:440,0
DA:441,0
DA:444,0
DA:454,0
DA:455,0
DA:457,0
DA:463,0
DA:464,0
DA:468,0
DA:469,0
DA:471,0
DA:478,0
DA:479,0
DA:487,0
DA:488,0
DA:489,0
DA:490,0
DA:491,0
DA:492,0
DA:495,0
DA:496,0
LF:161
LH:0
BRDA:51,0,0,0
BRDA:51,0,1,0
BRDA:52,1,0,0
BRDA:52,1,1,0
BRDA:56,2,0,0
BRDA:56,2,1,0
BRDA:57,3,0,0
BRDA:57,3,1,0
BRDA:62,4,0,0
BRDA:62,4,1,0
BRDA:101,5,0,0
BRDA:101,5,1,0
BRDA:101,5,2,0
BRDA:101,5,3,0
BRDA:101,5,4,0
BRDA:101,5,5,0
BRDA:101,5,6,0
BRDA:104,6,0,0
BRDA:109,7,0,0
BRDA:110,8,0,0
BRDA:114,9,0,0
BRDA:115,10,0,0
BRDA:168,11,0,0
BRDA:168,11,1,0
BRDA:169,12,0,0
BRDA:169,12,1,0
BRDA:170,13,0,0
BRDA:170,13,1,0
BRDA:171,14,0,0
BRDA:171,14,1,0
BRDA:172,15,0,0
BRDA:172,15,1,0
BRDA:179,16,0,0
BRDA:183,17,0,0
BRDA:201,18,0,0
BRDA:201,18,1,0
BRDA:202,19,0,0
BRDA:202,19,1,0
BRDA:206,20,0,0
BRDA:206,20,1,0
BRDA:207,21,0,0
BRDA:207,21,1,0
BRDA:208,22,0,0
BRDA:208,22,1,0
BRDA:209,23,0,0
BRDA:209,23,1,0
BRDA:210,24,0,0
BRDA:210,24,1,0
BRDA:214,25,0,0
BRDA:219,26,0,0
BRDA:225,27,0,0
BRDA:225,27,1,0
BRDA:241,28,0,0
BRDA:241,28,1,0
BRDA:241,29,0,0
BRDA:241,29,1,0
BRDA:241,30,0,0
BRDA:241,30,1,0
BRDA:242,31,0,0
BRDA:242,31,1,0
BRDA:242,32,0,0
BRDA:242,32,1,0
BRDA:246,33,0,0
BRDA:246,33,1,0
BRDA:252,34,0,0
BRDA:252,34,1,0
BRDA:257,35,0,0
BRDA:260,36,0,0
BRDA:268,37,0,0
BRDA:268,37,1,0
BRDA:272,38,0,0
BRDA:272,38,1,0
BRDA:274,39,0,0
BRDA:274,39,1,0
BRDA:276,40,0,0
BRDA:287,41,0,0
BRDA:291,42,0,0
BRDA:291,43,0,0
BRDA:291,43,1,0
BRDA:292,44,0,0
BRDA:292,44,1,0
BRDA:360,45,0,0
BRDA:360,45,1,0
BRDA:365,46,0,0
BRDA:365,46,1,0
BRDA:373,47,0,0
BRDA:373,47,1,0
BRDA:379,48,0,0
BRDA:391,49,0,0
BRDA:391,50,0,0
BRDA:391,50,1,0
BRDA:430,51,0,0
BRDA:430,51,1,0
BRDA:431,52,0,0
BRDA:431,52,1,0
BRDA:432,53,0,0
BRDA:432,53,1,0
BRDA:435,54,0,0
BRDA:435,54,1,0
BRDA:436,55,0,0
BRDA:436,55,1,0
BRDA:440,56,0,0
BRDA:446,57,0,0
BRDA:446,57,1,0
BRDA:454,58,0,0
BRDA:454,58,1,0
BRDA:455,59,0,0
BRDA:455,59,1,0
BRDA:455,60,0,0
BRDA:455,60,1,0
BRDA:458,61,0,0
BRDA:458,61,1,0
BRDA:463,62,0,0
BRDA:463,62,1,0
BRDA:468,63,0,0
BRDA:468,63,1,0
BRDA:468,64,0,0
BRDA:468,64,1,0
BRDA:490,65,0,0
BRDA:495,66,0,0
BRF:120
BRH:0
end_of_record
TN:
SF:src/agents/CustomerSupportAgent.ts
FN:31,(anonymous_9)
FN:79,(anonymous_10)
FN:113,(anonymous_11)
FN:121,(anonymous_12)
FN:134,(anonymous_13)
FN:294,(anonymous_14)
FN:459,(anonymous_15)
FN:596,(anonymous_16)
FN:611,(anonymous_17)
FN:634,(anonymous_18)
FNF:10
FNH:0
FNDA:0,(anonymous_9)
FNDA:0,(anonymous_10)
FNDA:0,(anonymous_11)
FNDA:0,(anonymous_12)
FNDA:0,(anonymous_13)
FNDA:0,(anonymous_14)
FNDA:0,(anonymous_15)
FNDA:0,(anonymous_16)
FNDA:0,(anonymous_17)
FNDA:0,(anonymous_18)
DA:2,0
DA:3,0
DA:4,0
DA:5,0
DA:8,0
DA:14,0
DA:15,0
DA:16,0
DA:17,0
DA:18,0
DA:19,0
DA:41,0
DA:42,0
DA:43,0
DA:45,0
DA:72,0
DA:73,0
DA:80,0
DA:82,0
DA:84,0
DA:94,0
DA:97,0
DA:98,0
DA:100,0
DA:101,0
DA:103,0
DA:104,0
DA:105,0
DA:106,0
DA:114,0
DA:122,0
DA:123,0
DA:124,0
DA:125,0
DA:126,0
DA:166,0
DA:168,0
DA:169,0
DA:170,0
DA:173,0
DA:175,0
DA:177,0
DA:178,0
DA:180,0
DA:182,0
DA:183,0
DA:192,0
DA:219,0
DA:226,0
DA:255,0
DA:262,0
DA:265,0
DA:273,0
DA:276,0
DA:278,0
DA:283,0
DA:284,0
DA:285,0
DA:321,0
DA:323,0
DA:324,0
DA:325,0
DA:328,0
DA:330,0
DA:332,0
DA:333,0
DA:335,0
DA:337,0
DA:338,0
DA:347,0
DA:373,0
DA:380,0
DA:420,0
DA:427,0
DA:430,0
DA:438,0
DA:441,0
DA:443,0
DA:448,0
DA:449,0
DA:450,0
DA:479,0
DA:481,0
DA:484,0
DA:486,0
DA:488,0
DA:489,0
DA:491,0
DA:493,0
DA:494,0
DA:503,0
DA:518,0
DA:525,0
DA:559,0
DA:566,0
DA:569,0
DA:577,0
DA:580,0
DA:582,0
DA:587,0
DA:588,0
DA:589,0
DA:597,0
DA:598,0
DA:600,0
DA:601,0
DA:602,0
DA:612,0
DA:613,0
DA:622,0
DA:624,0
DA:626,0
DA:627,0
DA:635,0
DA:636,0
DA:637,0
DA:638,0
DA:639,0
DA:641,0
DA:642,0
LF:120
LH:0
BRDA:42,0,0,0
BRDA:42,0,1,0
BRDA:43,1,0,0
BRDA:43,1,1,0
BRDA:49,2,0,0
BRDA:49,2,1,0
BRDA:64,3,0,0
BRDA:64,3,1,0
BRDA:65,4,0,0
BRDA:65,4,1,0
BRDA:67,5,0,0
BRDA:67,5,1,0
BRDA:72,6,0,0
BRDA:72,6,1,0
BRDA:73,7,0,0
BRDA:73,7,1,0
BRDA:80,8,0,0
BRDA:169,9,0,0
BRDA:169,9,1,0
BRDA:170,10,0,0
BRDA:170,10,1,0
BRDA:177,11,0,0
BRDA:180,12,0,0
BRDA:180,13,0,0
BRDA:180,13,1,0
BRDA:180,14,0,0
BRDA:180,14,1,0
BRDA:193,15,0,0
BRDA:193,15,1,0
BRDA:197,16,0,0
BRDA:197,16,1,0
BRDA:198,17,0,0
BRDA:198,17,1,0
BRDA:198,18,0,0
BRDA:198,18,1,0
BRDA:203,19,0,0
BRDA:203,19,1,0
BRDA:206,20,0,0
BRDA:206,20,1,0
BRDA:207,21,0,0
BRDA:207,21,1,0
BRDA:269,22,0,0
BRDA:269,22,1,0
BRDA:324,23,0,0
BRDA:324,23,1,0
BRDA:325,24,0,0
BRDA:325,24,1,0
BRDA:332,25,0,0
BRDA:335,26,0,0
BRDA:335,27,0,0
BRDA:335,27,1,0
BRDA:335,28,0,0
BRDA:335,28,1,0
BRDA:352,29,0,0
BRDA:352,29,1,0
BRDA:352,30,0,0
BRDA:352,30,1,0
BRDA:354,31,0,0
BRDA:354,31,1,0
BRDA:355,32,0,0
BRDA:355,32,1,0
BRDA:356,33,0,0
BRDA:356,33,1,0
BRDA:357,34,0,0
BRDA:357,34,1,0
BRDA:434,35,0,0
BRDA:434,35,1,0
BRDA:488,36,0,0
BRDA:491,37,0,0
BRDA:491,38,0,0
BRDA:491,38,1,0
BRDA:491,39,0,0
BRDA:491,39,1,0
BRDA:512,40,0,0
BRDA:512,40,1,0
BRDA:513,41,0,0
BRDA:513,41,1,0
BRDA:514,42,0,0
BRDA:514,42,1,0
BRDA:538,43,0,0
BRDA:538,43,1,0
BRDA:546,44,0,0
BRDA:546,44,1,0
BRDA:551,45,0,0
BRDA:551,45,1,0
BRDA:573,46,0,0
BRDA:573,46,1,0
BRDA:598,47,0,0
BRDA:598,47,1,0
BRDA:601,48,0,0
BRF:90
BRH:0
end_of_record
TN:
SF:src/agents/DataAnalysisAgent.ts
FN:41,(anonymous_9)
FN:79,(anonymous_10)
FN:88,(anonymous_11)
FN:102,(anonymous_12)
FN:155,(anonymous_13)
FN:315,(anonymous_14)
FN:367,(anonymous_15)
FN:492,(anonymous_16)
FN:629,(anonymous_17)
FNF:9
FNH:0
FNDA:0,(anonymous_9)
FNDA:0,(anonymous_10)
FNDA:0,(anonymous_11)
FNDA:0,(anonymous_12)
FNDA:0,(anonymous_13)
FNDA:0,(anonymous_14)
FNDA:0,(anonymous_15)
FNDA:0,(anonymous_16)
FNDA:0,(anonymous_17)
DA:2,0
DA:6,0
DA:9,0
DA:30,0
DA:32,0
DA:33,0
DA:34,0
DA:42,0
DA:53,0
DA:55,0
DA:70,0
DA:71,0
DA:80,0
DA:81,0
DA:89,0
DA:90,0
DA:103,0
DA:105,0
DA:106,0
DA:107,0
DA:109,0
DA:110,0
DA:113,0
DA:116,0
DA:117,0
DA:118,0
DA:121,0
DA:122,0
DA:123,0
DA:126,0
DA:127,0
DA:128,0
DA:130,0
DA:131,0
DA:132,0
DA:134,0
DA:137,0
DA:138,0
DA:141,0
DA:142,0
DA:143,0
DA:204,0
DA:205,0
DA:208,0
DA:209,0
DA:210,0
DA:212,0
DA:213,0
DA:214,0
DA:215,0
DA:216,0
DA:218,0
DA:220,0
DA:222,0
DA:223,0
DA:224,0
DA:225,0
DA:226,0
DA:227,0
DA:233,0
DA:237,0
DA:240,0
DA:252,0
DA:253,0
DA:255,0
DA:259,0
DA:260,0
DA:261,0
DA:262,0
DA:263,0
DA:264,0
DA:267,0
DA:268,0
DA:271,0
DA:272,0
DA:273,0
DA:274,0
DA:275,0
DA:276,0
DA:277,0
DA:278,0
DA:279,0
DA:280,0
DA:283,0
DA:284,0
DA:287,0
DA:291,0
DA:297,0
DA:301,0
DA:308,0
DA:309,0
DA:313,0
DA:314,0
DA:315,0
DA:320,0
DA:321,0
DA:325,0
DA:326,0
DA:330,0
DA:332,0
DA:333,0
DA:338,0
DA:339,0
DA:346,0
DA:353,0
DA:356,0
DA:357,0
DA:387,0
DA:388,0
DA:391,0
DA:392,0
DA:393,0
DA:394,0
DA:395,0
DA:396,0
DA:397,0
DA:398,0
DA:400,0
DA:402,0
DA:404,0
DA:405,0
DA:406,0
DA:407,0
DA:408,0
DA:409,0
DA:415,0
DA:418,0
DA:419,0
DA:421,0
DA:447,0
DA:454,0
DA:455,0
DA:457,0
DA:458,0
DA:460,0
DA:463,0
DA:464,0
DA:471,0
DA:478,0
DA:481,0
DA:482,0
DA:522,0
DA:523,0
DA:524,0
DA:527,0
DA:528,0
DA:529,0
DA:530,0
DA:531,0
DA:532,0
DA:533,0
DA:534,0
DA:536,0
DA:538,0
DA:540,0
DA:541,0
DA:542,0
DA:543,0
DA:544,0
DA:545,0
DA:551,0
DA:554,0
DA:557,0
DA:558,0
DA:559,0
DA:560,0
DA:562,0
DA:564,0
DA:588,0
DA:595,0
DA:596,0
DA:598,0
DA:599,0
DA:600,0
DA:603,0
DA:604,0
DA:611,0
DA:618,0
DA:621,0
DA:622,0
DA:630,0
DA:631,0
DA:632,0
DA:633,0
DA:634,0
DA:635,0
DA:638,0
DA:639,0
LF:188
LH:0
BRDA:53,0,0,0
BRDA:53,0,1,0
BRDA:59,1,0,0
BRDA:59,1,1,0
BRDA:60,2,0,0
BRDA:60,2,1,0
BRDA:65,3,0,0
BRDA:65,3,1,0
BRDA:66,4,0,0
BRDA:66,4,1,0
BRDA:70,5,0,0
BRDA:70,5,1,0
BRDA:109,6,0,0
BRDA:113,7,0,0
BRDA:113,7,1,0
BRDA:113,7,2,0
BRDA:113,7,3,0
BRDA:113,7,4,0
BRDA:113,7,5,0
BRDA:113,7,6,0
BRDA:113,7,7,0
BRDA:116,8,0,0
BRDA:121,9,0,0
BRDA:126,10,0,0
BRDA:205,11,0,0
BRDA:205,11,1,0
BRDA:208,12,0,0
BRDA:208,12,1,0
BRDA:209,13,0,0
BRDA:209,13,1,0
BRDA:222,14,0,0
BRDA:225,15,0,0
BRDA:237,16,0,0
BRDA:237,16,1,0
BRDA:252,17,0,0
BRDA:252,17,1,0
BRDA:252,18,0,0
BRDA:252,18,1,0
BRDA:259,19,0,0
BRDA:260,20,0,0
BRDA:261,21,0,0
BRDA:262,22,0,0
BRDA:263,23,0,0
BRDA:264,24,0,0
BRDA:275,25,0,0
BRDA:276,26,0,0
BRDA:277,27,0,0
BRDA:278,28,0,0
BRDA:279,29,0,0
BRDA:280,30,0,0
BRDA:292,31,0,0
BRDA:292,31,1,0
BRDA:297,32,0,0
BRDA:297,32,1,0
BRDA:309,33,0,0
BRDA:309,33,1,0
BRDA:309,33,2,0
BRDA:314,34,0,0
BRDA:321,35,0,0
BRDA:325,36,0,0
BRDA:325,37,0,0
BRDA:325,37,1,0
BRDA:332,38,0,0
BRDA:332,39,0,0
BRDA:332,39,1,0
BRDA:388,40,0,0
BRDA:388,40,1,0
BRDA:391,41,0,0
BRDA:391,41,1,0
BRDA:392,42,0,0
BRDA:392,42,1,0
BRDA:404,43,0,0
BRDA:407,44,0,0
BRDA:418,45,0,0
BRDA:418,45,1,0
BRDA:419,46,0,0
BRDA:419,46,1,0
BRDA:428,47,0,0
BRDA:428,47,1,0
BRDA:429,48,0,0
BRDA:429,48,1,0
BRDA:430,49,0,0
BRDA:430,49,1,0
BRDA:431,50,0,0
BRDA:431,50,1,0
BRDA:433,51,0,0
BRDA:433,51,1,0
BRDA:442,52,0,0
BRDA:442,52,1,0
BRDA:448,53,0,0
BRDA:448,53,1,0
BRDA:455,54,0,0
BRDA:455,54,1,0
BRDA:523,55,0,0
BRDA:523,55,1,0
BRDA:524,56,0,0
BRDA:524,56,1,0
BRDA:527,57,0,0
BRDA:527,57,1,0
BRDA:528,58,0,0
BRDA:528,58,1,0
BRDA:540,59,0,0
BRDA:543,60,0,0
BRDA:554,61,0,0
BRDA:554,61,1,0
BRDA:558,62,0,0
BRDA:559,63,0,0
BRDA:560,64,0,0
BRDA:562,65,0,0
BRDA:562,65,1,0
BRDA:575,66,0,0
BRDA:575,66,1,0
BRDA:575,67,0,0
BRDA:575,67,1,0
BRDA:579,68,0,0
BRDA:579,68,1,0
BRDA:580,69,0,0
BRDA:580,69,1,0
BRDA:581,70,0,0
BRDA:581,70,1,0
BRDA:589,71,0,0
BRDA:589,71,1,0
BRDA:596,72,0,0
BRDA:596,72,1,0
BRDA:633,73,0,0
BRDA:638,74,0,0
BRF:126
BRH:0
end_of_record
TN:
SF:src/agents/DevelopmentAgent.ts
FN:31,(anonymous_9)
FN:74,(anonymous_10)
FN:96,(anonymous_11)
FN:130,(anonymous_12)
FN:138,(anonymous_13)
FN:151,(anonymous_14)
FN:293,(anonymous_15)
FN:299,(anonymous_16)
FN:311,(anonymous_17)
FN:395,(anonymous_18)
FN:544,(anonymous_19)
FN:570,(anonymous_20)
FN:584,(anonymous_21)
FNF:13
FNH:0
FNDA:0,(anonymous_9)
FNDA:0,(anonymous_10)
FNDA:0,(anonymous_11)
FNDA:0,(anonymous_12)
FNDA:0,(anonymous_13)
FNDA:0,(anonymous_14)
FNDA:0,(anonymous_15)
FNDA:0,(anonymous_16)
FNDA:0,(anonymous_17)
FNDA:0,(anonymous_18)
FNDA:0,(anonymous_19)
FNDA:0,(anonymous_20)
FNDA:0,(anonymous_21)
DA:2,0
DA:3,0
DA:4,0
DA:5,0
DA:8,0
DA:14,0
DA:15,0
DA:16,0
DA:17,0
DA:18,0
DA:19,0
DA:39,0
DA:40,0
DA:41,0
DA:67,0
DA:68,0
DA:75,0
DA:77,0
DA:79,0
DA:81,0
DA:83,0
DA:85,0
DA:87,0
DA:89,0
DA:97,0
DA:99,0
DA:101,0
DA:111,0
DA:114,0
DA:115,0
DA:117,0
DA:118,0
DA:120,0
DA:121,0
DA:122,0
DA:123,0
DA:131,0
DA:139,0
DA:140,0
DA:141,0
DA:142,0
DA:143,0
DA:168,0
DA:170,0
DA:171,0
DA:172,0
DA:173,0
DA:176,0
DA:178,0
DA:180,0
DA:181,0
DA:183,0
DA:185,0
DA:186,0
DA:195,0
DA:210,0
DA:217,0
DA:220,0
DA:223,0
DA:224,0
DA:236,0
DA:242,0
DA:246,0
DA:247,0
DA:256,0
DA:262,0
DA:266,0
DA:274,0
DA:277,0
DA:279,0
DA:284,0
DA:285,0
DA:286,0
DA:295,0
DA:296,0
DA:298,0
DA:299,0
DA:303,0
DA:330,0
DA:332,0
DA:333,0
DA:334,0
DA:335,0
DA:337,0
DA:339,0
DA:367,0
DA:374,0
DA:377,0
DA:379,0
DA:384,0
DA:385,0
DA:386,0
DA:443,0
DA:445,0
DA:446,0
DA:447,0
DA:449,0
DA:451,0
DA:518,0
DA:525,0
DA:528,0
DA:530,0
DA:535,0
DA:536,0
DA:537,0
DA:546,0
DA:547,0
DA:548,0
DA:549,0
DA:550,0
DA:551,0
DA:552,0
DA:553,0
DA:554,0
DA:555,0
DA:556,0
DA:557,0
DA:558,0
DA:559,0
DA:560,0
DA:561,0
DA:563,0
DA:571,0
DA:572,0
DA:574,0
DA:575,0
DA:576,0
DA:585,0
DA:586,0
DA:587,0
DA:588,0
DA:589,0
DA:591,0
DA:592,0
LF:134
LH:0
BRDA:40,0,0,0
BRDA:40,0,1,0
BRDA:45,1,0,0
BRDA:45,1,1,0
BRDA:59,2,0,0
BRDA:59,2,1,0
BRDA:62,3,0,0
BRDA:62,3,1,0
BRDA:67,4,0,0
BRDA:67,4,1,0
BRDA:68,5,0,0
BRDA:68,5,1,0
BRDA:75,6,0,0
BRDA:75,6,1,0
BRDA:75,6,2,0
BRDA:75,6,3,0
BRDA:75,6,4,0
BRDA:75,6,5,0
BRDA:75,6,6,0
BRDA:97,7,0,0
BRDA:171,8,0,0
BRDA:171,8,1,0
BRDA:172,9,0,0
BRDA:172,9,1,0
BRDA:173,10,0,0
BRDA:173,10,1,0
BRDA:180,11,0,0
BRDA:183,12,0,0
BRDA:183,13,0,0
BRDA:183,13,1,0
BRDA:183,14,0,0
BRDA:183,14,1,0
BRDA:201,15,0,0
BRDA:201,15,1,0
BRDA:203,16,0,0
BRDA:203,16,1,0
BRDA:204,17,0,0
BRDA:204,17,1,0
BRDA:223,18,0,0
BRDA:246,19,0,0
BRDA:246,20,0,0
BRDA:246,20,1,0
BRDA:270,21,0,0
BRDA:270,21,1,0
BRDA:298,22,0,0
BRDA:333,23,0,0
BRDA:333,23,1,0
BRDA:334,24,0,0
BRDA:334,24,1,0
BRDA:335,25,0,0
BRDA:335,25,1,0
BRDA:446,26,0,0
BRDA:446,26,1,0
BRDA:447,27,0,0
BRDA:447,27,1,0
BRDA:456,28,0,0
BRDA:456,28,1,0
BRDA:457,29,0,0
BRDA:457,29,1,0
BRDA:458,30,0,0
BRDA:458,30,1,0
BRDA:482,31,0,0
BRDA:482,31,1,0
BRDA:496,32,0,0
BRDA:496,32,1,0
BRDA:510,33,0,0
BRDA:510,33,1,0
BRDA:511,34,0,0
BRDA:511,34,1,0
BRDA:546,35,0,0
BRDA:546,35,1,0
BRDA:546,36,0,0
BRDA:546,36,1,0
BRDA:546,36,2,0
BRDA:546,36,3,0
BRDA:548,37,0,0
BRDA:548,37,1,0
BRDA:548,38,0,0
BRDA:548,38,1,0
BRDA:548,38,2,0
BRDA:548,38,3,0
BRDA:550,39,0,0
BRDA:550,39,1,0
BRDA:550,40,0,0
BRDA:550,40,1,0
BRDA:550,40,2,0
BRDA:552,41,0,0
BRDA:552,41,1,0
BRDA:552,42,0,0
BRDA:552,42,1,0
BRDA:552,42,2,0
BRDA:554,43,0,0
BRDA:554,43,1,0
BRDA:554,44,0,0
BRDA:554,44,1,0
BRDA:556,45,0,0
BRDA:556,45,1,0
BRDA:556,46,0,0
BRDA:556,46,1,0
BRDA:556,46,2,0
BRDA:558,47,0,0
BRDA:558,47,1,0
BRDA:558,48,0,0
BRDA:558,48,1,0
BRDA:560,49,0,0
BRDA:560,49,1,0
BRDA:572,50,0,0
BRDA:572,50,1,0
BRDA:575,51,0,0
BRF:109
BRH:0
end_of_record
TN:
SF:src/agents/FinalReviewAgent.ts
FN:11,(anonymous_0)
FN:15,(anonymous_1)
FN:31,(anonymous_2)
FN:48,(anonymous_3)
FN:64,(anonymous_4)
FN:94,(anonymous_5)
FN:124,(anonymous_6)
FN:125,(anonymous_7)
FN:139,(anonymous_8)
FN:155,(anonymous_9)
FN:173,(anonymous_10)
FN:174,(anonymous_11)
FN:188,(anonymous_12)
FN:203,(anonymous_13)
FN:220,(anonymous_14)
FN:221,(anonymous_15)
FNF:16
FNH:0
FNDA:0,(anonymous_0)
FNDA:0,(anonymous_1)
FNDA:0,(anonymous_2)
FNDA:0,(anonymous_3)
FNDA:0,(anonymous_4)
FNDA:0,(anonymous_5)
FNDA:0,(anonymous_6)
FNDA:0,(anonymous_7)
FNDA:0,(anonymous_8)
FNDA:0,(anonymous_9)
FNDA:0,(anonymous_10)
FNDA:0,(anonymous_11)
FNDA:0,(anonymous_12)
FNDA:0,(anonymous_13)
FNDA:0,(anonymous_14)
FNDA:0,(anonymous_15)
DA:1,0
DA:10,0
DA:12,0
DA:21,0
DA:22,0
DA:24,0
DA:25,0
DA:31,0
DA:38,0
DA:44,0
DA:46,0
DA:47,0
DA:48,0
DA:49,0
DA:50,0
DA:52,0
DA:59,0
DA:60,0
DA:65,0
DA:66,0
DA:68,0
DA:69,0
DA:80,0
DA:86,0
DA:87,0
DA:89,0
DA:90,0
DA:100,0
DA:101,0
DA:103,0
DA:104,0
DA:114,0
DA:120,0
DA:122,0
DA:123,0
DA:124,0
DA:125,0
DA:127,0
DA:134,0
DA:135,0
DA:145,0
DA:146,0
DA:148,0
DA:149,0
DA:155,0
DA:162,0
DA:168,0
DA:170,0
DA:171,0
DA:172,0
DA:173,0
DA:174,0
DA:176,0
DA:183,0
DA:184,0
DA:193,0
DA:194,0
DA:196,0
DA:197,0
DA:203,0
DA:210,0
DA:216,0
DA:218,0
DA:219,0
DA:220,0
DA:221,0
DA:223,0
DA:229,0
DA:230,0
LF:69
LH:0
BRDA:39,0,0,0
BRDA:39,0,1,0
BRDA:47,1,0,0
BRDA:47,1,1,0
BRDA:48,2,0,0
BRDA:48,2,1,0
BRDA:50,3,0,0
BRDA:50,3,1,0
BRDA:81,4,0,0
BRDA:81,4,1,0
BRDA:115,5,0,0
BRDA:115,5,1,0
BRDA:123,6,0,0
BRDA:123,6,1,0
BRDA:124,7,0,0
BRDA:124,7,1,0
BRDA:125,8,0,0
BRDA:125,8,1,0
BRDA:163,9,0,0
BRDA:163,9,1,0
BRDA:172,10,0,0
BRDA:172,10,1,0
BRDA:173,11,0,0
BRDA:173,11,1,0
BRDA:174,12,0,0
BRDA:174,12,1,0
BRDA:211,13,0,0
BRDA:211,13,1,0
BRDA:219,14,0,0
BRDA:219,14,1,0
BRDA:220,15,0,0
BRDA:220,15,1,0
BRDA:221,16,0,0
BRDA:221,16,1,0
BRF:34
BRH:0
end_of_record
TN:
SF:src/agents/FinanceAgent.ts
FN:31,(anonymous_9)
FN:74,(anonymous_10)
FN:108,(anonymous_11)
FN:116,(anonymous_12)
FN:129,(anonymous_13)
FN:160,(anonymous_14)
FN:300,(anonymous_15)
FN:491,(anonymous_16)
FN:534,(anonymous_17)
FN:695,(anonymous_18)
FN:709,(anonymous_19)
FNF:11
FNH:0
FNDA:0,(anonymous_9)
FNDA:0,(anonymous_10)
FNDA:0,(anonymous_11)
FNDA:0,(anonymous_12)
FNDA:0,(anonymous_13)
FNDA:0,(anonymous_14)
FNDA:0,(anonymous_15)
FNDA:0,(anonymous_16)
FNDA:0,(anonymous_17)
FNDA:0,(anonymous_18)
FNDA:0,(anonymous_19)
DA:2,0
DA:3,0
DA:4,0
DA:5,0
DA:8,0
DA:14,0
DA:15,0
DA:16,0
DA:17,0
DA:18,0
DA:19,0
DA:39,0
DA:40,0
DA:41,0
DA:67,0
DA:68,0
DA:75,0
DA:77,0
DA:79,0
DA:89,0
DA:92,0
DA:93,0
DA:95,0
DA:96,0
DA:98,0
DA:99,0
DA:100,0
DA:101,0
DA:109,0
DA:117,0
DA:118,0
DA:119,0
DA:120,0
DA:121,0
DA:153,0
DA:155,0
DA:156,0
DA:157,0
DA:160,0
DA:161,0
DA:163,0
DA:165,0
DA:167,0
DA:168,0
DA:170,0
DA:172,0
DA:173,0
DA:182,0
DA:205,0
DA:212,0
DA:261,0
DA:268,0
DA:271,0
DA:279,0
DA:282,0
DA:284,0
DA:289,0
DA:290,0
DA:291,0
DA:343,0
DA:345,0
DA:346,0
DA:347,0
DA:350,0
DA:352,0
DA:354,0
DA:355,0
DA:357,0
DA:359,0
DA:360,0
DA:369,0
DA:393,0
DA:400,0
DA:452,0
DA:459,0
DA:462,0
DA:470,0
DA:473,0
DA:475,0
DA:480,0
DA:481,0
DA:482,0
DA:527,0
DA:529,0
DA:530,0
DA:531,0
DA:534,0
DA:535,0
DA:537,0
DA:539,0
DA:541,0
DA:542,0
DA:544,0
DA:546,0
DA:547,0
DA:556,0
DA:579,0
DA:586,0
DA:658,0
DA:665,0
DA:668,0
DA:676,0
DA:679,0
DA:681,0
DA:686,0
DA:687,0
DA:688,0
DA:696,0
DA:697,0
DA:699,0
DA:700,0
DA:701,0
DA:710,0
DA:711,0
DA:712,0
DA:713,0
DA:714,0
DA:716,0
DA:717,0
LF:119
LH:0
BRDA:40,0,0,0
BRDA:40,0,1,0
BRDA:45,1,0,0
BRDA:45,1,1,0
BRDA:60,2,0,0
BRDA:60,2,1,0
BRDA:62,3,0,0
BRDA:62,3,1,0
BRDA:67,4,0,0
BRDA:67,4,1,0
BRDA:68,5,0,0
BRDA:68,5,1,0
BRDA:75,6,0,0
BRDA:156,7,0,0
BRDA:156,7,1,0
BRDA:157,8,0,0
BRDA:157,8,1,0
BRDA:167,9,0,0
BRDA:170,10,0,0
BRDA:170,11,0,0
BRDA:170,11,1,0
BRDA:170,12,0,0
BRDA:170,12,1,0
BRDA:189,13,0,0
BRDA:189,13,1,0
BRDA:190,14,0,0
BRDA:190,14,1,0
BRDA:191,15,0,0
BRDA:191,15,1,0
BRDA:199,16,0,0
BRDA:199,16,1,0
BRDA:200,17,0,0
BRDA:200,17,1,0
BRDA:241,18,0,0
BRDA:241,18,1,0
BRDA:246,19,0,0
BRDA:246,19,1,0
BRDA:275,20,0,0
BRDA:275,20,1,0
BRDA:346,21,0,0
BRDA:346,21,1,0
BRDA:347,22,0,0
BRDA:347,22,1,0
BRDA:354,23,0,0
BRDA:357,24,0,0
BRDA:357,25,0,0
BRDA:357,25,1,0
BRDA:357,26,0,0
BRDA:357,26,1,0
BRDA:374,27,0,0
BRDA:374,27,1,0
BRDA:375,28,0,0
BRDA:375,28,1,0
BRDA:376,29,0,0
BRDA:376,29,1,0
BRDA:377,30,0,0
BRDA:377,30,1,0
BRDA:378,31,0,0
BRDA:378,31,1,0
BRDA:385,32,0,0
BRDA:385,32,1,0
BRDA:385,33,0,0
BRDA:385,33,1,0
BRDA:386,34,0,0
BRDA:386,34,1,0
BRDA:388,35,0,0
BRDA:388,35,1,0
BRDA:389,36,0,0
BRDA:389,36,1,0
BRDA:416,37,0,0
BRDA:416,37,1,0
BRDA:416,38,0,0
BRDA:416,38,1,0
BRDA:426,39,0,0
BRDA:426,39,1,0
BRDA:431,40,0,0
BRDA:431,40,1,0
BRDA:441,41,0,0
BRDA:441,41,1,0
BRDA:466,42,0,0
BRDA:466,42,1,0
BRDA:530,43,0,0
BRDA:530,43,1,0
BRDA:531,44,0,0
BRDA:531,44,1,0
BRDA:541,45,0,0
BRDA:544,46,0,0
BRDA:544,47,0,0
BRDA:544,47,1,0
BRDA:544,48,0,0
BRDA:544,48,1,0
BRDA:563,49,0,0
BRDA:563,49,1,0
BRDA:563,50,0,0
BRDA:563,50,1,0
BRDA:564,51,0,0
BRDA:564,51,1,0
BRDA:565,52,0,0
BRDA:565,52,1,0
BRDA:570,53,0,0
BRDA:570,53,1,0
BRDA:571,54,0,0
BRDA:571,54,1,0
BRDA:572,55,0,0
BRDA:572,55,1,0
BRDA:605,56,0,0
BRDA:605,56,1,0
BRDA:630,57,0,0
BRDA:630,57,1,0
BRDA:638,58,0,0
BRDA:638,58,1,0
BRDA:672,59,0,0
BRDA:672,59,1,0
BRDA:697,60,0,0
BRDA:697,60,1,0
BRDA:700,61,0,0
BRF:116
BRH:0
end_of_record
TN:
SF:src/agents/HRAgent.ts
FN:31,(anonymous_9)
FN:74,(anonymous_10)
FN:108,(anonymous_11)
FN:116,(anonymous_12)
FN:129,(anonymous_13)
FN:187,(anonymous_14)
FN:189,(anonymous_15)
FN:191,(anonymous_16)
FN:272,(anonymous_17)
FN:411,(anonymous_18)
FN:558,(anonymous_19)
FN:572,(anonymous_20)
FNF:12
FNH:0
FNDA:0,(anonymous_9)
FNDA:0,(anonymous_10)
FNDA:0,(anonymous_11)
FNDA:0,(anonymous_12)
FNDA:0,(anonymous_13)
FNDA:0,(anonymous_14)
FNDA:0,(anonymous_15)
FNDA:0,(anonymous_16)
FNDA:0,(anonymous_17)
FNDA:0,(anonymous_18)
FNDA:0,(anonymous_19)
FNDA:0,(anonymous_20)
DA:2,0
DA:3,0
DA:4,0
DA:5,0
DA:8,0
DA:14,0
DA:15,0
DA:16,0
DA:17,0
DA:18,0
DA:19,0
DA:39,0
DA:40,0
DA:41,0
DA:67,0
DA:68,0
DA:75,0
DA:77,0
DA:79,0
DA:89,0
DA:92,0
DA:93,0
DA:95,0
DA:96,0
DA:98,0
DA:99,0
DA:100,0
DA:101,0
DA:109,0
DA:117,0
DA:118,0
DA:119,0
DA:120,0
DA:121,0
DA:153,0
DA:155,0
DA:156,0
DA:159,0
DA:161,0
DA:163,0
DA:164,0
DA:166,0
DA:168,0
DA:169,0
DA:178,0
DA:187,0
DA:189,0
DA:191,0
DA:208,0
DA:215,0
DA:233,0
DA:240,0
DA:243,0
DA:251,0
DA:254,0
DA:256,0
DA:261,0
DA:262,0
DA:263,0
DA:293,0
DA:295,0
DA:296,0
DA:297,0
DA:298,0
DA:301,0
DA:303,0
DA:305,0
DA:306,0
DA:308,0
DA:310,0
DA:311,0
DA:320,0
DA:339,0
DA:346,0
DA:367,0
DA:374,0
DA:377,0
DA:378,0
DA:382,0
DA:390,0
DA:393,0
DA:395,0
DA:400,0
DA:401,0
DA:402,0
DA:449,0
DA:451,0
DA:452,0
DA:454,0
DA:456,0
DA:476,0
DA:483,0
DA:532,0
DA:539,0
DA:542,0
DA:544,0
DA:549,0
DA:550,0
DA:551,0
DA:559,0
DA:560,0
DA:562,0
DA:563,0
DA:564,0
DA:573,0
DA:574,0
DA:575,0
DA:576,0
DA:577,0
DA:579,0
DA:580,0
LF:111
LH:0
BRDA:40,0,0,0
BRDA:40,0,1,0
BRDA:45,1,0,0
BRDA:45,1,1,0
BRDA:60,2,0,0
BRDA:60,2,1,0
BRDA:62,3,0,0
BRDA:62,3,1,0
BRDA:67,4,0,0
BRDA:67,4,1,0
BRDA:68,5,0,0
BRDA:68,5,1,0
BRDA:75,6,0,0
BRDA:156,7,0,0
BRDA:156,7,1,0
BRDA:159,8,0,0
BRDA:159,8,1,0
BRDA:159,9,0,0
BRDA:159,9,1,0
BRDA:159,10,0,0
BRDA:159,10,1,0
BRDA:163,11,0,0
BRDA:166,12,0,0
BRDA:166,13,0,0
BRDA:166,13,1,0
BRDA:166,14,0,0
BRDA:166,14,1,0
BRDA:182,15,0,0
BRDA:182,15,1,0
BRDA:184,16,0,0
BRDA:184,16,1,0
BRDA:185,17,0,0
BRDA:185,17,1,0
BRDA:185,18,0,0
BRDA:185,18,1,0
BRDA:187,19,0,0
BRDA:187,19,1,0
BRDA:189,20,0,0
BRDA:189,20,1,0
BRDA:191,21,0,0
BRDA:191,21,1,0
BRDA:193,22,0,0
BRDA:193,22,1,0
BRDA:195,23,0,0
BRDA:195,23,1,0
BRDA:247,24,0,0
BRDA:247,24,1,0
BRDA:296,25,0,0
BRDA:296,25,1,0
BRDA:297,26,0,0
BRDA:297,26,1,0
BRDA:298,27,0,0
BRDA:298,27,1,0
BRDA:301,28,0,0
BRDA:301,28,1,0
BRDA:305,29,0,0
BRDA:308,30,0,0
BRDA:308,31,0,0
BRDA:308,31,1,0
BRDA:308,32,0,0
BRDA:308,32,1,0
BRDA:324,33,0,0
BRDA:324,33,1,0
BRDA:325,34,0,0
BRDA:325,34,1,0
BRDA:331,35,0,0
BRDA:331,35,1,0
BRDA:358,36,0,0
BRDA:358,36,1,0
BRDA:377,37,0,0
BRDA:386,38,0,0
BRDA:386,38,1,0
BRDA:452,39,0,0
BRDA:452,39,1,0
BRDA:459,40,0,0
BRDA:459,40,1,0
BRDA:461,41,0,0
BRDA:461,41,1,0
BRDA:461,42,0,0
BRDA:461,42,1,0
BRDA:466,43,0,0
BRDA:466,43,1,0
BRDA:467,44,0,0
BRDA:467,44,1,0
BRDA:468,45,0,0
BRDA:468,45,1,0
BRDA:504,46,0,0
BRDA:504,46,1,0
BRDA:505,47,0,0
BRDA:505,47,1,0
BRDA:513,48,0,0
BRDA:513,48,1,0
BRDA:560,49,0,0
BRDA:560,49,1,0
BRDA:563,50,0,0
BRF:95
BRH:0
end_of_record
TN:
SF:src/agents/LegalAgent.ts
FN:31,(anonymous_9)
FN:76,(anonymous_10)
FN:110,(anonymous_11)
FN:118,(anonymous_12)
FN:132,(anonymous_13)
FN:197,(anonymous_14)
FN:198,(anonymous_15)
FN:295,(anonymous_16)
FN:330,(anonymous_17)
FN:465,(anonymous_18)
FN:623,(anonymous_19)
FN:637,(anonymous_20)
FNF:12
FNH:0
FNDA:0,(anonymous_9)
FNDA:0,(anonymous_10)
FNDA:0,(anonymous_11)
FNDA:0,(anonymous_12)
FNDA:0,(anonymous_13)
FNDA:0,(anonymous_14)
FNDA:0,(anonymous_15)
FNDA:0,(anonymous_16)
FNDA:0,(anonymous_17)
FNDA:0,(anonymous_18)
FNDA:0,(anonymous_19)
FNDA:0,(anonymous_20)
DA:2,0
DA:3,0
DA:4,0
DA:5,0
DA:8,0
DA:14,0
DA:15,0
DA:16,0
DA:17,0
DA:18,0
DA:19,0
DA:40,0
DA:41,0
DA:42,0
DA:69,0
DA:70,0
DA:77,0
DA:79,0
DA:81,0
DA:91,0
DA:94,0
DA:95,0
DA:97,0
DA:98,0
DA:100,0
DA:101,0
DA:102,0
DA:103,0
DA:111,0
DA:119,0
DA:120,0
DA:121,0
DA:122,0
DA:123,0
DA:162,0
DA:164,0
DA:165,0
DA:166,0
DA:169,0
DA:171,0
DA:173,0
DA:174,0
DA:176,0
DA:178,0
DA:179,0
DA:188,0
DA:197,0
DA:198,0
DA:214,0
DA:221,0
DA:224,0
DA:256,0
DA:263,0
DA:266,0
DA:274,0
DA:277,0
DA:279,0
DA:284,0
DA:285,0
DA:286,0
DA:323,0
DA:325,0
DA:326,0
DA:327,0
DA:330,0
DA:331,0
DA:333,0
DA:335,0
DA:337,0
DA:338,0
DA:340,0
DA:342,0
DA:343,0
DA:352,0
DA:383,0
DA:390,0
DA:426,0
DA:433,0
DA:436,0
DA:444,0
DA:447,0
DA:449,0
DA:454,0
DA:455,0
DA:456,0
DA:490,0
DA:492,0
DA:493,0
DA:494,0
DA:497,0
DA:499,0
DA:501,0
DA:502,0
DA:504,0
DA:506,0
DA:507,0
DA:516,0
DA:543,0
DA:550,0
DA:586,0
DA:593,0
DA:596,0
DA:604,0
DA:607,0
DA:609,0
DA:614,0
DA:615,0
DA:616,0
DA:624,0
DA:625,0
DA:627,0
DA:628,0
DA:629,0
DA:638,0
DA:639,0
DA:640,0
DA:641,0
DA:642,0
DA:644,0
DA:645,0
LF:120
LH:0
BRDA:41,0,0,0
BRDA:41,0,1,0
BRDA:46,1,0,0
BRDA:46,1,1,0
BRDA:46,2,0,0
BRDA:46,2,1,0
BRDA:59,3,0,0
BRDA:59,3,1,0
BRDA:62,4,0,0
BRDA:62,4,1,0
BRDA:64,5,0,0
BRDA:64,5,1,0
BRDA:69,6,0,0
BRDA:69,6,1,0
BRDA:70,7,0,0
BRDA:70,7,1,0
BRDA:77,8,0,0
BRDA:165,9,0,0
BRDA:165,9,1,0
BRDA:166,10,0,0
BRDA:166,10,1,0
BRDA:173,11,0,0
BRDA:176,12,0,0
BRDA:176,13,0,0
BRDA:176,13,1,0
BRDA:176,14,0,0
BRDA:176,14,1,0
BRDA:192,15,0,0
BRDA:192,15,1,0
BRDA:193,16,0,0
BRDA:193,16,1,0
BRDA:194,17,0,0
BRDA:194,17,1,0
BRDA:194,18,0,0
BRDA:194,18,1,0
BRDA:195,19,0,0
BRDA:195,19,1,0
BRDA:196,20,0,0
BRDA:196,20,1,0
BRDA:197,21,0,0
BRDA:197,21,1,0
BRDA:198,22,0,0
BRDA:198,22,1,0
BRDA:201,23,0,0
BRDA:201,23,1,0
BRDA:202,24,0,0
BRDA:202,24,1,0
BRDA:205,25,0,0
BRDA:205,25,1,0
BRDA:205,25,2,0
BRDA:239,26,0,0
BRDA:239,26,1,0
BRDA:270,27,0,0
BRDA:270,27,1,0
BRDA:326,28,0,0
BRDA:326,28,1,0
BRDA:327,29,0,0
BRDA:327,29,1,0
BRDA:337,30,0,0
BRDA:340,31,0,0
BRDA:340,32,0,0
BRDA:340,32,1,0
BRDA:340,33,0,0
BRDA:340,33,1,0
BRDA:353,34,0,0
BRDA:353,34,1,0
BRDA:358,35,0,0
BRDA:358,35,1,0
BRDA:359,36,0,0
BRDA:359,36,1,0
BRDA:359,37,0,0
BRDA:359,37,1,0
BRDA:440,38,0,0
BRDA:440,38,1,0
BRDA:493,39,0,0
BRDA:493,39,1,0
BRDA:494,40,0,0
BRDA:494,40,1,0
BRDA:494,40,2,0
BRDA:501,41,0,0
BRDA:504,42,0,0
BRDA:504,43,0,0
BRDA:504,43,1,0
BRDA:504,44,0,0
BRDA:504,44,1,0
BRDA:521,45,0,0
BRDA:521,45,1,0
BRDA:522,46,0,0
BRDA:522,46,1,0
BRDA:523,47,0,0
BRDA:523,47,1,0
BRDA:524,48,0,0
BRDA:524,48,1,0
BRDA:600,49,0,0
BRDA:600,49,1,0
BRDA:625,50,0,0
BRDA:625,50,1,0
BRDA:628,51,0,0
BRF:98
BRH:0
end_of_record
TN:
SF:src/agents/MarketingAgent.ts
FN:31,(anonymous_9)
FN:72,(anonymous_10)
FN:106,(anonymous_11)
FN:114,(anonymous_12)
FN:127,(anonymous_13)
FN:263,(anonymous_14)
FN:363,(anonymous_15)
FN:377,(anonymous_16)
FNF:8
FNH:0
FNDA:0,(anonymous_9)
FNDA:0,(anonymous_10)
FNDA:0,(anonymous_11)
FNDA:0,(anonymous_12)
FNDA:0,(anonymous_13)
FNDA:0,(anonymous_14)
FNDA:0,(anonymous_15)
FNDA:0,(anonymous_16)
DA:2,0
DA:3,0
DA:4,0
DA:5,0
DA:8,0
DA:14,0
DA:15,0
DA:16,0
DA:17,0
DA:18,0
DA:19,0
DA:38,0
DA:39,0
DA:65,0
DA:66,0
DA:73,0
DA:75,0
DA:77,0
DA:87,0
DA:90,0
DA:91,0
DA:93,0
DA:94,0
DA:96,0
DA:97,0
DA:98,0
DA:99,0
DA:107,0
DA:115,0
DA:116,0
DA:117,0
DA:118,0
DA:119,0
DA:148,0
DA:150,0
DA:151,0
DA:153,0
DA:155,0
DA:156,0
DA:158,0
DA:160,0
DA:161,0
DA:170,0
DA:194,0
DA:201,0
DA:204,0
DA:221,0
DA:228,0
DA:231,0
DA:234,0
DA:242,0
DA:245,0
DA:247,0
DA:252,0
DA:253,0
DA:254,0
DA:276,0
DA:278,0
DA:279,0
DA:281,0
DA:283,0
DA:299,0
DA:306,0
DA:337,0
DA:344,0
DA:347,0
DA:349,0
DA:354,0
DA:355,0
DA:356,0
DA:364,0
DA:365,0
DA:367,0
DA:368,0
DA:369,0
DA:378,0
DA:379,0
DA:380,0
DA:381,0
DA:382,0
DA:384,0
DA:385,0
LF:82
LH:0
BRDA:43,0,0,0
BRDA:43,0,1,0
BRDA:58,1,0,0
BRDA:58,1,1,0
BRDA:60,2,0,0
BRDA:60,2,1,0
BRDA:65,3,0,0
BRDA:65,3,1,0
BRDA:66,4,0,0
BRDA:66,4,1,0
BRDA:73,5,0,0
BRDA:151,6,0,0
BRDA:151,6,1,0
BRDA:151,7,0,0
BRDA:151,7,1,0
BRDA:151,8,0,0
BRDA:151,8,1,0
BRDA:155,9,0,0
BRDA:158,10,0,0
BRDA:158,11,0,0
BRDA:158,11,1,0
BRDA:158,12,0,0
BRDA:158,12,1,0
BRDA:175,13,0,0
BRDA:175,13,1,0
BRDA:176,14,0,0
BRDA:176,14,1,0
BRDA:177,15,0,0
BRDA:177,15,1,0
BRDA:178,16,0,0
BRDA:178,16,1,0
BRDA:179,17,0,0
BRDA:179,17,1,0
BRDA:180,18,0,0
BRDA:180,18,1,0
BRDA:181,19,0,0
BRDA:181,19,1,0
BRDA:238,20,0,0
BRDA:238,20,1,0
BRDA:279,21,0,0
BRDA:279,21,1,0
BRDA:287,22,0,0
BRDA:287,22,1,0
BRDA:288,23,0,0
BRDA:288,23,1,0
BRDA:295,24,0,0
BRDA:295,24,1,0
BRDA:302,25,0,0
BRDA:302,25,1,0
BRDA:302,26,0,0
BRDA:302,26,1,0
BRDA:321,27,0,0
BRDA:321,27,1,0
BRDA:365,28,0,0
BRDA:365,28,1,0
BRDA:368,29,0,0
BRF:56
BRH:0
end_of_record
TN:
SF:src/agents/PlanningAgent.ts
FN:11,(anonymous_0)
FN:15,(anonymous_1)
FN:28,(anonymous_2)
FN:45,(anonymous_3)
FN:46,(anonymous_4)
FN:47,(anonymous_5)
FN:48,(anonymous_6)
FN:56,(anonymous_7)
FN:84,(anonymous_8)
FN:85,(anonymous_9)
FNF:10
FNH:0
FNDA:0,(anonymous_0)
FNDA:0,(anonymous_1)
FNDA:0,(anonymous_2)
FNDA:0,(anonymous_3)
FNDA:0,(anonymous_4)
FNDA:0,(anonymous_5)
FNDA:0,(anonymous_6)
FNDA:0,(anonymous_7)
FNDA:0,(anonymous_8)
FNDA:0,(anonymous_9)
DA:1,0
DA:10,0
DA:12,0
DA:21,0
DA:22,0
DA:24,0
DA:25,0
DA:28,0
DA:36,0
DA:42,0
DA:44,0
DA:45,0
DA:46,0
DA:47,0
DA:48,0
DA:51,0
DA:52,0
DA:61,0
DA:62,0
DA:64,0
DA:65,0
DA:74,0
DA:80,0
DA:82,0
DA:84,0
DA:85,0
DA:88,0
DA:89,0
LF:28
LH:0
BRDA:37,0,0,0
BRDA:37,0,1,0
BRDA:48,1,0,0
BRDA:48,1,1,0
BRDA:75,2,0,0
BRDA:75,2,1,0
BRF:6
BRH:0
end_of_record
TN:
SF:src/agents/ResearchAgent.ts
FN:28,(anonymous_9)
FN:38,(anonymous_10)
FN:78,(anonymous_11)
FN:133,(anonymous_12)
FN:184,(anonymous_13)
FN:185,(anonymous_14)
FN:213,(anonymous_15)
FN:285,(anonymous_16)
FN:297,(anonymous_17)
FNF:9
FNH:0
FNDA:0,(anonymous_9)
FNDA:0,(anonymous_10)
FNDA:0,(anonymous_11)
FNDA:0,(anonymous_12)
FNDA:0,(anonymous_13)
FNDA:0,(anonymous_14)
FNDA:0,(anonymous_15)
FNDA:0,(anonymous_16)
FNDA:0,(anonymous_17)
DA:1,0
DA:6,0
DA:9,0
DA:15,0
DA:16,0
DA:29,0
DA:39,0
DA:41,0
DA:42,0
DA:51,0
DA:57,0
DA:59,0
DA:67,0
DA:68,0
DA:84,0
DA:86,0
DA:88,0
DA:90,0
DA:103,0
DA:110,0
DA:112,0
DA:115,0
DA:122,0
DA:123,0
DA:143,0
DA:145,0
DA:147,0
DA:149,0
DA:150,0
DA:151,0
DA:153,0
DA:154,0
DA:155,0
DA:156,0
DA:158,0
DA:168,0
DA:175,0
DA:178,0
DA:179,0
DA:180,0
DA:181,0
DA:182,0
DA:184,0
DA:185,0
DA:190,0
DA:192,0
DA:195,0
DA:202,0
DA:203,0
DA:221,0
DA:223,0
DA:225,0
DA:227,0
DA:244,0
DA:251,0
DA:254,0
DA:255,0
DA:256,0
DA:257,0
DA:260,0
DA:261,0
DA:262,0
DA:263,0
DA:265,0
DA:268,0
DA:277,0
DA:278,0
DA:286,0
DA:287,0
DA:288,0
DA:289,0
DA:298,0
DA:299,0
DA:300,0
DA:301,0
DA:303,0
DA:304,0
LF:77
LH:0
BRDA:52,0,0,0
BRDA:52,0,1,0
BRDA:96,1,0,0
BRDA:96,1,1,0
BRDA:104,2,0,0
BRDA:104,2,1,0
BRDA:149,3,0,0
BRDA:149,3,1,0
BRDA:150,4,0,0
BRDA:150,4,1,0
BRDA:151,5,0,0
BRDA:151,5,1,0
BRDA:154,6,0,0
BRDA:154,6,1,0
BRDA:155,7,0,0
BRDA:155,7,1,0
BRDA:162,8,0,0
BRDA:162,8,1,0
BRDA:164,9,0,0
BRDA:164,9,1,0
BRDA:169,10,0,0
BRDA:169,10,1,0
BRDA:179,11,0,0
BRDA:181,12,0,0
BRDA:232,13,0,0
BRDA:232,13,1,0
BRDA:245,14,0,0
BRDA:245,14,1,0
BRDA:260,15,0,0
BRDA:260,15,1,0
BRDA:261,16,0,0
BRDA:261,16,1,0
BRDA:262,17,0,0
BRDA:262,17,1,0
BRDA:263,18,0,0
BRDA:263,18,1,0
BRDA:288,19,0,0
BRF:37
BRH:0
end_of_record
TN:
SF:src/agents/ReviewAgent.ts
FN:11,(anonymous_0)
FN:15,(anonymous_1)
FN:31,(anonymous_2)
FN:49,(anonymous_3)
FN:50,(anonymous_4)
FN:64,(anonymous_5)
FN:79,(anonymous_6)
FN:96,(anonymous_7)
FN:97,(anonymous_8)
FNF:9
FNH:0
FNDA:0,(anonymous_0)
FNDA:0,(anonymous_1)
FNDA:0,(anonymous_2)
FNDA:0,(anonymous_3)
FNDA:0,(anonymous_4)
FNDA:0,(anonymous_5)
FNDA:0,(anonymous_6)
FNDA:0,(anonymous_7)
FNDA:0,(anonymous_8)
DA:1,0
DA:10,0
DA:12,0
DA:21,0
DA:22,0
DA:24,0
DA:25,0
DA:31,0
DA:38,0
DA:44,0
DA:46,0
DA:47,0
DA:48,0
DA:49,0
DA:50,0
DA:52,0
DA:59,0
DA:60,0
DA:69,0
DA:70,0
DA:72,0
DA:73,0
DA:79,0
DA:86,0
DA:92,0
DA:94,0
DA:95,0
DA:96,0
DA:97,0
DA:99,0
DA:105,0
DA:106,0
LF:32
LH:0
BRDA:39,0,0,0
BRDA:39,0,1,0
BRDA:48,1,0,0
BRDA:48,1,1,0
BRDA:49,2,0,0
BRDA:49,2,1,0
BRDA:50,3,0,0
BRDA:50,3,1,0
BRDA:87,4,0,0
BRDA:87,4,1,0
BRDA:95,5,0,0
BRDA:95,5,1,0
BRDA:96,6,0,0
BRDA:96,6,1,0
BRDA:97,7,0,0
BRDA:97,7,1,0
BRF:16
BRH:0
end_of_record
TN:
SF:src/agents/RevisionAgent.ts
FN:5,(anonymous_0)
FN:9,(anonymous_1)
FNF:2
FNH:0
FNDA:0,(anonymous_0)
FNDA:0,(anonymous_1)
DA:1,0
DA:4,0
DA:6,0
DA:10,0
DA:22,0
DA:28,0
LF:6
LH:0
BRDA:23,0,0,0
BRDA:23,0,1,0
BRF:2
BRH:0
end_of_record
TN:
SF:src/agents/WritingAgent.ts
FN:11,(anonymous_0)
FN:15,(anonymous_1)
FN:31,(anonymous_2)
FN:48,(anonymous_3)
FN:67,(anonymous_4)
FN:78,(anonymous_5)
FN:96,(anonymous_6)
FN:111,(anonymous_7)
FN:123,(anonymous_8)
FN:140,(anonymous_9)
FN:146,(anonymous_10)
FN:153,(anonymous_11)
FN:155,(anonymous_12)
FNF:13
FNH:0
FNDA:0,(anonymous_0)
FNDA:0,(anonymous_1)
FNDA:0,(anonymous_2)
FNDA:0,(anonymous_3)
FNDA:0,(anonymous_4)
FNDA:0,(anonymous_5)
FNDA:0,(anonymous_6)
FNDA:0,(anonymous_7)
FNDA:0,(anonymous_8)
FNDA:0,(anonymous_9)
FNDA:0,(anonymous_10)
FNDA:0,(anonymous_11)
FNDA:0,(anonymous_12)
DA:1,0
DA:10,0
DA:12,0
DA:24,0
DA:25,0
DA:27,0
DA:28,0
DA:31,0
DA:40,0
DA:46,0
DA:48,0
DA:49,0
DA:50,0
DA:52,0
DA:62,0
DA:63,0
DA:68,0
DA:69,0
DA:71,0
DA:72,0
DA:78,0
DA:82,0
DA:88,0
DA:89,0
DA:91,0
DA:92,0
DA:104,0
DA:105,0
DA:107,0
DA:108,0
DA:111,0
DA:115,0
DA:121,0
DA:123,0
DA:124,0
DA:126,0
DA:135,0
DA:136,0
DA:142,0
DA:143,0
DA:144,0
DA:146,0
DA:147,0
DA:148,0
DA:152,0
DA:153,0
DA:155,0
LF:47
LH:0
BRDA:15,0,0,0
BRDA:41,1,0,0
BRDA:41,1,1,0
BRDA:83,2,0,0
BRDA:83,2,1,0
BRDA:116,3,0,0
BRDA:116,3,1,0
BRDA:147,4,0,0
BRDA:147,5,0,0
BRDA:147,5,1,0
BRDA:148,6,0,0
BRDA:148,6,1,0
BRF:12
BRH:0
end_of_record
TN:
SF:src/config/validator.ts
FN:70,(anonymous_9)
FN:79,loadEnv
FN:92,parseBoolean
FN:100,parseNumber
FN:109,validateConfig
FN:205,loadConfig
FN:278,getConfig
FN:284,(anonymous_16)
FN:296,config
FNF:9
FNH:0
FNDA:0,(anonymous_9)
FNDA:0,loadEnv
FNDA:0,parseBoolean
FNDA:0,parseNumber
FNDA:0,validateConfig
FNDA:0,loadConfig
FNDA:0,getConfig
FNDA:0,(anonymous_16)
FNDA:0,config
DA:1,0
DA:2,0
DA:3,0
DA:69,0
DA:70,0
DA:71,0
DA:72,0
DA:81,0
DA:82,0
DA:83,0
DA:86,0
DA:93,0
DA:94,0
DA:101,0
DA:102,0
DA:103,0
DA:110,0
DA:113,0
DA:114,0
DA:116,0
DA:117,0
DA:119,0
DA:120,0
DA:124,0
DA:125,0
DA:126,0
DA:128,0
DA:129,0
DA:131,0
DA:132,0
DA:136,0
DA:137,0
DA:139,0
DA:140,0
DA:144,0
DA:145,0
DA:147,0
DA:148,0
DA:150,0
DA:151,0
DA:152,0
DA:156,0
DA:157,0
DA:159,0
DA:160,0
DA:162,0
DA:163,0
DA:165,0
DA:166,0
DA:168,0
DA:169,0
DA:173,0
DA:174,0
DA:175,0
DA:177,0
DA:178,0
DA:183,0
DA:184,0
DA:186,0
DA:187,0
DA:189,0
DA:190,0
DA:194,0
DA:195,0
DA:196,0
DA:199,0
DA:205,0
DA:206,0
DA:208,0
DA:267,0
DA:268,0
DA:269,0
DA:272,0
DA:278,0
DA:279,0
DA:280,0
DA:282,0
DA:283,0
DA:284,0
DA:285,0
DA:287,0
DA:294,0
DA:296,0
DA:297,0
DA:298,0
DA:300,0
LF:86
LH:0
BRDA:82,0,0,0
BRDA:93,1,0,0
BRDA:94,2,0,0
BRDA:94,2,1,0
BRDA:101,3,0,0
BRDA:103,4,0,0
BRDA:103,4,1,0
BRDA:113,5,0,0
BRDA:113,6,0,0
BRDA:113,6,1,0
BRDA:116,7,0,0
BRDA:119,8,0,0
BRDA:119,9,0,0
BRDA:119,9,1,0
BRDA:125,10,0,0
BRDA:128,11,0,0
BRDA:131,12,0,0
BRDA:136,13,0,0
BRDA:139,14,0,0
BRDA:144,15,0,0
BRDA:144,16,0,0
BRDA:144,16,1,0
BRDA:147,17,0,0
BRDA:147,18,0,0
BRDA:147,18,1,0
BRDA:151,19,0,0
BRDA:156,20,0,0
BRDA:159,21,0,0
BRDA:162,22,0,0
BRDA:162,23,0,0
BRDA:162,23,1,0
BRDA:165,24,0,0
BRDA:165,25,0,0
BRDA:165,25,1,0
BRDA:168,26,0,0
BRDA:173,27,0,0
BRDA:174,28,0,0
BRDA:177,29,0,0
BRDA:183,30,0,0
BRDA:186,31,0,0
BRDA:189,32,0,0
BRDA:195,33,0,0
BRDA:210,34,0,0
BRDA:210,34,1,0
BRDA:211,35,0,0
BRDA:211,35,1,0
BRDA:216,36,0,0
BRDA:216,36,1,0
BRDA:217,37,0,0
BRDA:217,37,1,0
BRDA:226,38,0,0
BRDA:226,38,1,0
BRDA:234,39,0,0
BRDA:234,39,1,0
BRDA:235,40,0,0
BRDA:235,40,1,0
BRDA:260,41,0,0
BRDA:260,41,1,0
BRDA:268,42,0,0
BRDA:282,43,0,0
BRDA:297,44,0,0
BRF:61
BRH:0
end_of_record
TN:
SF:src/core/events/EventSystem.ts
FN:45,(anonymous_9)
FN:60,(anonymous_10)
FN:67,(anonymous_11)
FN:103,(anonymous_12)
FN:111,(anonymous_13)
FN:115,(anonymous_14)
FN:119,(anonymous_15)
FN:144,(anonymous_16)
FN:148,(anonymous_17)
FN:150,(anonymous_18)
FN:153,(anonymous_19)
FN:156,(anonymous_20)
FN:157,(anonymous_21)
FN:160,(anonymous_22)
FN:170,(anonymous_23)
FN:176,(anonymous_24)
FN:185,(anonymous_25)
FN:191,(anonymous_26)
FN:195,(anonymous_27)
FN:198,(anonymous_28)
FN:208,(anonymous_29)
FN:213,(anonymous_30)
FN:217,(anonymous_31)
FN:230,(anonymous_32)
FN:270,(anonymous_33)
FN:278,(anonymous_34)
FN:290,(anonymous_35)
FN:329,(anonymous_36)
FN:336,(anonymous_37)
FN:340,(anonymous_38)
FNF:30
FNH:0
FNDA:0,(anonymous_9)
FNDA:0,(anonymous_10)
FNDA:0,(anonymous_11)
FNDA:0,(anonymous_12)
FNDA:0,(anonymous_13)
FNDA:0,(anonymous_14)
FNDA:0,(anonymous_15)
FNDA:0,(anonymous_16)
FNDA:0,(anonymous_17)
FNDA:0,(anonymous_18)
FNDA:0,(anonymous_19)
FNDA:0,(anonymous_20)
FNDA:0,(anonymous_21)
FNDA:0,(anonymous_22)
FNDA:0,(anonymous_23)
FNDA:0,(anonymous_24)
FNDA:0,(anonymous_25)
FNDA:0,(anonymous_26)
FNDA:0,(anonymous_27)
FNDA:0,(anonymous_28)
FNDA:0,(anonymous_29)
FNDA:0,(anonymous_30)
FNDA:0,(anonymous_31)
FNDA:0,(anonymous_32)
FNDA:0,(anonymous_33)
FNDA:0,(anonymous_34)
FNDA:0,(anonymous_35)
FNDA:0,(anonymous_36)
FNDA:0,(anonymous_37)
FNDA:0,(anonymous_38)
DA:1,0
DA:2,0
DA:3,0
DA:37,0
DA:39,0
DA:40,0
DA:41,0
DA:42,0
DA:43,0
DA:46,0
DA:47,0
DA:48,0
DA:49,0
DA:50,0
DA:51,0
DA:54,0
DA:55,0
DA:56,0
DA:61,0
DA:62,0
DA:64,0
DA:72,0
DA:73,0
DA:83,0
DA:84,0
DA:87,0
DA:90,0
DA:91,0
DA:92,0
DA:94,0
DA:97,0
DA:108,0
DA:112,0
DA:116,0
DA:120,0
DA:121,0
DA:124,0
DA:125,0
DA:126,0
DA:129,0
DA:131,0
DA:136,0
DA:137,0
DA:141,0
DA:145,0
DA:149,0
DA:150,0
DA:151,0
DA:153,0
DA:157,0
DA:161,0
DA:162,0
DA:165,0
DA:168,0
DA:170,0
DA:171,0
DA:176,0
DA:177,0
DA:178,0
DA:182,0
DA:185,0
DA:186,0
DA:187,0
DA:192,0
DA:193,0
DA:195,0
DA:199,0
DA:200,0
DA:203,0
DA:204,0
DA:209,0
DA:212,0
DA:213,0
DA:217,0
DA:220,0
DA:221,0
DA:222,0
DA:224,0
DA:225,0
DA:232,0
DA:233,0
DA:234,0
DA:235,0
DA:236,0
DA:241,0
DA:242,0
DA:246,0
DA:247,0
DA:251,0
DA:252,0
DA:254,0
DA:255,0
DA:259,0
DA:260,0
DA:261,0
DA:262,0
DA:267,0
DA:271,0
DA:272,0
DA:273,0
DA:279,0
DA:280,0
DA:283,0
DA:284,0
DA:286,0
DA:287,0
DA:291,0
DA:292,0
DA:295,0
DA:296,0
DA:298,0
DA:299,0
DA:301,0
DA:302,0
DA:304,0
DA:305,0
DA:306,0
DA:307,0
DA:310,0
DA:311,0
DA:313,0
DA:316,0
DA:317,0
DA:318,0
DA:320,0
DA:328,0
DA:329,0
DA:332,0
DA:337,0
DA:341,0
LF:130
LH:0
BRDA:45,0,0,0
BRDA:54,1,0,0
BRDA:54,2,0,0
BRDA:54,2,1,0
BRDA:61,3,0,0
BRDA:90,4,0,0
BRDA:91,5,0,0
BRDA:120,6,0,0
BRDA:125,7,0,0
BRDA:129,8,0,0
BRDA:129,9,0,0
BRDA:129,9,1,0
BRDA:136,10,0,0
BRDA:145,11,0,0
BRDA:145,11,1,0
BRDA:161,12,0,0
BRDA:161,12,1,0
BRDA:162,13,0,0
BRDA:162,13,1,0
BRDA:168,14,0,0
BRDA:177,15,0,0
BRDA:193,16,0,0
BRDA:203,17,0,0
BRDA:203,18,0,0
BRDA:203,18,1,0
BRDA:212,19,0,0
BRDA:221,20,0,0
BRDA:221,20,1,0
BRDA:232,21,0,0
BRDA:233,22,0,0
BRDA:233,22,1,0
BRDA:234,23,0,0
BRDA:235,24,0,0
BRDA:241,25,0,0
BRDA:241,26,0,0
BRDA:241,26,1,0
BRDA:246,27,0,0
BRDA:246,28,0,0
BRDA:246,28,1,0
BRDA:251,29,0,0
BRDA:251,30,0,0
BRDA:251,30,1,0
BRDA:254,31,0,0
BRDA:254,32,0,0
BRDA:254,32,1,0
BRDA:259,33,0,0
BRDA:261,34,0,0
BRDA:261,35,0,0
BRDA:261,35,1,0
BRDA:272,36,0,0
BRDA:279,37,0,0
BRDA:279,38,0,0
BRDA:279,38,1,0
BRDA:291,39,0,0
BRDA:291,40,0,0
BRDA:291,40,1,0
BRDA:301,41,0,0
BRDA:305,42,0,0
BRDA:310,43,0,0
BRDA:316,44,0,0
BRDA:317,45,0,0
BRF:61
BRH:0
end_of_record
TN:
SF:src/core/integration/patterns/Bulkhead.ts
FN:20,(anonymous_0)
FN:38,(anonymous_1)
FN:56,(anonymous_2)
FN:59,(anonymous_3)
FN:62,(anonymous_4)
FN:69,(anonymous_5)
FN:77,(anonymous_6)
FN:94,(anonymous_7)
FN:118,(anonymous_8)
FN:122,(anonymous_9)
FN:123,(anonymous_10)
FN:134,(anonymous_11)
FN:150,(anonymous_12)
FN:154,(anonymous_13)
FN:161,(anonymous_14)
FNF:15
FNH:0
FNDA:0,(anonymous_0)
FNDA:0,(anonymous_1)
FNDA:0,(anonymous_2)
FNDA:0,(anonymous_3)
FNDA:0,(anonymous_4)
FNDA:0,(anonymous_5)
FNDA:0,(anonymous_6)
FNDA:0,(anonymous_7)
FNDA:0,(anonymous_8)
FNDA:0,(anonymous_9)
FNDA:0,(anonymous_10)
FNDA:0,(anonymous_11)
FNDA:0,(anonymous_12)
FNDA:0,(anonymous_13)
FNDA:0,(anonymous_14)
DA:1,0
DA:20,0
DA:21,0
DA:22,0
DA:26,0
DA:27,0
DA:28,0
DA:29,0
DA:30,0
DA:36,0
DA:39,0
DA:40,0
DA:42,0
DA:43,0
DA:44,0
DA:45,0
DA:56,0
DA:59,0
DA:63,0
DA:64,0
DA:66,0
DA:70,0
DA:71,0
DA:72,0
DA:73,0
DA:74,0
DA:77,0
DA:78,0
DA:85,0
DA:86,0
DA:87,0
DA:91,0
DA:95,0
DA:96,0
DA:97,0
DA:98,0
DA:100,0
DA:101,0
DA:102,0
DA:103,0
DA:105,0
DA:106,0
DA:108,0
DA:110,0
DA:112,0
DA:113,0
DA:114,0
DA:119,0
DA:120,0
DA:123,0
DA:124,0
DA:125,0
DA:126,0
DA:131,0
DA:135,0
DA:136,0
DA:139,0
DA:140,0
DA:142,0
DA:143,0
DA:144,0
DA:146,0
DA:151,0
DA:155,0
DA:162,0
LF:65
LH:0
BRDA:63,0,0,0
BRDA:70,1,0,0
BRDA:71,2,0,0
BRDA:105,3,0,0
BRDA:105,3,1,0
BRDA:105,4,0,0
BRDA:105,4,1,0
BRDA:119,5,0,0
BRDA:135,6,0,0
BRDA:135,7,0,0
BRDA:135,7,1,0
BRF:11
BRH:0
end_of_record
TN:
SF:src/core/integration/patterns/CacheAside.ts
FN:22,(anonymous_0)
FN:36,(anonymous_1)
FN:58,(anonymous_2)
FN:74,(anonymous_3)
FN:85,(anonymous_4)
FN:102,(anonymous_5)
FN:114,(anonymous_6)
FN:121,(anonymous_7)
FN:140,(anonymous_8)
FN:163,(anonymous_9)
FNF:10
FNH:0
FNDA:0,(anonymous_0)
FNDA:0,(anonymous_1)
FNDA:0,(anonymous_2)
FNDA:0,(anonymous_3)
FNDA:0,(anonymous_4)
FNDA:0,(anonymous_5)
FNDA:0,(anonymous_6)
FNDA:0,(anonymous_7)
FNDA:0,(anonymous_8)
FNDA:0,(anonymous_9)
DA:18,0
DA:19,0
DA:20,0
DA:23,0
DA:38,0
DA:40,0
DA:42,0
DA:43,0
DA:47,0
DA:50,0
DA:52,0
DA:60,0
DA:61,0
DA:64,0
DA:75,0
DA:76,0
DA:77,0
DA:79,0
DA:86,0
DA:88,0
DA:89,0
DA:90,0
DA:94,0
DA:95,0
DA:103,0
DA:104,0
DA:105,0
DA:108,0
DA:115,0
DA:122,0
DA:123,0
DA:125,0
DA:126,0
DA:127,0
DA:128,0
DA:132,0
DA:133,0
DA:145,0
DA:146,0
DA:148,0
DA:149,0
DA:150,0
DA:153,0
DA:164,0
DA:165,0
LF:45
LH:0
BRDA:25,0,0,0
BRDA:25,0,1,0
BRDA:40,1,0,0
BRDA:40,2,0,0
BRDA:40,2,1,0
BRDA:60,3,0,0
BRDA:60,4,0,0
BRDA:60,4,1,0
BRDA:76,5,0,0
BRDA:76,6,0,0
BRDA:76,6,1,0
BRDA:89,7,0,0
BRDA:103,8,0,0
BRDA:126,9,0,0
BRDA:132,10,0,0
BRDA:155,11,0,0
BRDA:155,11,1,0
BRDA:156,12,0,0
BRDA:156,12,1,0
BRF:19
BRH:0
end_of_record
TN:
SF:src/core/integration/patterns/CircuitBreaker.ts
FN:26,(anonymous_0)
FN:49,(anonymous_1)
FN:56,(anonymous_2)
FN:57,(anonymous_3)
FN:71,(anonymous_4)
FN:75,(anonymous_5)
FN:79,(anonymous_6)
FN:89,(anonymous_7)
FN:109,(anonymous_8)
FN:116,(anonymous_9)
FN:131,(anonymous_10)
FN:137,(anonymous_11)
FN:144,(anonymous_12)
FN:146,(anonymous_13)
FN:155,(anonymous_14)
FNF:15
FNH:0
FNDA:0,(anonymous_0)
FNDA:0,(anonymous_1)
FNDA:0,(anonymous_2)
FNDA:0,(anonymous_3)
FNDA:0,(anonymous_4)
FNDA:0,(anonymous_5)
FNDA:0,(anonymous_6)
FNDA:0,(anonymous_7)
FNDA:0,(anonymous_8)
FNDA:0,(anonymous_9)
FNDA:0,(anonymous_10)
FNDA:0,(anonymous_11)
FNDA:0,(anonymous_12)
FNDA:0,(anonymous_13)
FNDA:0,(anonymous_14)
DA:1,0
DA:19,0
DA:20,0
DA:21,0
DA:22,0
DA:23,0
DA:24,0
DA:27,0
DA:30,0
DA:31,0
DA:39,0
DA:46,0
DA:50,0
DA:51,0
DA:53,0
DA:57,0
DA:58,0
DA:60,0
DA:61,0
DA:62,0
DA:63,0
DA:65,0
DA:66,0
DA:72,0
DA:76,0
DA:80,0
DA:86,0
DA:90,0
DA:92,0
DA:94,0
DA:95,0
DA:97,0
DA:99,0
DA:102,0
DA:103,0
DA:105,0
DA:110,0
DA:111,0
DA:113,0
DA:117,0
DA:118,0
DA:120,0
DA:121,0
DA:124,0
DA:132,0
DA:133,0
DA:134,0
DA:138,0
DA:145,0
DA:146,0
DA:147,0
DA:156,0
DA:157,0
DA:159,0
LF:54
LH:0
BRDA:28,0,0,0
BRDA:50,1,0,0
BRDA:92,2,0,0
BRDA:92,2,1,0
BRDA:94,3,0,0
BRDA:94,3,1,0
BRDA:102,4,0,0
BRDA:110,5,0,0
BRDA:120,6,0,0
BRDA:145,7,0,0
BRDA:156,8,0,0
BRF:11
BRH:0
end_of_record
TN:
SF:src/core/integration/patterns/RateLimiter.ts
FN:41,(anonymous_0)
FN:69,(anonymous_1)
FN:76,(anonymous_2)
FN:77,(anonymous_3)
FN:100,(anonymous_4)
FN:121,(anonymous_5)
FN:125,(anonymous_6)
FN:129,(anonymous_7)
FN:145,(anonymous_8)
FN:171,(anonymous_9)
FN:221,(anonymous_10)
FN:230,(anonymous_11)
FN:239,(anonymous_12)
FN:246,(anonymous_13)
FN:247,(anonymous_14)
FN:250,(anonymous_15)
FNF:16
FNH:0
FNDA:0,(anonymous_0)
FNDA:0,(anonymous_1)
FNDA:0,(anonymous_2)
FNDA:0,(anonymous_3)
FNDA:0,(anonymous_4)
FNDA:0,(anonymous_5)
FNDA:0,(anonymous_6)
FNDA:0,(anonymous_7)
FNDA:0,(anonymous_8)
FNDA:0,(anonymous_9)
FNDA:0,(anonymous_10)
FNDA:0,(anonymous_11)
FNDA:0,(anonymous_12)
FNDA:0,(anonymous_13)
FNDA:0,(anonymous_14)
FNDA:0,(anonymous_15)
DA:1,0
DA:31,0
DA:32,0
DA:33,0
DA:34,0
DA:35,0
DA:36,0
DA:37,0
DA:38,0
DA:39,0
DA:42,0
DA:45,0
DA:46,0
DA:54,0
DA:65,0
DA:66,0
DA:70,0
DA:71,0
DA:73,0
DA:77,0
DA:78,0
DA:79,0
DA:81,0
DA:84,0
DA:85,0
DA:86,0
DA:87,0
DA:88,0
DA:89,0
DA:93,0
DA:94,0
DA:95,0
DA:96,0
DA:100,0
DA:101,0
DA:109,0
DA:110,0
DA:111,0
DA:113,0
DA:114,0
DA:116,0
DA:122,0
DA:126,0
DA:130,0
DA:140,0
DA:141,0
DA:142,0
DA:146,0
DA:147,0
DA:149,0
DA:151,0
DA:152,0
DA:153,0
DA:154,0
DA:157,0
DA:161,0
DA:162,0
DA:166,0
DA:172,0
DA:173,0
DA:176,0
DA:178,0
DA:179,0
DA:180,0
DA:182,0
DA:184,0
DA:185,0
DA:186,0
DA:189,0
DA:190,0
DA:193,0
DA:194,0
DA:195,0
DA:196,0
DA:197,0
DA:201,0
DA:202,0
DA:204,0
DA:205,0
DA:206,0
DA:207,0
DA:209,0
DA:212,0
DA:213,0
DA:214,0
DA:217,0
DA:222,0
DA:223,0
DA:224,0
DA:225,0
DA:227,0
DA:231,0
DA:240,0
DA:247,0
DA:252,0
DA:253,0
DA:254,0
DA:257,0
LF:98
LH:0
BRDA:43,0,0,0
BRDA:70,1,0,0
BRDA:84,2,0,0
BRDA:93,3,0,0
BRDA:93,4,0,0
BRDA:93,4,1,0
BRDA:149,5,0,0
BRDA:149,5,1,0
BRDA:161,6,0,0
BRDA:172,7,0,0
BRDA:172,8,0,0
BRDA:172,8,1,0
BRDA:182,9,0,0
BRDA:193,10,0,0
BRDA:193,11,0,0
BRDA:193,11,1,0
BRF:16
BRH:0
end_of_record
TN:
SF:src/core/integration/patterns/RequestResponsePattern.ts
FN:29,(anonymous_9)
FN:34,(anonymous_10)
FN:40,(anonymous_11)
FN:47,(anonymous_12)
FN:54,(anonymous_13)
FN:67,(anonymous_14)
FN:69,(anonymous_15)
FN:74,(anonymous_16)
FN:93,(anonymous_17)
FN:108,(anonymous_18)
FNF:10
FNH:0
FNDA:0,(anonymous_9)
FNDA:0,(anonymous_10)
FNDA:0,(anonymous_11)
FNDA:0,(anonymous_12)
FNDA:0,(anonymous_13)
FNDA:0,(anonymous_14)
FNDA:0,(anonymous_15)
FNDA:0,(anonymous_16)
FNDA:0,(anonymous_17)
FNDA:0,(anonymous_18)
DA:1,0
DA:2,0
DA:23,0
DA:25,0
DA:26,0
DA:27,0
DA:30,0
DA:31,0
DA:34,0
DA:35,0
DA:36,0
DA:41,0
DA:42,0
DA:44,0
DA:51,0
DA:59,0
DA:67,0
DA:69,0
DA:70,0
DA:74,0
DA:75,0
DA:76,0
DA:77,0
DA:78,0
DA:80,0
DA:81,0
DA:83,0
DA:88,0
DA:89,0
DA:94,0
DA:95,0
DA:96,0
DA:97,0
DA:100,0
DA:101,0
DA:102,0
DA:104,0
DA:109,0
DA:115,0
LF:39
LH:0
BRDA:41,0,0,0
BRDA:57,1,0,0
BRDA:76,2,0,0
BRDA:80,3,0,0
BRDA:80,3,1,0
BRDA:95,4,0,0
BRF:6
BRH:0
end_of_record
TN:
SF:src/core/integration/patterns/Retry.ts
FN:27,(anonymous_0)
FN:50,(anonymous_1)
FN:57,(anonymous_2)
FN:58,(anonymous_3)
FN:99,(anonymous_4)
FN:103,(anonymous_5)
FN:107,(anonymous_6)
FN:118,(anonymous_7)
FN:126,(anonymous_8)
FN:135,(anonymous_9)
FN:140,(anonymous_10)
FN:151,(anonymous_11)
FN:161,(anonymous_12)
FN:168,(anonymous_13)
FN:169,(anonymous_14)
FN:172,(anonymous_15)
FNF:16
FNH:0
FNDA:0,(anonymous_0)
FNDA:0,(anonymous_1)
FNDA:0,(anonymous_2)
FNDA:0,(anonymous_3)
FNDA:0,(anonymous_4)
FNDA:0,(anonymous_5)
FNDA:0,(anonymous_6)
FNDA:0,(anonymous_7)
FNDA:0,(anonymous_8)
FNDA:0,(anonymous_9)
FNDA:0,(anonymous_10)
FNDA:0,(anonymous_11)
FNDA:0,(anonymous_12)
FNDA:0,(anonymous_13)
FNDA:0,(anonymous_14)
FNDA:0,(anonymous_15)
DA:1,0
DA:21,0
DA:22,0
DA:23,0
DA:24,0
DA:25,0
DA:28,0
DA:31,0
DA:32,0
DA:41,0
DA:51,0
DA:52,0
DA:54,0
DA:58,0
DA:59,0
DA:60,0
DA:63,0
DA:64,0
DA:65,0
DA:66,0
DA:68,0
DA:69,0
DA:70,0
DA:71,0
DA:73,0
DA:74,0
DA:76,0
DA:77,0
DA:78,0
DA:81,0
DA:83,0
DA:86,0
DA:95,0
DA:100,0
DA:104,0
DA:108,0
DA:115,0
DA:120,0
DA:121,0
DA:124,0
DA:126,0
DA:127,0
DA:128,0
DA:130,0
DA:136,0
DA:137,0
DA:141,0
DA:142,0
DA:144,0
DA:152,0
DA:162,0
DA:169,0
DA:173,0
LF:53
LH:0
BRDA:29,0,0,0
BRDA:51,1,0,0
BRDA:76,2,0,0
BRDA:76,3,0,0
BRDA:76,3,1,0
BRDA:87,4,0,0
BRDA:87,4,1,0
BRDA:88,5,0,0
BRDA:88,5,1,0
BRDA:120,6,0,0
BRDA:120,7,0,0
BRDA:120,7,1,0
BRDA:127,8,0,0
BRDA:127,8,1,0
BRF:14
BRH:0
end_of_record
TN:
SF:src/core/integration/patterns/Saga.ts
FN:48,(anonymous_0)
FN:55,(anonymous_1)
FN:63,(anonymous_2)
FN:124,(anonymous_3)
FN:137,(anonymous_4)
FN:138,(anonymous_5)
FN:148,(anonymous_6)
FN:161,(anonymous_7)
FN:184,(anonymous_8)
FN:192,(anonymous_9)
FN:199,(anonymous_10)
FN:211,(anonymous_11)
FN:219,(anonymous_12)
FN:227,(anonymous_13)
FN:235,(anonymous_14)
FN:243,(anonymous_15)
FN:245,(anonymous_16)
FNF:17
FNH:0
FNDA:0,(anonymous_0)
FNDA:0,(anonymous_1)
FNDA:0,(anonymous_2)
FNDA:0,(anonymous_3)
FNDA:0,(anonymous_4)
FNDA:0,(anonymous_5)
FNDA:0,(anonymous_6)
FNDA:0,(anonymous_7)
FNDA:0,(anonymous_8)
FNDA:0,(anonymous_9)
FNDA:0,(anonymous_10)
FNDA:0,(anonymous_11)
FNDA:0,(anonymous_12)
FNDA:0,(anonymous_13)
FNDA:0,(anonymous_14)
FNDA:0,(anonymous_15)
FNDA:0,(anonymous_16)
DA:44,0
DA:45,0
DA:46,0
DA:49,0
DA:56,0
DA:57,0
DA:64,0
DA:70,0
DA:74,0
DA:76,0
DA:77,0
DA:78,0
DA:79,0
DA:80,0
DA:82,0
DA:83,0
DA:86,0
DA:87,0
DA:89,0
DA:90,0
DA:93,0
DA:98,0
DA:107,0
DA:108,0
DA:110,0
DA:128,0
DA:129,0
DA:132,0
DA:133,0
DA:135,0
DA:138,0
DA:142,0
DA:144,0
DA:146,0
DA:148,0
DA:149,0
DA:155,0
DA:165,0
DA:166,0
DA:167,0
DA:169,0
DA:170,0
DA:174,0
DA:175,0
DA:185,0
DA:192,0
DA:193,0
DA:194,0
DA:204,0
DA:205,0
DA:212,0
DA:213,0
DA:220,0
DA:221,0
DA:228,0
DA:229,0
DA:236,0
DA:237,0
DA:244,0
DA:245,0
DA:246,0
LF:61
LH:0
BRDA:48,0,0,0
BRDA:82,1,0,0
BRDA:89,2,0,0
BRDA:128,3,0,0
BRDA:128,3,1,0
BRDA:128,3,2,0
BRDA:129,4,0,0
BRDA:129,4,1,0
BRDA:129,5,0,0
BRDA:129,5,1,0
BRDA:146,6,0,0
BRDA:155,7,0,0
BRDA:155,7,1,0
BRDA:169,8,0,0
BRDA:174,9,0,0
BRF:15
BRH:0
end_of_record
TN:
SF:src/core/integration/patterns/Timeout.ts
FN:23,(anonymous_0)
FN:35,(anonymous_1)
FN:51,(anonymous_2)
FN:54,(anonymous_3)
FN:61,(anonymous_4)
FN:96,(anonymous_5)
FN:99,(anonymous_6)
FN:100,(anonymous_7)
FN:110,(anonymous_8)
FN:118,(anonymous_9)
FN:121,(anonymous_10)
FN:127,(anonymous_11)
FN:130,(anonymous_12)
FN:134,(anonymous_13)
FN:141,(anonymous_14)
FNF:15
FNH:0
FNDA:0,(anonymous_0)
FNDA:0,(anonymous_1)
FNDA:0,(anonymous_2)
FNDA:0,(anonymous_3)
FNDA:0,(anonymous_4)
FNDA:0,(anonymous_5)
FNDA:0,(anonymous_6)
FNDA:0,(anonymous_7)
FNDA:0,(anonymous_8)
FNDA:0,(anonymous_9)
FNDA:0,(anonymous_10)
FNDA:0,(anonymous_11)
FNDA:0,(anonymous_12)
FNDA:0,(anonymous_13)
FNDA:0,(anonymous_14)
DA:1,0
DA:23,0
DA:24,0
DA:25,0
DA:29,0
DA:30,0
DA:31,0
DA:32,0
DA:33,0
DA:36,0
DA:37,0
DA:39,0
DA:40,0
DA:41,0
DA:51,0
DA:55,0
DA:56,0
DA:58,0
DA:63,0
DA:65,0
DA:66,0
DA:68,0
DA:69,0
DA:70,0
DA:71,0
DA:73,0
DA:74,0
DA:75,0
DA:77,0
DA:79,0
DA:81,0
DA:82,0
DA:84,0
DA:87,0
DA:88,0
DA:93,0
DA:97,0
DA:100,0
DA:101,0
DA:111,0
DA:113,0
DA:118,0
DA:122,0
DA:123,0
DA:124,0
DA:127,0
DA:131,0
DA:135,0
DA:142,0
LF:49
LH:0
BRDA:55,0,0,0
BRDA:63,1,0,0
BRDA:63,1,1,0
BRDA:81,2,0,0
BRDA:81,2,1,0
BRDA:87,3,0,0
BRDA:93,4,0,0
BRDA:93,4,1,0
BRDA:111,5,0,0
BRDA:123,6,0,0
BRF:10
BRH:0
end_of_record
TN:
SF:src/core/integration/patterns/index.ts
FN:1,(anonymous_0)
FN:2,(anonymous_1)
FN:3,(anonymous_2)
FN:4,(anonymous_3)
FN:5,(anonymous_4)
FN:6,(anonymous_5)
FNF:6
FNH:0
FNDA:0,(anonymous_0)
FNDA:0,(anonymous_1)
FNDA:0,(anonymous_2)
FNDA:0,(anonymous_3)
FNDA:0,(anonymous_4)
FNDA:0,(anonymous_5)
DA:1,0
DA:2,0
DA:3,0
DA:4,0
DA:5,0
DA:6,0
LF:6
LH:0
BRF:0
BRH:0
end_of_record
TN:
SF:src/core/messaging/MessageSystem.ts
FN:22,(anonymous_9)
FN:28,(anonymous_10)
FN:33,(anonymous_11)
FN:40,(anonymous_12)
FN:60,(anonymous_13)
FN:64,(anonymous_14)
FN:71,(anonymous_15)
FN:76,(anonymous_16)
FN:80,(anonymous_17)
FN:82,(anonymous_18)
FNF:10
FNH:0
FNDA:0,(anonymous_9)
FNDA:0,(anonymous_10)
FNDA:0,(anonymous_11)
FNDA:0,(anonymous_12)
FNDA:0,(anonymous_13)
FNDA:0,(anonymous_14)
FNDA:0,(anonymous_15)
FNDA:0,(anonymous_16)
FNDA:0,(anonymous_17)
FNDA:0,(anonymous_18)
DA:1,0
DA:2,0
DA:16,0
DA:18,0
DA:19,0
DA:20,0
DA:23,0
DA:24,0
DA:25,0
DA:28,0
DA:29,0
DA:34,0
DA:35,0
DA:37,0
DA:41,0
DA:50,0
DA:51,0
DA:53,0
DA:56,0
DA:59,0
DA:60,0
DA:61,0
DA:65,0
DA:66,0
DA:68,0
DA:71,0
DA:72,0
DA:77,0
DA:81,0
DA:82,0
DA:83,0
LF:31
LH:0
BRDA:34,0,0,0
BRDA:50,1,0,0
BRDA:59,2,0,0
BRDA:59,2,1,0
BRDA:65,3,0,0
BRDA:77,4,0,0
BRDA:77,4,1,0
BRDA:81,5,0,0
BRDA:81,5,1,0
BRF:9
BRH:0
end_of_record
TN:
SF:src/core/monitoring/HealthCheckManager.ts
FN:55,(anonymous_0)
FN:60,(anonymous_1)
FN:70,(anonymous_2)
FN:96,(anonymous_3)
FN:121,(anonymous_4)
FN:131,(anonymous_5)
FN:132,(anonymous_6)
FN:183,(anonymous_7)
FN:189,(anonymous_8)
FN:190,(anonymous_9)
FN:230,(anonymous_10)
FN:251,(anonymous_11)
FN:272,(anonymous_12)
FN:279,(anonymous_13)
FN:286,(anonymous_14)
FN:305,(anonymous_15)
FN:321,(anonymous_16)
FN:331,(anonymous_17)
FN:342,(anonymous_18)
FN:350,(anonymous_19)
FNF:20
FNH:0
FNDA:0,(anonymous_0)
FNDA:0,(anonymous_1)
FNDA:0,(anonymous_2)
FNDA:0,(anonymous_3)
FNDA:0,(anonymous_4)
FNDA:0,(anonymous_5)
FNDA:0,(anonymous_6)
FNDA:0,(anonymous_7)
FNDA:0,(anonymous_8)
FNDA:0,(anonymous_9)
FNDA:0,(anonymous_10)
FNDA:0,(anonymous_11)
FNDA:0,(anonymous_12)
FNDA:0,(anonymous_13)
FNDA:0,(anonymous_14)
FNDA:0,(anonymous_15)
FNDA:0,(anonymous_16)
FNDA:0,(anonymous_17)
FNDA:0,(anonymous_18)
FNDA:0,(anonymous_19)
DA:8,0
DA:9,0
DA:45,0
DA:47,0
DA:48,0
DA:49,0
DA:50,0
DA:51,0
DA:52,0
DA:53,0
DA:56,0
DA:57,0
DA:61,0
DA:62,0
DA:64,0
DA:71,0
DA:72,0
DA:75,0
DA:83,0
DA:84,0
DA:87,0
DA:97,0
DA:98,0
DA:99,0
DA:103,0
DA:104,0
DA:105,0
DA:106,0
DA:110,0
DA:111,0
DA:113,0
DA:122,0
DA:123,0
DA:124,0
DA:127,0
DA:129,0
DA:131,0
DA:132,0
DA:135,0
DA:137,0
DA:139,0
DA:140,0
DA:147,0
DA:150,0
DA:151,0
DA:153,0
DA:156,0
DA:157,0
DA:166,0
DA:174,0
DA:176,0
DA:184,0
DA:185,0
DA:188,0
DA:189,0
DA:191,0
DA:192,0
DA:193,0
DA:196,0
DA:197,0
DA:198,0
DA:199,0
DA:202,0
DA:208,0
DA:212,0
DA:214,0
DA:222,0
DA:224,0
DA:231,0
DA:232,0
DA:235,0
DA:236,0
DA:239,0
DA:240,0
DA:243,0
DA:252,0
DA:253,0
DA:256,0
DA:259,0
DA:260,0
DA:262,0
DA:264,0
DA:273,0
DA:280,0
DA:287,0
DA:288,0
DA:289,0
DA:292,0
DA:293,0
DA:295,0
DA:296,0
DA:298,0
DA:306,0
DA:307,0
DA:308,0
DA:311,0
DA:312,0
DA:315,0
DA:316,0
DA:317,0
DA:322,0
DA:323,0
DA:324,0
DA:328,0
DA:331,0
DA:332,0
DA:333,0
DA:335,0
DA:339,0
DA:343,0
DA:344,0
DA:345,0
DA:346,0
DA:351,0
DA:352,0
DA:355,0
DA:356,0
DA:359,0
DA:360,0
DA:366,0
LF:120
LH:0
BRDA:61,0,0,0
BRDA:71,1,0,0
BRDA:83,2,0,0
BRDA:98,3,0,0
BRDA:104,4,0,0
BRDA:123,5,0,0
BRDA:123,6,0,0
BRDA:123,6,1,0
BRDA:132,7,0,0
BRDA:132,7,1,0
BRDA:159,8,0,0
BRDA:159,8,1,0
BRDA:160,9,0,0
BRDA:160,9,1,0
BRDA:169,10,0,0
BRDA:169,10,1,0
BRDA:196,11,0,0
BRDA:196,11,1,0
BRDA:198,12,0,0
BRDA:198,13,0,0
BRDA:198,13,1,0
BRDA:222,14,0,0
BRDA:222,14,1,0
BRDA:222,15,0,0
BRDA:222,15,1,0
BRDA:231,16,0,0
BRDA:252,17,0,0
BRDA:272,18,0,0
BRDA:273,19,0,0
BRDA:273,19,1,0
BRDA:288,20,0,0
BRDA:295,21,0,0
BRDA:295,21,1,0
BRDA:307,22,0,0
BRDA:316,23,0,0
BRDA:316,24,0,0
BRDA:316,24,1,0
BRDA:323,25,0,0
BRDA:323,26,0,0
BRDA:323,26,1,0
BRDA:337,27,0,0
BRDA:337,27,1,0
BRDA:344,28,0,0
BRDA:351,29,0,0
BRDA:359,30,0,0
BRF:45
BRH:0
end_of_record
TN:
SF:src/core/monitoring/MonitoringSystem.ts
FN:31,(anonymous_9)
FN:39,(anonymous_10)
FN:42,(anonymous_11)
FN:49,(anonymous_12)
FN:69,(anonymous_13)
FN:73,(anonymous_14)
FN:78,(anonymous_15)
FN:99,(anonymous_16)
FN:101,(anonymous_17)
FN:106,(anonymous_18)
FN:107,(anonymous_19)
FN:110,(anonymous_20)
FN:126,(anonymous_21)
FN:127,(anonymous_22)
FN:131,(anonymous_23)
FN:141,(anonymous_24)
FNF:16
FNH:0
FNDA:0,(anonymous_9)
FNDA:0,(anonymous_10)
FNDA:0,(anonymous_11)
FNDA:0,(anonymous_12)
FNDA:0,(anonymous_13)
FNDA:0,(anonymous_14)
FNDA:0,(anonymous_15)
FNDA:0,(anonymous_16)
FNDA:0,(anonymous_17)
FNDA:0,(anonymous_18)
FNDA:0,(anonymous_19)
FNDA:0,(anonymous_20)
FNDA:0,(anonymous_21)
FNDA:0,(anonymous_22)
FNDA:0,(anonymous_23)
FNDA:0,(anonymous_24)
DA:1,0
DA:2,0
DA:3,0
DA:23,0
DA:25,0
DA:26,0
DA:27,0
DA:28,0
DA:29,0
DA:32,0
DA:33,0
DA:34,0
DA:35,0
DA:36,0
DA:39,0
DA:43,0
DA:44,0
DA:46,0
DA:50,0
DA:57,0
DA:58,0
DA:60,0
DA:63,0
DA:66,0
DA:70,0
DA:71,0
DA:73,0
DA:74,0
DA:84,0
DA:85,0
DA:95,0
DA:96,0
DA:100,0
DA:101,0
DA:102,0
DA:107,0
DA:111,0
DA:112,0
DA:113,0
DA:114,0
DA:115,0
DA:116,0
DA:118,0
DA:119,0
DA:120,0
DA:121,0
DA:127,0
DA:128,0
DA:132,0
DA:133,0
DA:134,0
DA:135,0
DA:138,0
DA:142,0
DA:143,0
DA:144,0
DA:145,0
DA:146,0
LF:58
LH:0
BRDA:43,0,0,0
BRDA:57,1,0,0
BRDA:70,2,0,0
BRDA:70,2,1,0
BRDA:71,3,0,0
BRDA:74,4,0,0
BRDA:74,4,1,0
BRDA:82,5,0,0
BRDA:112,6,0,0
BRDA:112,6,1,0
BRDA:113,7,0,0
BRDA:118,8,0,0
BRDA:142,9,0,0
BRDA:142,9,1,0
BRDA:145,10,0,0
BRF:15
BRH:0
end_of_record
TN:
SF:src/core/multiagent/AgentHealthMonitor.ts
FN:106,(anonymous_0)
FN:116,(anonymous_1)
FN:134,(anonymous_2)
FN:145,(anonymous_3)
FN:177,(anonymous_4)
FN:189,(anonymous_5)
FN:204,(anonymous_6)
FN:217,(anonymous_7)
FN:230,(anonymous_8)
FN:250,(anonymous_9)
FN:251,(anonymous_10)
FN:273,(anonymous_11)
FN:303,(anonymous_12)
FN:323,(anonymous_13)
FN:330,(anonymous_14)
FN:373,(anonymous_15)
FN:391,(anonymous_16)
FN:422,(anonymous_17)
FN:423,(anonymous_18)
FN:438,(anonymous_19)
FN:450,(anonymous_20)
FN:469,(anonymous_21)
FN:474,(anonymous_22)
FN:489,(anonymous_23)
FN:509,(anonymous_24)
FN:516,(anonymous_25)
FN:518,(anonymous_26)
FN:519,(anonymous_27)
FN:525,(anonymous_28)
FN:529,(anonymous_29)
FNF:30
FNH:0
FNDA:0,(anonymous_0)
FNDA:0,(anonymous_1)
FNDA:0,(anonymous_2)
FNDA:0,(anonymous_3)
FNDA:0,(anonymous_4)
FNDA:0,(anonymous_5)
FNDA:0,(anonymous_6)
FNDA:0,(anonymous_7)
FNDA:0,(anonymous_8)
FNDA:0,(anonymous_9)
FNDA:0,(anonymous_10)
FNDA:0,(anonymous_11)
FNDA:0,(anonymous_12)
FNDA:0,(anonymous_13)
FNDA:0,(anonymous_14)
FNDA:0,(anonymous_15)
FNDA:0,(anonymous_16)
FNDA:0,(anonymous_17)
FNDA:0,(anonymous_18)
FNDA:0,(anonymous_19)
FNDA:0,(anonymous_20)
FNDA:0,(anonymous_21)
FNDA:0,(anonymous_22)
FNDA:0,(anonymous_23)
FNDA:0,(anonymous_24)
FNDA:0,(anonymous_25)
FNDA:0,(anonymous_26)
FNDA:0,(anonymous_27)
FNDA:0,(anonymous_28)
FNDA:0,(anonymous_29)
DA:1,0
DA:4,0
DA:93,0
DA:95,0
DA:96,0
DA:97,0
DA:98,0
DA:99,0
DA:100,0
DA:101,0
DA:107,0
DA:108,0
DA:109,0
DA:111,0
DA:113,0
DA:117,0
DA:118,0
DA:121,0
DA:128,0
DA:135,0
DA:139,0
DA:149,0
DA:150,0
DA:155,0
DA:156,0
DA:159,0
DA:161,0
DA:167,0
DA:168,0
DA:171,0
DA:178,0
DA:179,0
DA:180,0
DA:181,0
DA:182,0
DA:190,0
DA:191,0
DA:193,0
DA:194,0
DA:196,0
DA:199,0
DA:200,0
DA:204,0
DA:205,0
DA:208,0
DA:211,0
DA:218,0
DA:219,0
DA:221,0
DA:222,0
DA:223,0
DA:231,0
DA:232,0
DA:233,0
DA:236,0
DA:237,0
DA:238,0
DA:241,0
DA:242,0
DA:243,0
DA:244,0
DA:248,0
DA:251,0
DA:256,0
DA:258,0
DA:260,0
DA:265,0
DA:266,0
DA:278,0
DA:280,0
DA:281,0
DA:299,0
DA:300,0
DA:303,0
DA:306,0
DA:307,0
DA:314,0
DA:317,0
DA:324,0
DA:331,0
DA:332,0
DA:333,0
DA:337,0
DA:338,0
DA:339,0
DA:340,0
DA:341,0
DA:347,0
DA:349,0
DA:350,0
DA:351,0
DA:352,0
DA:353,0
DA:357,0
DA:366,0
DA:367,0
DA:374,0
DA:375,0
DA:378,0
DA:392,0
DA:395,0
DA:397,0
DA:398,0
DA:399,0
DA:404,0
DA:408,0
DA:410,0
DA:411,0
DA:414,0
DA:415,0
DA:418,0
DA:419,0
DA:422,0
DA:423,0
DA:426,0
DA:439,0
DA:442,0
DA:444,0
DA:452,0
DA:453,0
DA:454,0
DA:455,0
DA:457,0
DA:460,0
DA:461,0
DA:463,0
DA:471,0
DA:475,0
DA:486,0
DA:490,0
DA:491,0
DA:492,0
DA:494,0
DA:510,0
DA:517,0
DA:518,0
DA:519,0
DA:526,0
DA:527,0
DA:529,0
DA:530,0
DA:531,0
DA:532,0
DA:533,0
LF:144
LH:0
BRDA:107,0,0,0
BRDA:108,1,0,0
BRDA:155,2,0,0
BRDA:167,3,0,0
BRDA:179,4,0,0
BRDA:191,5,0,0
BRDA:194,6,0,0
BRDA:194,7,0,0
BRDA:194,7,1,0
BRDA:199,8,0,0
BRDA:221,9,0,0
BRDA:232,10,0,0
BRDA:237,11,0,0
BRDA:243,12,0,0
BRDA:280,13,0,0
BRDA:306,14,0,0
BRDA:310,15,0,0
BRDA:310,15,1,0
BRDA:324,16,0,0
BRDA:324,16,1,0
BRDA:332,17,0,0
BRDA:338,18,0,0
BRDA:340,19,0,0
BRDA:350,20,0,0
BRDA:374,21,0,0
BRDA:374,21,1,0
BRDA:397,22,0,0
BRDA:397,22,1,0
BRDA:399,23,0,0
BRDA:400,24,0,0
BRDA:400,24,1,0
BRDA:400,24,2,0
BRDA:410,25,0,0
BRDA:414,26,0,0
BRDA:418,27,0,0
BRDA:422,28,0,0
BRDA:453,29,0,0
BRDA:476,30,0,0
BRDA:476,30,1,0
BRDA:527,31,0,0
BRDA:530,32,0,0
BRF:41
BRH:0
end_of_record
TN:
SF:src/core/multiagent/AgentRegistry.ts
FN:45,(anonymous_0)
FN:56,(anonymous_1)
FN:92,(anonymous_2)
FN:95,(anonymous_3)
FN:98,(anonymous_4)
FN:101,(anonymous_5)
FN:107,(anonymous_6)
FN:108,(anonymous_7)
FN:109,(anonymous_8)
FN:113,(anonymous_9)
FN:114,(anonymous_10)
FN:118,(anonymous_11)
FN:119,(anonymous_12)
FN:120,(anonymous_13)
FN:121,(anonymous_14)
FN:139,(anonymous_15)
FN:157,(anonymous_16)
FN:176,(anonymous_17)
FN:197,(anonymous_18)
FN:207,(anonymous_19)
FN:212,(anonymous_20)
FN:216,(anonymous_21)
FN:220,(anonymous_22)
FN:221,(anonymous_23)
FN:226,(anonymous_24)
FN:238,(anonymous_25)
FN:246,(anonymous_26)
FN:267,(anonymous_27)
FN:300,(anonymous_28)
FN:320,(anonymous_29)
FN:330,(anonymous_30)
FN:340,(anonymous_31)
FN:360,(anonymous_32)
FN:361,(anonymous_33)
FN:374,(anonymous_34)
FN:375,(anonymous_35)
FN:393,(anonymous_36)
FN:396,(anonymous_37)
FN:405,(anonymous_38)
FN:414,(anonymous_39)
FN:415,(anonymous_40)
FN:423,(anonymous_41)
FN:431,(anonymous_42)
FN:432,(anonymous_43)
FN:439,(anonymous_44)
FN:464,(anonymous_45)
FN:468,(anonymous_46)
FN:479,(anonymous_47)
FN:486,(anonymous_48)
FN:496,(anonymous_49)
FN:499,(anonymous_50)
FN:501,(anonymous_51)
FN:513,(anonymous_52)
FNF:53
FNH:8
FNDA:0,(anonymous_0)
FNDA:7,(anonymous_1)
FNDA:0,(anonymous_2)
FNDA:0,(anonymous_3)
FNDA:0,(anonymous_4)
FNDA:0,(anonymous_5)
FNDA:0,(anonymous_6)
FNDA:0,(anonymous_7)
FNDA:0,(anonymous_8)
FNDA:0,(anonymous_9)
FNDA:0,(anonymous_10)
FNDA:0,(anonymous_11)
FNDA:0,(anonymous_12)
FNDA:0,(anonymous_13)
FNDA:0,(anonymous_14)
FNDA:8,(anonymous_15)
FNDA:0,(anonymous_16)
FNDA:2,(anonymous_17)
FNDA:1,(anonymous_18)
FNDA:1,(anonymous_19)
FNDA:0,(anonymous_20)
FNDA:0,(anonymous_21)
FNDA:0,(anonymous_22)
FNDA:0,(anonymous_23)
FNDA:0,(anonymous_24)
FNDA:2,(anonymous_25)
FNDA:2,(anonymous_26)
FNDA:0,(anonymous_27)
FNDA:0,(anonymous_28)
FNDA:0,(anonymous_29)
FNDA:0,(anonymous_30)
FNDA:0,(anonymous_31)
FNDA:0,(anonymous_32)
FNDA:0,(anonymous_33)
FNDA:0,(anonymous_34)
FNDA:0,(anonymous_35)
FNDA:0,(anonymous_36)
FNDA:0,(anonymous_37)
FNDA:0,(anonymous_38)
FNDA:0,(anonymous_39)
FNDA:0,(anonymous_40)
FNDA:1,(anonymous_41)
FNDA:0,(anonymous_42)
FNDA:0,(anonymous_43)
FNDA:0,(anonymous_44)
FNDA:0,(anonymous_45)
FNDA:0,(anonymous_46)
FNDA:0,(anonymous_47)
FNDA:0,(anonymous_48)
FNDA:0,(anonymous_49)
FNDA:0,(anonymous_50)
FNDA:0,(anonymous_51)
FNDA:0,(anonymous_52)
DA:1,1
DA:9,1
DA:16,1
DA:18,7
DA:19,7
DA:20,7
DA:23,7
DA:24,7
DA:25,7
DA:26,7
DA:27,7
DA:28,7
DA:29,7
DA:30,7
DA:31,7
DA:32,7
DA:35,7
DA:36,7
DA:37,7
DA:38,7
DA:39,7
DA:46,0
DA:47,0
DA:49,0
DA:57,7
DA:58,7
DA:61,7
DA:62,7
DA:63,7
DA:64,7
DA:65,7
DA:68,7
DA:85,7
DA:86,7
DA:87,7
DA:88,7
DA:91,7
DA:93,0
DA:96,0
DA:99,0
DA:102,0
DA:106,7
DA:112,7
DA:113,0
DA:114,0
DA:117,7
DA:118,0
DA:124,7
DA:140,8
DA:141,0
DA:144,8
DA:147,8
DA:149,8
DA:158,0
DA:159,0
DA:162,0
DA:165,0
DA:167,0
DA:177,2
DA:178,2
DA:179,0
DA:183,2
DA:184,2
DA:187,2
DA:189,2
DA:198,1
DA:199,1
DA:208,1
DA:210,1
DA:211,0
DA:212,0
DA:215,0
DA:216,0
DA:219,0
DA:220,0
DA:221,0
DA:225,0
DA:226,0
DA:227,0
DA:228,0
DA:229,0
DA:232,0
DA:238,2
DA:247,2
[...]
BRDA:324,2,2,0
BRDA:324,2,3,0
BRDA:324,2,4,0
BRDA:324,2,5,0
BRDA:327,3,0,0
BRDA:327,3,1,0
BRDA:339,4,0,0
BRDA:339,4,1,0
BRDA:401,5,0,0
BRDA:401,5,1,0
BRDA:439,6,0,0
BRF:16
BRH:0
end_of_record
TN:
SF:src/examples/strategic-risk-innovation-workflow.ts
FN:73,(anonymous_1)
FN:93,(anonymous_2)
FN:119,(anonymous_3)
FN:153,(anonymous_4)
FN:176,(anonymous_5)
FN:182,(anonymous_6)
FN:191,(anonymous_7)
FN:262,(anonymous_8)
FN:324,(anonymous_9)
FN:333,(anonymous_10)
FN:334,(anonymous_11)
FN:348,(anonymous_12)
FN:354,(anonymous_13)
FN:358,(anonymous_14)
FN:374,(anonymous_15)
FN:464,(anonymous_16)
FN:472,(anonymous_17)
FN:484,(anonymous_18)
FN:492,runStrategicInnovationWorkflow
FN:565,(anonymous_20)
FN:566,(anonymous_21)
FN:832,(anonymous_22)
FN:859,(anonymous_23)
FN:860,(anonymous_24)
FN:861,(anonymous_25)
FN:864,(anonymous_26)
FN:867,(anonymous_27)
FN:870,(anonymous_28)
FN:878,(anonymous_29)
FN:879,(anonymous_30)
FNF:30
FNH:0
FNDA:0,(anonymous_1)
FNDA:0,(anonymous_2)
FNDA:0,(anonymous_3)
FNDA:0,(anonymous_4)
FNDA:0,(anonymous_5)
FNDA:0,(anonymous_6)
FNDA:0,(anonymous_7)
FNDA:0,(anonymous_8)
FNDA:0,(anonymous_9)
FNDA:0,(anonymous_10)
FNDA:0,(anonymous_11)
FNDA:0,(anonymous_12)
FNDA:0,(anonymous_13)
FNDA:0,(anonymous_14)
FNDA:0,(anonymous_15)
FNDA:0,(anonymous_16)
FNDA:0,(anonymous_17)
FNDA:0,(anonymous_18)
FNDA:0,runStrategicInnovationWorkflow
FNDA:0,(anonymous_20)
FNDA:0,(anonymous_21)
FNDA:0,(anonymous_22)
FNDA:0,(anonymous_23)
FNDA:0,(anonymous_24)
FNDA:0,(anonymous_25)
FNDA:0,(anonymous_26)
FNDA:0,(anonymous_27)
FNDA:0,(anonymous_28)
FNDA:0,(anonymous_29)
FNDA:0,(anonymous_30)
DA:13,0
DA:14,0
DA:15,0
DA:16,0
DA:19,0
DA:20,0
DA:21,0
DA:22,0
DA:25,0
DA:26,0
DA:27,0
DA:35,0
DA:65,0
DA:66,0
DA:67,0
DA:68,0
DA:69,0
DA:70,0
DA:71,0
DA:81,0
DA:82,0
DA:83,0
DA:84,0
DA:85,0
DA:86,0
DA:87,0
DA:98,0
DA:100,0
DA:110,0
DA:111,0
DA:113,0
DA:127,0
DA:128,0
DA:129,0
DA:132,0
DA:133,0
DA:143,0
DA:144,0
DA:145,0
DA:147,0
DA:154,0
DA:155,0
DA:156,0
DA:159,0
DA:160,0
DA:161,0
DA:163,0
DA:166,0
DA:167,0
DA:168,0
DA:177,0
DA:178,0
DA:179,0
DA:182,0
DA:183,0
DA:184,0
DA:187,0
DA:190,0
DA:191,0
DA:192,0
DA:193,0
DA:194,0
DA:198,0
DA:201,0
DA:202,0
DA:203,0
DA:204,0
DA:206,0
DA:208,0
DA:211,0
DA:224,0
DA:227,0
DA:228,0
DA:229,0
DA:232,0
DA:249,0
DA:252,0
DA:254,0
DA:258,0
DA:259,0
DA:261,0
DA:262,0
DA:263,0
DA:264,0
DA:268,0
DA:275,0
DA:278,0
DA:279,0
DA:280,0
DA:281,0
DA:284,0
DA:285,0
DA:294,0
DA:295,0
DA:297,0
DA:300,0
DA:303,0
DA:305,0
DA:306,0
DA:309,0
DA:310,0
DA:311,0
DA:312,0
DA:315,0
DA:316,0
DA:317,0
DA:325,0
DA:326,0
DA:327,0
DA:330,0
DA:331,0
DA:333,0
DA:334,0
DA:335,0
DA:338,0
DA:339,0
DA:349,0
DA:350,0
DA:351,0
DA:354,0
DA:355,0
DA:358,0
DA:360,0
DA:361,0
DA:362,0
DA:363,0
DA:364,0
DA:365,0
DA:367,0
DA:379,0
DA:383,0
DA:385,0
DA:396,0
DA:399,0
DA:415,0
DA:418,0
DA:429,0
DA:432,0
DA:443,0
DA:446,0
DA:454,0
DA:457,0
DA:464,0
DA:466,0
DA:473,0
DA:474,0
DA:475,0
DA:478,0
DA:485,0
DA:493,0
DA:496,0
DA:497,0
DA:498,0
DA:501,0
DA:508,0
DA:509,0
DA:510,0
DA:519,0
DA:529,0
DA:532,0
DA:561,0
DA:563,0
DA:564,0
DA:565,0
DA:566,0
DA:569,0
DA:571,0
DA:572,0
DA:573,0
DA:574,0
DA:577,0
DA:578,0
DA:579,0
DA:580,0
DA:581,0
DA:585,0
DA:591,0
DA:592,0
DA:594,0
DA:599,0
DA:602,0
DA:610,0
DA:618,0
DA:626,0
DA:634,0
DA:636,0
DA:642,0
DA:645,0
DA:654,0
DA:726,0
DA:728,0
DA:729,0
DA:731,0
DA:751,0
DA:754,0
DA:756,0
DA:760,0
DA:762,0
DA:769,0
DA:772,0
DA:782,0
DA:792,0
DA:802,0
DA:812,0
DA:822,0
DA:823,0
DA:826,0
DA:828,0
DA:831,0
DA:832,0
DA:833,0
DA:837,0
DA:838,0
DA:839,0
DA:840,0
DA:841,0
DA:842,0
DA:844,0
DA:845,0
DA:846,0
DA:847,0
DA:849,0
DA:850,0
DA:851,0
DA:855,0
DA:856,0
DA:857,0
DA:859,0
DA:860,0
DA:861,0
DA:863,0
DA:864,0
DA:866,0
DA:867,0
DA:869,0
DA:870,0
DA:872,0
DA:876,0
DA:877,0
DA:878,0
DA:880,0
DA:881,0
DA:886,0
DA:887,0
LF:244
LH:0
BRDA:96,0,0,0
BRDA:125,1,0,0
BRDA:128,2,0,0
BRDA:155,3,0,0
BRDA:167,4,0,0
BRDA:178,5,0,0
BRDA:183,6,0,0
BRDA:192,7,0,0
BRDA:192,8,0,0
BRDA:192,8,1,0
BRDA:229,9,0,0
BRDA:229,9,1,0
BRDA:258,10,0,0
BRDA:263,11,0,0
BRDA:263,12,0,0
BRDA:263,12,1,0
BRDA:305,13,0,0
BRDA:305,13,1,0
BRDA:326,14,0,0
BRDA:331,15,0,0
BRDA:331,16,0,0
BRDA:331,16,1,0
BRDA:335,17,0,0
BRDA:335,17,1,0
BRDA:338,18,0,0
BRDA:350,19,0,0
BRDA:355,20,0,0
BRDA:355,20,1,0
BRDA:360,21,0,0
BRDA:361,22,0,0
BRDA:361,22,1,0
BRDA:383,23,0,0
BRDA:383,23,1,0
BRDA:383,23,2,0
BRDA:383,23,3,0
BRDA:383,23,4,0
BRDA:383,23,5,0
BRDA:474,24,0,0
BRDA:572,25,0,0
BRDA:577,26,0,0
BRDA:580,27,0,0
BRDA:580,28,0,0
BRDA:580,28,1,0
BRDA:588,29,0,0
BRDA:588,29,1,0
BRDA:849,30,0,0
BRDA:876,31,0,0
BRF:47
BRH:0
end_of_record
TN:
SF:src/examples/thin_orchestration_example.ts
FN:13,runThinOrchestrationExample
FN:79,(anonymous_1)
FN:108,runEventDrivenExample
FN:132,(anonymous_3)
FN:147,runBatchProcessingExample
FN:177,(anonymous_5)
FN:190,(anonymous_6)
FN:200,runStateBasedExample
FN:273,(anonymous_8)
FN:298,(anonymous_9)
FN:327,(anonymous_10)
FN:342,runPriorityDistributionExample
FN:422,(anonymous_12)
FN:429,(anonymous_13)
FN:437,(anonymous_14)
FN:450,runRealTimeEventExample
FN:485,(anonymous_16)
FN:523,(anonymous_17)
FN:536,(anonymous_18)
FN:544,main
FNF:20
FNH:0
FNDA:0,runThinOrchestrationExample
FNDA:0,(anonymous_1)
FNDA:0,runEventDrivenExample
FNDA:0,(anonymous_3)
FNDA:0,runBatchProcessingExample
FNDA:0,(anonymous_5)
FNDA:0,(anonymous_6)
FNDA:0,runStateBasedExample
FNDA:0,(anonymous_8)
FNDA:0,(anonymous_9)
FNDA:0,(anonymous_10)
FNDA:0,runPriorityDistributionExample
FNDA:0,(anonymous_12)
FNDA:0,(anonymous_13)
FNDA:0,(anonymous_14)
FNDA:0,runRealTimeEventExample
FNDA:0,(anonymous_16)
FNDA:0,(anonymous_17)
FNDA:0,(anonymous_18)
FNDA:0,main
DA:9,0
DA:11,0
DA:14,0
DA:17,0
DA:19,0
DA:21,0
DA:22,0
DA:25,0
DA:40,0
DA:41,0
DA:44,0
DA:67,0
DA:68,0
DA:69,0
DA:70,0
DA:71,0
DA:75,0
DA:76,0
DA:79,0
DA:82,0
DA:83,0
DA:84,0
DA:86,0
DA:87,0
DA:92,0
DA:93,0
DA:94,0
DA:97,0
DA:100,0
DA:101,0
DA:109,0
DA:111,0
DA:113,0
DA:114,0
DA:115,0
DA:118,0
DA:122,0
DA:129,0
DA:132,0
DA:133,0
DA:134,0
DA:135,0
DA:140,0
DA:148,0
DA:150,0
DA:152,0
DA:153,0
DA:154,0
DA:157,0
DA:158,0
DA:160,0
DA:161,0
DA:171,0
DA:174,0
DA:177,0
DA:178,0
DA:179,0
DA:181,0
DA:182,0
DA:183,0
DA:187,0
DA:190,0
DA:193,0
DA:201,0
DA:203,0
DA:204,0
DA:206,0
DA:207,0
DA:208,0
DA:211,0
DA:247,0
DA:248,0
DA:249,0
DA:250,0
DA:251,0
DA:255,0
DA:256,0
DA:259,0
DA:270,0
DA:273,0
DA:274,0
DA:276,0
DA:277,0
DA:280,0
DA:281,0
DA:284,0
DA:295,0
DA:298,0
DA:299,0
DA:300,0
DA:301,0
DA:302,0
DA:303,0
DA:306,0
DA:317,0
DA:324,0
DA:327,0
DA:328,0
DA:331,0
DA:332,0
DA:335,0
DA:343,0
DA:345,0
DA:347,0
DA:348,0
DA:349,0
DA:352,0
DA:388,0
DA:389,0
DA:390,0
DA:391,0
DA:392,0
DA:396,0
DA:405,0
DA:406,0
DA:407,0
DA:417,0
DA:418,0
DA:422,0
DA:423,0
DA:424,0
DA:427,0
DA:428,0
DA:429,0
DA:430,0
DA:434,0
DA:437,0
DA:438,0
DA:440,0
DA:443,0
DA:451,0
DA:453,0
DA:454,0
DA:456,0
DA:457,0
DA:458,0
DA:461,0
DA:473,0
DA:474,0
DA:477,0
DA:478,0
DA:479,0
DA:482,0
DA:483,0
DA:485,0
DA:486,0
DA:487,0
DA:488,0
DA:491,0
DA:492,0
DA:500,0
DA:512,0
DA:515,0
DA:516,0
DA:517,0
DA:519,0
DA:523,0
DA:524,0
DA:525,0
DA:527,0
DA:529,0
DA:530,0
DA:531,0
DA:536,0
DA:539,0
DA:545,0
DA:547,0
DA:548,0
DA:549,0
DA:550,0
DA:551,0
DA:552,0
DA:554,0
DA:559,0
DA:560,0
DA:561,0
DA:562,0
DA:563,0
DA:564,0
DA:568,0
DA:569,0
LF:181
LH:0
BRDA:86,0,0,0
BRDA:134,1,0,0
BRDA:181,2,0,0
BRDA:276,3,0,0
BRDA:276,4,0,0
BRDA:276,4,1,0
BRDA:300,5,0,0
BRDA:429,6,0,0
BRDA:429,6,1,0
BRDA:486,7,0,0
BRDA:515,8,0,0
BRDA:515,8,1,0
BRDA:516,9,0,0
BRDA:516,9,1,0
BRDA:524,10,0,0
BRDA:524,10,1,0
BRDA:525,11,0,0
BRDA:525,11,1,0
BRDA:529,12,0,0
BRDA:568,13,0,0
BRF:20
BRH:0
end_of_record
TN:
SF:src/utils/DataGenerationManager.ts
FN:25,(anonymous_9)
FN:44,(anonymous_10)
FN:149,(anonymous_11)
FN:241,(anonymous_12)
FN:292,(anonymous_13)
FN:321,(anonymous_14)
FN:371,(anonymous_15)
FN:378,(anonymous_16)
FN:384,(anonymous_17)
FN:390,(anonymous_18)
FN:438,(anonymous_19)
FN:484,(anonymous_20)
FNF:12
FNH:0
FNDA:0,(anonymous_9)
FNDA:0,(anonymous_10)
FNDA:0,(anonymous_11)
FNDA:0,(anonymous_12)
FNDA:0,(anonymous_13)
FNDA:0,(anonymous_14)
FNDA:0,(anonymous_15)
FNDA:0,(anonymous_16)
FNDA:0,(anonymous_17)
FNDA:0,(anonymous_18)
FNDA:0,(anonymous_19)
FNDA:0,(anonymous_20)
DA:1,0
DA:2,0
DA:3,0
DA:4,0
DA:11,0
DA:12,0
DA:13,0
DA:14,0
DA:15,0
DA:16,0
DA:26,0
DA:27,0
DA:28,0
DA:29,0
DA:32,0
DA:33,0
DA:58,0
DA:59,0
DA:62,0
DA:63,0
DA:64,0
DA:65,0
DA:67,0
DA:73,0
DA:74,0
DA:78,0
DA:79,0
DA:104,0
DA:107,0
DA:112,0
DA:115,0
DA:116,0
DA:117,0
DA:118,0
DA:119,0
DA:123,0
DA:124,0
DA:127,0
DA:130,0
DA:131,0
DA:134,0
DA:136,0
DA:138,0
DA:150,0
DA:151,0
DA:154,0
DA:155,0
DA:156,0
DA:157,0
DA:159,0
DA:164,0
DA:165,0
DA:167,0
DA:168,0
DA:196,0
DA:199,0
DA:204,0
DA:207,0
DA:208,0
DA:209,0
DA:210,0
DA:211,0
DA:215,0
DA:216,0
DA:219,0
DA:222,0
DA:223,0
DA:226,0
DA:228,0
DA:230,0
DA:242,0
DA:256,0
DA:268,0
DA:269,0
DA:271,0
DA:281,0
DA:282,0
DA:290,0
DA:291,0
DA:292,0
DA:296,0
DA:299,0
DA:304,0
DA:305,0
DA:307,0
DA:308,0
DA:311,0
DA:322,0
DA:323,0
DA:332,0
DA:335,0
DA:340,0
DA:343,0
DA:344,0
DA:345,0
DA:346,0
DA:347,0
DA:351,0
DA:352,0
DA:355,0
DA:356,0
DA:358,0
DA:360,0
DA:372,0
DA:377,0
DA:378,0
DA:386,0
DA:387,0
DA:388,0
DA:390,0
DA:392,0
DA:393,0
DA:394,0
DA:399,0
DA:401,0
DA:402,0
DA:404,0
DA:406,0
DA:409,0
DA:412,0
DA:422,0
DA:423,0
DA:425,0
DA:427,0
DA:431,0
DA:439,0
DA:440,0
DA:443,0
DA:445,0
DA:455,0
DA:457,0
DA:469,0
DA:486,0
DA:487,0
DA:489,0
DA:494,0
DA:497,0
DA:498,0
DA:504,0
LF:139
LH:0
BRDA:32,0,0,0
BRDA:44,1,0,0
BRDA:58,2,0,0
BRDA:58,2,1,0
BRDA:62,3,0,0
BRDA:62,4,0,0
BRDA:62,4,1,0
BRDA:62,4,2,0
BRDA:73,5,0,0
BRDA:104,6,0,0
BRDA:104,6,1,0
BRDA:112,7,0,0
BRDA:112,7,1,0
BRDA:116,8,0,0
BRDA:116,8,1,0
BRDA:118,9,0,0
BRDA:123,10,0,0
BRDA:130,11,0,0
BRDA:154,12,0,0
BRDA:154,13,0,0
BRDA:154,13,1,0
BRDA:196,14,0,0
BRDA:196,14,1,0
BRDA:204,15,0,0
BRDA:204,15,1,0
BRDA:208,16,0,0
BRDA:208,16,1,0
BRDA:210,17,0,0
BRDA:215,18,0,0
BRDA:222,19,0,0
BRDA:281,20,0,0
BRDA:296,21,0,0
BRDA:296,21,1,0
BRDA:304,22,0,0
BRDA:304,22,1,0
BRDA:332,23,0,0
BRDA:332,23,1,0
BRDA:340,24,0,0
BRDA:340,24,1,0
BRDA:344,25,0,0
BRDA:344,25,1,0
BRDA:346,26,0,0
BRDA:351,27,0,0
BRDA:377,28,0,0
BRDA:377,28,1,0
BRDA:384,29,0,0
BRDA:386,30,0,0
BRDA:386,30,1,0
BRDA:387,31,0,0
BRDA:387,31,1,0
BRDA:388,32,0,0
BRDA:388,32,1,0
BRDA:399,33,0,0
BRDA:399,33,1,0
BRDA:399,34,0,0
BRDA:399,34,1,0
BRDA:402,35,0,0
BRDA:402,35,1,0
BRDA:402,36,0,0
BRDA:402,36,1,0
BRDA:422,37,0,0
BRDA:422,37,1,0
BRDA:423,38,0,0
BRDA:423,38,1,0
BRDA:424,39,0,0
BRDA:424,39,1,0
BRDA:425,40,0,0
BRDA:425,41,0,0
BRDA:425,41,1,0
BRDA:427,42,0,0
BRDA:427,42,1,0
BRDA:428,43,0,0
BRDA:428,43,1,0
BRDA:443,44,0,0
BRDA:443,44,1,0
BRDA:443,45,0,0
BRDA:443,45,1,0
BRDA:455,46,0,0
BRDA:455,46,1,0
BRDA:455,47,0,0
BRDA:455,47,1,0
BRDA:486,48,0,0
BRDA:486,48,1,0
BRDA:487,49,0,0
BRDA:497,50,0,0
BRDA:497,51,0,0
BRDA:497,51,1,0
BRF:87
BRH:0
end_of_record
TN:
SF:src/utils/ProjectConfigGenerator.ts
FN:25,(anonymous_9)
FN:38,(anonymous_10)
FN:53,(anonymous_11)
FN:116,(anonymous_12)
FN:145,(anonymous_13)
FN:202,(anonymous_14)
FNF:6
FNH:0
FNDA:0,(anonymous_9)
FNDA:0,(anonymous_10)
FNDA:0,(anonymous_11)
FNDA:0,(anonymous_12)
FNDA:0,(anonymous_13)
FNDA:0,(anonymous_14)
DA:9,0
DA:10,0
DA:11,0
DA:16,0
DA:18,0
DA:19,0
DA:20,0
DA:26,0
DA:27,0
DA:30,0
DA:31,0
DA:39,0
DA:40,0
DA:42,0
DA:68,0
DA:69,0
DA:72,0
DA:73,0
DA:74,0
DA:75,0
DA:77,0
DA:82,0
DA:83,0
DA:84,0
DA:88,0
DA:91,0
DA:106,0
DA:107,0
DA:110,0
DA:117,0
DA:118,0
DA:126,0
DA:129,0
DA:134,0
DA:135,0
DA:137,0
DA:138,0
DA:149,0
DA:150,0
DA:162,0
DA:165,0
DA:170,0
DA:173,0
DA:174,0
DA:175,0
DA:176,0
DA:177,0
DA:181,0
DA:182,0
DA:185,0
DA:186,0
DA:191,0
DA:192,0
DA:203,0
DA:204,0
DA:205,0
DA:206,0
DA:209,0
DA:212,0
DA:213,0
DA:214,0
DA:217,0
DA:221,0
DA:222,0
DA:225,0
DA:233,0
DA:234,0
LF:67
LH:0
BRDA:30,0,0,0
BRDA:39,1,0,0
BRDA:56,2,0,0
BRDA:68,3,0,0
BRDA:68,3,1,0
BRDA:72,4,0,0
BRDA:72,5,0,0
BRDA:72,5,1,0
BRDA:72,5,2,0
BRDA:83,6,0,0
BRDA:94,7,0,0
BRDA:94,7,1,0
BRDA:95,8,0,0
BRDA:95,8,1,0
BRDA:97,9,0,0
BRDA:97,9,1,0
BRDA:97,9,2,0
BRDA:98,10,0,0
BRDA:98,10,1,0
BRDA:99,11,0,0
BRDA:99,11,1,0
BRDA:100,12,0,0
BRDA:100,12,1,0
BRDA:101,13,0,0
BRDA:101,13,1,0
BRDA:106,14,0,0
BRDA:126,15,0,0
BRDA:126,15,1,0
BRDA:134,16,0,0
BRDA:134,16,1,0
BRDA:162,17,0,0
BRDA:162,17,1,0
BRDA:170,18,0,0
BRDA:170,18,1,0
BRDA:174,19,0,0
BRDA:174,19,1,0
BRDA:176,20,0,0
BRDA:181,21,0,0
BRDA:204,22,0,0
BRF:39
BRH:0
end_of_record
TN:
SF:src/utils/exampleConfigGenerator.ts
FN:16,main
FN:139,(anonymous_10)
FNF:2
FNH:0
FNDA:0,main
FNDA:0,(anonymous_10)
DA:8,0
DA:9,0
DA:10,0
DA:11,0
DA:14,0
DA:18,0
DA:19,0
DA:20,0
DA:21,0
DA:25,0
DA:27,0
DA:28,0
DA:31,0
DA:34,0
DA:43,0
DA:45,0
DA:46,0
DA:49,0
DA:50,0
DA:51,0
DA:54,0
DA:55,0
DA:62,0
DA:63,0
DA:72,0
DA:73,0
DA:75,0
DA:80,0
DA:83,0
DA:84,0
DA:86,0
DA:129,0
DA:132,0
DA:139,0
DA:140,0
DA:141,0
LF:36
LH:0
BRDA:19,0,0,0
BRF:1
BRH:0
end_of_record
TN:
SF:src/utils/exampleDataGenerationUsage.ts
FN:16,main
FN:62,runWithContext
FN:90,(anonymous_11)
FN:127,(anonymous_12)
FNF:4
FNH:0
FNDA:0,main
FNDA:0,runWithContext
FNDA:0,(anonymous_11)
FNDA:0,(anonymous_12)
DA:8,0
DA:9,0
DA:10,0
DA:11,0
DA:14,0
DA:18,0
DA:20,0
DA:21,0
DA:24,0
DA:31,0
DA:32,0
DA:35,0
DA:42,0
DA:43,0
DA:46,0
DA:53,0
DA:54,0
DA:56,0
DA:64,0
DA:71,0
DA:72,0
DA:73,0
DA:74,0
DA:77,0
DA:78,0
DA:79,0
DA:83,0
DA:84,0
DA:88,0
DA:89,0
DA:90,0
DA:92,0
DA:93,0
DA:96,0
DA:97,0
DA:101,0
DA:102,0
DA:105,0
DA:106,0
DA:108,0
DA:113,0
DA:118,0
DA:123,0
DA:127,0
DA:128,0
DA:129,0
LF:46
LH:0
BRDA:65,0,0,0
BRDA:65,0,1,0
BRDA:77,1,0,0
BRF:3
BRH:0
end_of_record
TN:
SF:src/utils/internationalization/i18n.ts
FN:48,(anonymous_0)
FN:56,(anonymous_1)
FN:69,(anonymous_2)
FN:201,(anonymous_3)
FN:209,(anonymous_4)
FN:220,(anonymous_5)
FN:227,(anonymous_6)
FN:234,(anonymous_7)
FN:246,(anonymous_8)
FN:258,(anonymous_9)
FN:303,(anonymous_10)
FN:326,(anonymous_11)
FN:339,(anonymous_12)
FN:354,(anonymous_13)
FN:368,(anonymous_14)
FN:387,(anonymous_15)
FN:400,(anonymous_16)
FN:407,(anonymous_17)
FN:426,(anonymous_18)
FN:438,(anonymous_19)
FN:442,(anonymous_20)
FN:443,(anonymous_21)
FN:448,(anonymous_22)
FN:455,(anonymous_23)
FN:459,(anonymous_24)
FNF:25
FNH:0
FNDA:0,(anonymous_0)
FNDA:0,(anonymous_1)
FNDA:0,(anonymous_2)
FNDA:0,(anonymous_3)
FNDA:0,(anonymous_4)
FNDA:0,(anonymous_5)
FNDA:0,(anonymous_6)
FNDA:0,(anonymous_7)
FNDA:0,(anonymous_8)
FNDA:0,(anonymous_9)
FNDA:0,(anonymous_10)
FNDA:0,(anonymous_11)
FNDA:0,(anonymous_12)
FNDA:0,(anonymous_13)
FNDA:0,(anonymous_14)
FNDA:0,(anonymous_15)
FNDA:0,(anonymous_16)
FNDA:0,(anonymous_17)
FNDA:0,(anonymous_18)
FNDA:0,(anonymous_19)
FNDA:0,(anonymous_20)
FNDA:0,(anonymous_21)
FNDA:0,(anonymous_22)
FNDA:0,(anonymous_23)
FNDA:0,(anonymous_24)
DA:40,0
DA:42,0
DA:43,0
DA:44,0
DA:45,0
DA:46,0
DA:49,0
DA:50,0
DA:53,0
DA:57,0
DA:58,0
DA:59,0
DA:61,0
DA:63,0
DA:70,0
DA:201,0
DA:202,0
DA:210,0
DA:211,0
DA:213,0
DA:214,0
DA:221,0
DA:228,0
DA:235,0
DA:236,0
DA:237,0
DA:238,0
DA:240,0
DA:247,0
DA:248,0
DA:251,0
DA:252,0
DA:259,0
DA:260,0
DA:263,0
DA:264,0
DA:267,0
DA:268,0
DA:269,0
DA:272,0
DA:275,0
DA:276,0
DA:277,0
DA:278,0
DA:282,0
DA:284,0
DA:288,0
DA:289,0
DA:293,0
DA:294,0
DA:297,0
DA:304,0
DA:305,0
DA:308,0
DA:309,0
DA:310,0
DA:313,0
DA:316,0
DA:317,0
DA:320,0
DA:327,0
DA:328,0
DA:330,0
DA:340,0
DA:341,0
DA:343,0
DA:355,0
DA:356,0
DA:358,0
DA:369,0
DA:370,0
DA:372,0
DA:377,0
DA:378,0
DA:381,0
DA:388,0
DA:389,0
DA:391,0
DA:392,0
DA:394,0
DA:401,0
DA:413,0
DA:414,0
DA:415,0
DA:418,0
DA:427,0
DA:428,0
DA:430,0
DA:431,0
DA:432,0
DA:433,0
DA:439,0
DA:443,0
DA:444,0
DA:450,0
DA:451,0
DA:452,0
DA:456,0
DA:462,0
DA:467,0
LF:100
LH:0
BRDA:57,0,0,0
BRDA:58,1,0,0
BRDA:210,2,0,0
BRDA:235,3,0,0
BRDA:235,3,1,0
BRDA:237,4,0,0
BRDA:247,5,0,0
BRDA:259,6,0,0
BRDA:259,6,1,0
BRDA:263,7,0,0
BRDA:263,8,0,0
BRDA:263,8,1,0
BRDA:268,9,0,0
BRDA:275,10,0,0
BRDA:275,11,0,0
BRDA:275,11,1,0
BRDA:277,12,0,0
BRDA:282,13,0,0
BRDA:288,14,0,0
BRDA:288,15,0,0
BRDA:288,15,1,0
BRDA:293,16,0,0
BRDA:304,17,0,0
BRDA:308,18,0,0
BRDA:308,18,1,0
BRDA:316,19,0,0
BRDA:316,20,0,0
BRDA:316,20,1,0
BRDA:327,21,0,0
BRDA:327,21,1,0
BRDA:340,22,0,0
BRDA:340,22,1,0
BRDA:355,23,0,0
BRDA:355,23,1,0
BRDA:369,24,0,0
BRDA:369,24,1,0
BRDA:377,25,0,0
BRDA:388,26,0,0
BRDA:388,26,1,0
BRDA:426,27,0,0
BRDA:428,28,0,0
BRDA:428,28,1,0
BRDA:430,29,0,0
BRDA:430,29,1,0
BRDA:432,30,0,0
BRDA:444,31,0,0
BRDA:444,31,1,0
BRDA:450,32,0,0
BRDA:451,33,0,0
BRF:49
BRH:0
end_of_record
TN:
SF:src/utils/visualization/workflowVisualizer.ts
FN:15,generateWorkflowDOT
FN:56,(anonymous_10)
FN:71,generateWorkflowMermaid
FN:110,(anonymous_12)
FN:127,generateWorkflowSummary
FN:128,(anonymous_14)
FN:129,(anonymous_15)
FN:130,(anonymous_16)
FN:131,(anonymous_17)
FN:132,(anonymous_18)
FN:133,(anonymous_19)
FN:228,generateWorkflowHTML
FN:318,(anonymous_21)
FN:319,(anonymous_22)
FN:320,(anonymous_23)
FN:321,(anonymous_24)
FN:322,(anonymous_25)
FN:323,(anonymous_26)
FN:328,(anonymous_27)
FN:329,(anonymous_28)
FN:334,(anonymous_29)
FN:335,(anonymous_30)
FN:338,(anonymous_31)
FN:351,(anonymous_32)
FN:381,createWorkflowVisualization
FNF:25
FNH:0
FNDA:0,generateWorkflowDOT
FNDA:0,(anonymous_10)
FNDA:0,generateWorkflowMermaid
FNDA:0,(anonymous_12)
FNDA:0,generateWorkflowSummary
FNDA:0,(anonymous_14)
FNDA:0,(anonymous_15)
FNDA:0,(anonymous_16)
FNDA:0,(anonymous_17)
FNDA:0,(anonymous_18)
FNDA:0,(anonymous_19)
FNDA:0,generateWorkflowHTML
FNDA:0,(anonymous_21)
FNDA:0,(anonymous_22)
FNDA:0,(anonymous_23)
FNDA:0,(anonymous_24)
FNDA:0,(anonymous_25)
FNDA:0,(anonymous_26)
FNDA:0,(anonymous_27)
FNDA:0,(anonymous_28)
FNDA:0,(anonymous_29)
FNDA:0,(anonymous_30)
FNDA:0,(anonymous_31)
FNDA:0,(anonymous_32)
FNDA:0,createWorkflowVisualization
DA:8,0
DA:9,0
DA:10,0
DA:15,0
DA:16,0
DA:17,0
DA:18,0
DA:19,0
DA:22,0
DA:23,0
DA:25,0
DA:27,0
DA:28,0
DA:30,0
DA:31,0
DA:33,0
DA:34,0
DA:36,0
DA:37,0
DA:39,0
DA:40,0
DA:43,0
DA:47,0
DA:50,0
DA:53,0
DA:54,0
DA:55,0
DA:56,0
DA:57,0
DA:58,0
DA:64,0
DA:65,0
DA:71,0
DA:72,0
DA:75,0
DA:76,0
DA:80,0
DA:81,0
DA:83,0
DA:84,0
DA:86,0
DA:87,0
DA:89,0
DA:90,0
DA:92,0
DA:93,0
DA:95,0
DA:96,0
DA:98,0
DA:101,0
DA:102,0
DA:103,0
DA:107,0
DA:108,0
DA:109,0
DA:110,0
DA:111,0
DA:112,0
DA:113,0
DA:114,0
DA:120,0
DA:121,0
DA:127,0
DA:128,0
DA:129,0
DA:130,0
DA:131,0
DA:132,0
DA:133,0
DA:135,0
DA:136,0
DA:137,0
DA:138,0
DA:139,0
DA:141,0
DA:142,0
DA:143,0
DA:144,0
DA:146,0
DA:147,0
DA:148,0
DA:151,0
DA:152,0
DA:153,0
DA:158,0
DA:160,0
DA:162,0
DA:163,0
DA:164,0
DA:165,0
DA:166,0
DA:168,0
DA:169,0
DA:172,0
DA:173,0
DA:174,0
DA:175,0
DA:178,0
DA:179,0
DA:180,0
DA:181,0
DA:182,0
DA:183,0
DA:184,0
DA:185,0
DA:187,0
DA:188,0
DA:189,0
DA:191,0
DA:192,0
DA:195,0
DA:196,0
DA:200,0
DA:201,0
DA:202,0
DA:206,0
DA:207,0
DA:208,0
DA:209,0
DA:211,0
DA:212,0
DA:215,0
DA:216,0
DA:219,0
DA:222,0
DA:228,0
DA:229,0
DA:231,0
DA:318,0
DA:319,0
DA:320,0
DA:321,0
DA:322,0
DA:323,0
DA:328,0
DA:329,0
DA:335,0
DA:336,0
DA:338,0
DA:339,0
DA:341,0
DA:352,0
DA:356,0
DA:381,0
DA:386,0
DA:389,0
DA:390,0
DA:391,0
DA:394,0
DA:395,0
DA:396,0
DA:399,0
DA:400,0
DA:401,0
DA:403,0
LF:155
LH:0
BRDA:25,0,0,0
BRDA:25,0,1,0
BRDA:25,0,2,0
BRDA:25,0,3,0
BRDA:25,0,4,0
BRDA:43,1,0,0
BRDA:43,1,1,0
BRDA:43,2,0,0
BRDA:43,2,1,0
BRDA:54,3,0,0
BRDA:57,4,0,0
BRDA:76,5,0,0
BRDA:76,5,1,0
BRDA:76,6,0,0
BRDA:76,6,1,0
BRDA:81,7,0,0
BRDA:81,7,1,0
BRDA:81,7,2,0
BRDA:81,7,3,0
BRDA:81,7,4,0
BRDA:81,7,5,0
BRDA:108,8,0,0
BRDA:111,9,0,0
BRDA:142,10,0,0
BRDA:142,11,0,0
BRDA:142,11,1,0
BRDA:146,12,0,0
BRDA:151,13,0,0
BRDA:158,14,0,0
BRDA:158,14,1,0
BRDA:165,15,0,0
BRDA:165,15,1,0
BRDA:168,16,0,0
BRDA:172,17,0,0
BRDA:187,18,0,0
BRDA:191,19,0,0
BRDA:195,20,0,0
BRDA:195,21,0,0
BRDA:195,21,1,0
BRDA:202,22,0,0
BRDA:202,22,1,0
BRDA:202,23,0,0
BRDA:202,23,1,0
BRDA:211,24,0,0
BRDA:211,25,0,0
BRDA:211,25,1,0
BRDA:215,26,0,0
BRDA:299,27,0,0
BRDA:299,27,1,0
BRDA:301,28,0,0
BRDA:301,28,1,0
BRDA:302,29,0,0
BRDA:302,29,1,0
BRDA:303,30,0,0
BRDA:303,30,1,0
BRDA:303,31,0,0
BRDA:303,31,1,0
BRDA:328,32,0,0
BRDA:328,32,1,0
BRDA:329,33,0,0
BRDA:329,33,1,0
BRDA:335,34,0,0
BRDA:335,34,1,0
BRDA:335,34,2,0
BRDA:336,35,0,0
BRDA:352,36,0,0
BRDA:352,36,1,0
BRDA:352,37,0,0
BRDA:352,37,1,0
BRDA:362,38,0,0
BRDA:362,38,1,0
BRDA:362,39,0,0
BRDA:362,39,1,0
BRDA:364,40,0,0
BRDA:364,40,1,0
BRF:75
BRH:0
end_of_record
